787  [main] INFO  repository.Application - Starting Application on pr153107.univ-rennes1.fr with PID 14046 (/Users/marinebrenet/Documents/metadata-repository/target/classes started by marinebrenet in /Users/marinebrenet/Documents/metadata-repository)
790  [main] INFO  repository.Application - No active profile set, falling back to default profiles: default
849  [main] INFO  o.s.b.w.s.c.AnnotationConfigServletWebServerApplicationContext - Refreshing org.springframework.boot.web.servlet.context.AnnotationConfigServletWebServerApplicationContext@134e9620: startup date [Mon Mar 11 11:11:33 CET 2019]; root of context hierarchy
2036 [main] INFO  o.s.b.f.a.AutowiredAnnotationBeanPostProcessor - JSR-330 'javax.inject.Inject' annotation found and supported for autowiring
2475 [main] INFO  o.s.b.w.e.tomcat.TomcatWebServer - Tomcat initialized with port(s): 8090 (http)
2494 [main] INFO  o.a.coyote.http11.Http11NioProtocol - Initializing ProtocolHandler ["http-nio-8090"]
2506 [main] INFO  o.a.catalina.core.StandardService - Starting service [Tomcat]
2506 [main] INFO  o.a.catalina.core.StandardEngine - Starting Servlet Engine: Apache Tomcat/8.5.28
2519 [localhost-startStop-1] INFO  o.a.c.core.AprLifecycleListener - The APR based Apache Tomcat Native library which allows optimal performance in production environments was not found on the java.library.path: [/Users/marinebrenet/Library/Java/Extensions:/Library/Java/Extensions:/Network/Library/Java/Extensions:/System/Library/Java/Extensions:/usr/lib/java:.]
2630 [localhost-startStop-1] INFO  o.a.c.c.C.[Tomcat].[localhost].[/] - Initializing Spring embedded WebApplicationContext
2634 [localhost-startStop-1] INFO  o.s.web.context.ContextLoader - Root WebApplicationContext: initialization completed in 1788 ms
2803 [localhost-startStop-1] INFO  o.s.b.w.s.ServletRegistrationBean - Servlet dispatcherServlet mapped to [/]
2809 [localhost-startStop-1] INFO  o.s.b.w.s.FilterRegistrationBean - Mapping filter: 'characterEncodingFilter' to: [/*]
2809 [localhost-startStop-1] INFO  o.s.b.w.s.FilterRegistrationBean - Mapping filter: 'hiddenHttpMethodFilter' to: [/*]
2810 [localhost-startStop-1] INFO  o.s.b.w.s.FilterRegistrationBean - Mapping filter: 'httpPutFormContentFilter' to: [/*]
2810 [localhost-startStop-1] INFO  o.s.b.w.s.FilterRegistrationBean - Mapping filter: 'requestContextFilter' to: [/*]
3435 [main] INFO  o.s.w.s.m.m.a.RequestMappingHandlerMapping - Mapped "{[/test],methods=[POST]}" onto public java.lang.String repository.ImportController.test()
3436 [main] INFO  o.s.w.s.m.m.a.RequestMappingHandlerMapping - Mapped "{[/testAskomics],methods=[GET]}" onto public java.lang.String repository.ImportController.testAbstractionAskomics()
3437 [main] INFO  o.s.w.s.m.m.a.RequestMappingHandlerMapping - Mapped "{[/importDicomMetadata],methods=[POST]}" onto public org.springframework.http.ResponseEntity<java.lang.String> repository.ImportController.importDicomMetadata(java.lang.String)
3438 [main] INFO  o.s.w.s.m.m.a.RequestMappingHandlerMapping - Mapped "{[/getMimeTypeDataFormat],methods=[GET]}" onto public org.springframework.http.ResponseEntity<java.lang.String> repository.ImportController.getMimeTypeDataFormat(java.lang.String)
3439 [main] INFO  o.s.w.s.m.m.a.RequestMappingHandlerMapping - Mapped "{[/getResearchStudies],methods=[GET],produces=[application/json]}" onto public org.springframework.http.ResponseEntity<java.lang.String> repository.ImportController.getResearchStudies()
3440 [main] INFO  o.s.w.s.m.m.a.RequestMappingHandlerMapping - Mapped "{[/getXSDfilesName],methods=[GET],produces=[application/json]}" onto public java.lang.String repository.ImportController.getXSDfilesName()
3440 [main] INFO  o.s.w.s.m.m.a.RequestMappingHandlerMapping - Mapped "{[/getXSD],methods=[GET],produces=[text/xml]}" onto public java.lang.String repository.ImportController.getXSD(java.lang.String)
3441 [main] INFO  o.s.w.s.m.m.a.RequestMappingHandlerMapping - Mapped "{[/getRequestList],methods=[GET],produces=[application/json]}" onto public java.lang.String repository.ImportController.getRequestList() throws org.json.JSONException
3441 [main] INFO  o.s.w.s.m.m.a.RequestMappingHandlerMapping - Mapped "{[/validateDicomFileSetDescriptor],methods=[POST],produces=[text/xml || application/json]}" onto public org.springframework.http.ResponseEntity<java.lang.String> repository.ImportController.validateDicomFileSetDescriptor(java.lang.String)
3442 [main] INFO  o.s.w.s.m.m.a.RequestMappingHandlerMapping - Mapped "{[/validateNonDicomFileSetDescriptor],methods=[POST],produces=[text/xml || application/json]}" onto public org.springframework.http.ResponseEntity<java.lang.String> repository.ImportController.validateNonDicomFileSetDescriptor(java.lang.String) throws org.xml.sax.SAXException,java.io.IOException
3443 [main] INFO  o.s.w.s.m.m.a.RequestMappingHandlerMapping - Mapped "{[/requestFromList],methods=[GET],produces=[text/xml || application/sparql-results+json]}" onto public org.springframework.http.ResponseEntity<java.lang.String> repository.ImportController.requestFromList(java.lang.String) throws org.openrdf.query.TupleQueryResultHandlerException,org.openrdf.query.QueryEvaluationException,com.complexible.stardog.StardogException,org.openrdf.query.resultio.UnsupportedQueryResultFormatException,java.io.IOException
3443 [main] INFO  o.s.w.s.m.m.a.RequestMappingHandlerMapping - Mapped "{[/testRequestControle],methods=[GET],produces=[text/xml]}" onto public java.lang.String repository.ImportController.TestRequestControle(java.util.Map<java.lang.String, java.lang.String>) throws org.openrdf.query.TupleQueryResultHandlerException,org.openrdf.query.QueryEvaluationException,org.openrdf.query.resultio.UnsupportedQueryResultFormatException,java.io.IOException
3444 [main] INFO  o.s.w.s.m.m.a.RequestMappingHandlerMapping - Mapped "{[/testReturnReq],methods=[GET],produces=[text/xml]}" onto public org.springframework.http.ResponseEntity<java.lang.String> repository.ImportController.RequeteTestReturn(java.lang.String)
3445 [main] INFO  o.s.w.s.m.m.a.RequestMappingHandlerMapping - Mapped "{[/importDicomFileSetDescriptor],methods=[POST],produces=[text/xml]}" onto public org.springframework.http.ResponseEntity<java.lang.String> repository.ImportController.importDicomData(javaXSDclass.DicomFileSetDescriptor,java.lang.String)
3445 [main] INFO  o.s.w.s.m.m.a.RequestMappingHandlerMapping - Mapped "{[/importNonDicomFileSetDescriptor],methods=[POST],produces=[text/xml]}" onto public org.springframework.http.ResponseEntity<java.lang.String> repository.ImportController.importNonDicomData(javaXSDclass.NonDicomFileSetDescriptor,java.lang.String)
3446 [main] INFO  o.s.w.s.m.m.a.RequestMappingHandlerMapping - Mapped "{[/downloadDatasFromStarDog],methods=[GET],produces=[text/rdf]}" onto public org.springframework.core.io.FileSystemResource repository.ImportController.downloadStarDogDatabase(java.lang.String) throws java.io.FileNotFoundException
3446 [main] INFO  o.s.w.s.m.m.a.RequestMappingHandlerMapping - Mapped "{[/shutDownServer],methods=[GET],produces=[text/xml]}" onto public void repository.ImportController.shutDownServer()
3447 [main] INFO  o.s.w.s.m.m.a.RequestMappingHandlerMapping - Mapped "{[/addRequest],methods=[GET],produces=[text/xml]}" onto public void repository.ImportController.addRequest(java.lang.String,java.lang.String,java.lang.String,java.lang.String)
3448 [main] INFO  o.s.w.s.m.m.a.RequestMappingHandlerMapping - Mapped "{[/deleteRequest],methods=[GET],produces=[text/xml]}" onto public void repository.ImportController.deleteRequest(java.lang.String)
3448 [main] INFO  o.s.w.s.m.m.a.RequestMappingHandlerMapping - Mapped "{[/downloadRequests],methods=[GET],produces=[text/xml]}" onto public java.lang.String repository.ImportController.downloadRequests()
3456 [main] INFO  o.s.w.s.m.m.a.RequestMappingHandlerMapping - Mapped "{[/swagger-resources/configuration/security]}" onto public org.springframework.http.ResponseEntity<springfox.documentation.swagger.web.SecurityConfiguration> springfox.documentation.swagger.web.ApiResourceController.securityConfiguration()
3458 [main] INFO  o.s.w.s.m.m.a.RequestMappingHandlerMapping - Mapped "{[/swagger-resources/configuration/ui]}" onto public org.springframework.http.ResponseEntity<springfox.documentation.swagger.web.UiConfiguration> springfox.documentation.swagger.web.ApiResourceController.uiConfiguration()
3459 [main] INFO  o.s.w.s.m.m.a.RequestMappingHandlerMapping - Mapped "{[/swagger-resources]}" onto public org.springframework.http.ResponseEntity<java.util.List<springfox.documentation.swagger.web.SwaggerResource>> springfox.documentation.swagger.web.ApiResourceController.swaggerResources()
3467 [main] INFO  o.s.w.s.m.m.a.RequestMappingHandlerMapping - Mapped "{[/error]}" onto public org.springframework.http.ResponseEntity<java.util.Map<java.lang.String, java.lang.Object>> org.springframework.boot.autoconfigure.web.servlet.error.BasicErrorController.error(javax.servlet.http.HttpServletRequest)
3468 [main] INFO  o.s.w.s.m.m.a.RequestMappingHandlerMapping - Mapped "{[/error],produces=[text/html]}" onto public org.springframework.web.servlet.ModelAndView org.springframework.boot.autoconfigure.web.servlet.error.BasicErrorController.errorHtml(javax.servlet.http.HttpServletRequest,javax.servlet.http.HttpServletResponse)
3686 [main] INFO  s.d.s.w.PropertySourcedRequestMappingHandlerMapping - Mapped URL path [/v2/api-docs] onto method [public org.springframework.http.ResponseEntity<springfox.documentation.spring.web.json.Json> springfox.documentation.swagger2.web.Swagger2Controller.getDocumentation(java.lang.String,javax.servlet.http.HttpServletRequest)]
4004 [main] INFO  o.s.w.s.m.m.a.RequestMappingHandlerAdapter - Looking for @ControllerAdvice: org.springframework.boot.web.servlet.context.AnnotationConfigServletWebServerApplicationContext@134e9620: startup date [Mon Mar 11 11:11:33 CET 2019]; root of context hierarchy
4117 [main] INFO  o.s.w.s.h.SimpleUrlHandlerMapping - Mapped URL path [/webjars/**] onto handler of type [class org.springframework.web.servlet.resource.ResourceHttpRequestHandler]
4117 [main] INFO  o.s.w.s.h.SimpleUrlHandlerMapping - Mapped URL path [/**] onto handler of type [class org.springframework.web.servlet.resource.ResourceHttpRequestHandler]
4191 [main] INFO  o.s.w.s.h.SimpleUrlHandlerMapping - Mapped URL path [/**/favicon.ico] onto handler of type [class org.springframework.web.servlet.resource.ResourceHttpRequestHandler]
4491 [main] INFO  o.s.j.e.a.AnnotationMBeanExporter - Registering beans for JMX exposure on startup
4505 [main] INFO  o.s.c.s.DefaultLifecycleProcessor - Starting beans in phase 2147483647
4505 [main] INFO  s.d.s.w.p.DocumentationPluginsBootstrapper - Context refreshed
4555 [main] INFO  s.d.s.w.p.DocumentationPluginsBootstrapper - Found 1 custom documentation plugin(s)
4612 [main] INFO  s.d.s.w.s.ApiListingReferenceScanner - Scanning for api listing references
5194 [main] INFO  o.a.coyote.http11.Http11NioProtocol - Starting ProtocolHandler ["http-nio-8090"]
5215 [main] INFO  o.a.tomcat.util.net.NioSelectorPool - Using a shared selector for servlet write/read
5236 [main] INFO  o.s.b.w.e.tomcat.TomcatWebServer - Tomcat started on port(s): 8090 (http) with context path ''
5241 [main] INFO  repository.Application - Started Application in 4.783 seconds (JVM running for 11.796)
5245 [main] INFO  repository.Application - pacsUrl : localhost:8081
5246 [main] INFO  repository.Application - starDogUrl : http://localhost:5820
5246 [main] INFO  repository.Application - pathOntology : OntoMedirad/ontoMedirad.owl
5246 [main] INFO  repository.Application - fhirUrl : http://localhost:8080
7927 [main] INFO  repository.Application - Semantic Translator is ready
684  [main] INFO  repository.Application - Starting Application on pr153107.univ-rennes1.fr with PID 14100 (/Users/marinebrenet/Documents/metadata-repository/target/classes started by marinebrenet in /Users/marinebrenet/Documents/metadata-repository)
686  [main] INFO  repository.Application - No active profile set, falling back to default profiles: default
732  [main] INFO  o.s.b.w.s.c.AnnotationConfigServletWebServerApplicationContext - Refreshing org.springframework.boot.web.servlet.context.AnnotationConfigServletWebServerApplicationContext@45609b0e: startup date [Mon Mar 11 11:14:18 CET 2019]; root of context hierarchy
1784 [main] INFO  o.s.b.f.a.AutowiredAnnotationBeanPostProcessor - JSR-330 'javax.inject.Inject' annotation found and supported for autowiring
2184 [main] INFO  o.s.b.w.e.tomcat.TomcatWebServer - Tomcat initialized with port(s): 8090 (http)
2199 [main] INFO  o.a.coyote.http11.Http11NioProtocol - Initializing ProtocolHandler ["http-nio-8090"]
2210 [main] INFO  o.a.catalina.core.StandardService - Starting service [Tomcat]
2210 [main] INFO  o.a.catalina.core.StandardEngine - Starting Servlet Engine: Apache Tomcat/8.5.28
2220 [localhost-startStop-1] INFO  o.a.c.core.AprLifecycleListener - The APR based Apache Tomcat Native library which allows optimal performance in production environments was not found on the java.library.path: [/Users/marinebrenet/Library/Java/Extensions:/Library/Java/Extensions:/Network/Library/Java/Extensions:/System/Library/Java/Extensions:/usr/lib/java:.]
2317 [localhost-startStop-1] INFO  o.a.c.c.C.[Tomcat].[localhost].[/] - Initializing Spring embedded WebApplicationContext
2317 [localhost-startStop-1] INFO  o.s.web.context.ContextLoader - Root WebApplicationContext: initialization completed in 1589 ms
2486 [localhost-startStop-1] INFO  o.s.b.w.s.ServletRegistrationBean - Servlet dispatcherServlet mapped to [/]
2491 [localhost-startStop-1] INFO  o.s.b.w.s.FilterRegistrationBean - Mapping filter: 'characterEncodingFilter' to: [/*]
2491 [localhost-startStop-1] INFO  o.s.b.w.s.FilterRegistrationBean - Mapping filter: 'hiddenHttpMethodFilter' to: [/*]
2491 [localhost-startStop-1] INFO  o.s.b.w.s.FilterRegistrationBean - Mapping filter: 'httpPutFormContentFilter' to: [/*]
2491 [localhost-startStop-1] INFO  o.s.b.w.s.FilterRegistrationBean - Mapping filter: 'requestContextFilter' to: [/*]
3030 [main] INFO  o.s.w.s.m.m.a.RequestMappingHandlerMapping - Mapped "{[/test],methods=[POST]}" onto public java.lang.String repository.ImportController.test()
3031 [main] INFO  o.s.w.s.m.m.a.RequestMappingHandlerMapping - Mapped "{[/getXSDfilesName],methods=[GET],produces=[application/json]}" onto public java.lang.String repository.ImportController.getXSDfilesName()
3032 [main] INFO  o.s.w.s.m.m.a.RequestMappingHandlerMapping - Mapped "{[/getXSD],methods=[GET],produces=[text/xml]}" onto public java.lang.String repository.ImportController.getXSD(java.lang.String)
3032 [main] INFO  o.s.w.s.m.m.a.RequestMappingHandlerMapping - Mapped "{[/getMimeTypeDataFormat],methods=[GET]}" onto public org.springframework.http.ResponseEntity<java.lang.String> repository.ImportController.getMimeTypeDataFormat(java.lang.String)
3033 [main] INFO  o.s.w.s.m.m.a.RequestMappingHandlerMapping - Mapped "{[/getResearchStudies],methods=[GET],produces=[application/json]}" onto public org.springframework.http.ResponseEntity<java.lang.String> repository.ImportController.getResearchStudies()
3033 [main] INFO  o.s.w.s.m.m.a.RequestMappingHandlerMapping - Mapped "{[/getRequestList],methods=[GET],produces=[application/json]}" onto public java.lang.String repository.ImportController.getRequestList() throws org.json.JSONException
3033 [main] INFO  o.s.w.s.m.m.a.RequestMappingHandlerMapping - Mapped "{[/validateDicomFileSetDescriptor],methods=[POST],produces=[text/xml || application/json]}" onto public org.springframework.http.ResponseEntity<java.lang.String> repository.ImportController.validateDicomFileSetDescriptor(java.lang.String)
3034 [main] INFO  o.s.w.s.m.m.a.RequestMappingHandlerMapping - Mapped "{[/validateNonDicomFileSetDescriptor],methods=[POST],produces=[text/xml || application/json]}" onto public org.springframework.http.ResponseEntity<java.lang.String> repository.ImportController.validateNonDicomFileSetDescriptor(java.lang.String) throws org.xml.sax.SAXException,java.io.IOException
3034 [main] INFO  o.s.w.s.m.m.a.RequestMappingHandlerMapping - Mapped "{[/requestFromList],methods=[GET],produces=[text/xml || application/sparql-results+json]}" onto public org.springframework.http.ResponseEntity<java.lang.String> repository.ImportController.requestFromList(java.lang.String) throws org.openrdf.query.TupleQueryResultHandlerException,org.openrdf.query.QueryEvaluationException,com.complexible.stardog.StardogException,org.openrdf.query.resultio.UnsupportedQueryResultFormatException,java.io.IOException
3035 [main] INFO  o.s.w.s.m.m.a.RequestMappingHandlerMapping - Mapped "{[/testRequestControle],methods=[GET],produces=[text/xml]}" onto public java.lang.String repository.ImportController.TestRequestControle(java.util.Map<java.lang.String, java.lang.String>) throws org.openrdf.query.TupleQueryResultHandlerException,org.openrdf.query.QueryEvaluationException,org.openrdf.query.resultio.UnsupportedQueryResultFormatException,java.io.IOException
3035 [main] INFO  o.s.w.s.m.m.a.RequestMappingHandlerMapping - Mapped "{[/testReturnReq],methods=[GET],produces=[text/xml]}" onto public org.springframework.http.ResponseEntity<java.lang.String> repository.ImportController.RequeteTestReturn(java.lang.String)
3035 [main] INFO  o.s.w.s.m.m.a.RequestMappingHandlerMapping - Mapped "{[/importDicomFileSetDescriptor],methods=[POST],produces=[text/xml]}" onto public org.springframework.http.ResponseEntity<java.lang.String> repository.ImportController.importDicomData(javaXSDclass.DicomFileSetDescriptor,java.lang.String)
3036 [main] INFO  o.s.w.s.m.m.a.RequestMappingHandlerMapping - Mapped "{[/importNonDicomFileSetDescriptor],methods=[POST],produces=[text/xml]}" onto public org.springframework.http.ResponseEntity<java.lang.String> repository.ImportController.importNonDicomData(javaXSDclass.NonDicomFileSetDescriptor,java.lang.String)
3036 [main] INFO  o.s.w.s.m.m.a.RequestMappingHandlerMapping - Mapped "{[/downloadDatasFromStarDog],methods=[GET],produces=[text/rdf]}" onto public org.springframework.core.io.FileSystemResource repository.ImportController.downloadStarDogDatabase(java.lang.String) throws java.io.FileNotFoundException
3037 [main] INFO  o.s.w.s.m.m.a.RequestMappingHandlerMapping - Mapped "{[/shutDownServer],methods=[GET],produces=[text/xml]}" onto public void repository.ImportController.shutDownServer()
3037 [main] INFO  o.s.w.s.m.m.a.RequestMappingHandlerMapping - Mapped "{[/addRequest],methods=[GET],produces=[text/xml]}" onto public void repository.ImportController.addRequest(java.lang.String,java.lang.String,java.lang.String,java.lang.String)
3038 [main] INFO  o.s.w.s.m.m.a.RequestMappingHandlerMapping - Mapped "{[/deleteRequest],methods=[GET],produces=[text/xml]}" onto public void repository.ImportController.deleteRequest(java.lang.String)
3038 [main] INFO  o.s.w.s.m.m.a.RequestMappingHandlerMapping - Mapped "{[/downloadRequests],methods=[GET],produces=[text/xml]}" onto public java.lang.String repository.ImportController.downloadRequests()
3039 [main] INFO  o.s.w.s.m.m.a.RequestMappingHandlerMapping - Mapped "{[/testAskomics],methods=[GET]}" onto public java.lang.String repository.ImportController.testAbstractionAskomics()
3039 [main] INFO  o.s.w.s.m.m.a.RequestMappingHandlerMapping - Mapped "{[/importDicomMetadata],methods=[POST]}" onto public org.springframework.http.ResponseEntity<java.lang.String> repository.ImportController.importDicomMetadata(java.lang.String)
3046 [main] INFO  o.s.w.s.m.m.a.RequestMappingHandlerMapping - Mapped "{[/swagger-resources]}" onto public org.springframework.http.ResponseEntity<java.util.List<springfox.documentation.swagger.web.SwaggerResource>> springfox.documentation.swagger.web.ApiResourceController.swaggerResources()
3047 [main] INFO  o.s.w.s.m.m.a.RequestMappingHandlerMapping - Mapped "{[/swagger-resources/configuration/security]}" onto public org.springframework.http.ResponseEntity<springfox.documentation.swagger.web.SecurityConfiguration> springfox.documentation.swagger.web.ApiResourceController.securityConfiguration()
3048 [main] INFO  o.s.w.s.m.m.a.RequestMappingHandlerMapping - Mapped "{[/swagger-resources/configuration/ui]}" onto public org.springframework.http.ResponseEntity<springfox.documentation.swagger.web.UiConfiguration> springfox.documentation.swagger.web.ApiResourceController.uiConfiguration()
3054 [main] INFO  o.s.w.s.m.m.a.RequestMappingHandlerMapping - Mapped "{[/error]}" onto public org.springframework.http.ResponseEntity<java.util.Map<java.lang.String, java.lang.Object>> org.springframework.boot.autoconfigure.web.servlet.error.BasicErrorController.error(javax.servlet.http.HttpServletRequest)
3055 [main] INFO  o.s.w.s.m.m.a.RequestMappingHandlerMapping - Mapped "{[/error],produces=[text/html]}" onto public org.springframework.web.servlet.ModelAndView org.springframework.boot.autoconfigure.web.servlet.error.BasicErrorController.errorHtml(javax.servlet.http.HttpServletRequest,javax.servlet.http.HttpServletResponse)
3284 [main] INFO  s.d.s.w.PropertySourcedRequestMappingHandlerMapping - Mapped URL path [/v2/api-docs] onto method [public org.springframework.http.ResponseEntity<springfox.documentation.spring.web.json.Json> springfox.documentation.swagger2.web.Swagger2Controller.getDocumentation(java.lang.String,javax.servlet.http.HttpServletRequest)]
3612 [main] INFO  o.s.w.s.m.m.a.RequestMappingHandlerAdapter - Looking for @ControllerAdvice: org.springframework.boot.web.servlet.context.AnnotationConfigServletWebServerApplicationContext@45609b0e: startup date [Mon Mar 11 11:14:18 CET 2019]; root of context hierarchy
3741 [main] INFO  o.s.w.s.h.SimpleUrlHandlerMapping - Mapped URL path [/webjars/**] onto handler of type [class org.springframework.web.servlet.resource.ResourceHttpRequestHandler]
3741 [main] INFO  o.s.w.s.h.SimpleUrlHandlerMapping - Mapped URL path [/**] onto handler of type [class org.springframework.web.servlet.resource.ResourceHttpRequestHandler]
3821 [main] INFO  o.s.w.s.h.SimpleUrlHandlerMapping - Mapped URL path [/**/favicon.ico] onto handler of type [class org.springframework.web.servlet.resource.ResourceHttpRequestHandler]
4104 [main] INFO  o.s.j.e.a.AnnotationMBeanExporter - Registering beans for JMX exposure on startup
4114 [main] INFO  o.s.c.s.DefaultLifecycleProcessor - Starting beans in phase 2147483647
4115 [main] INFO  s.d.s.w.p.DocumentationPluginsBootstrapper - Context refreshed
4156 [main] INFO  s.d.s.w.p.DocumentationPluginsBootstrapper - Found 1 custom documentation plugin(s)
4206 [main] INFO  s.d.s.w.s.ApiListingReferenceScanner - Scanning for api listing references
4717 [main] INFO  o.a.coyote.http11.Http11NioProtocol - Starting ProtocolHandler ["http-nio-8090"]
4778 [main] INFO  o.a.tomcat.util.net.NioSelectorPool - Using a shared selector for servlet write/read
4807 [main] INFO  o.s.b.w.e.tomcat.TomcatWebServer - Tomcat started on port(s): 8090 (http) with context path ''
4812 [main] INFO  repository.Application - Started Application in 4.407 seconds (JVM running for 11.349)
4817 [main] INFO  repository.Application - pacsUrl : localhost:8081
4817 [main] INFO  repository.Application - starDogUrl : http://localhost:5820
4817 [main] INFO  repository.Application - pathOntology : OntoMedirad/ontoMedirad.owl
4817 [main] INFO  repository.Application - fhirUrl : http://localhost:8080
7352 [main] INFO  repository.Application - Semantic Translator is ready
712  [main] INFO  repository.Application - Starting Application on MacBook-Pro-de-Marine.local with PID 14863 (/Users/marinebrenet/Documents/metadata-repository/target/classes started by marinebrenet in /Users/marinebrenet/Documents/metadata-repository)
714  [main] INFO  repository.Application - No active profile set, falling back to default profiles: default
772  [main] INFO  o.s.b.w.s.c.AnnotationConfigServletWebServerApplicationContext - Refreshing org.springframework.boot.web.servlet.context.AnnotationConfigServletWebServerApplicationContext@70857b02: startup date [Mon Mar 11 15:53:02 CET 2019]; root of context hierarchy
1952 [main] INFO  o.s.b.f.a.AutowiredAnnotationBeanPostProcessor - JSR-330 'javax.inject.Inject' annotation found and supported for autowiring
2366 [main] INFO  o.s.b.w.e.tomcat.TomcatWebServer - Tomcat initialized with port(s): 8090 (http)
2380 [main] INFO  o.a.coyote.http11.Http11NioProtocol - Initializing ProtocolHandler ["http-nio-8090"]
2391 [main] INFO  o.a.catalina.core.StandardService - Starting service [Tomcat]
2391 [main] INFO  o.a.catalina.core.StandardEngine - Starting Servlet Engine: Apache Tomcat/8.5.28
2401 [localhost-startStop-1] INFO  o.a.c.core.AprLifecycleListener - The APR based Apache Tomcat Native library which allows optimal performance in production environments was not found on the java.library.path: [/Users/marinebrenet/Library/Java/Extensions:/Library/Java/Extensions:/Network/Library/Java/Extensions:/System/Library/Java/Extensions:/usr/lib/java:.]
2503 [localhost-startStop-1] INFO  o.a.c.c.C.[Tomcat].[localhost].[/] - Initializing Spring embedded WebApplicationContext
2504 [localhost-startStop-1] INFO  o.s.web.context.ContextLoader - Root WebApplicationContext: initialization completed in 1736 ms
2670 [localhost-startStop-1] INFO  o.s.b.w.s.ServletRegistrationBean - Servlet dispatcherServlet mapped to [/]
2675 [localhost-startStop-1] INFO  o.s.b.w.s.FilterRegistrationBean - Mapping filter: 'characterEncodingFilter' to: [/*]
2676 [localhost-startStop-1] INFO  o.s.b.w.s.FilterRegistrationBean - Mapping filter: 'hiddenHttpMethodFilter' to: [/*]
2676 [localhost-startStop-1] INFO  o.s.b.w.s.FilterRegistrationBean - Mapping filter: 'httpPutFormContentFilter' to: [/*]
2676 [localhost-startStop-1] INFO  o.s.b.w.s.FilterRegistrationBean - Mapping filter: 'requestContextFilter' to: [/*]
3243 [main] INFO  o.s.w.s.m.m.a.RequestMappingHandlerMapping - Mapped "{[/test],methods=[POST]}" onto public java.lang.String repository.ImportController.test()
3245 [main] INFO  o.s.w.s.m.m.a.RequestMappingHandlerMapping - Mapped "{[/getXSD],methods=[GET],produces=[text/xml]}" onto public java.lang.String repository.ImportController.getXSD(java.lang.String)
3246 [main] INFO  o.s.w.s.m.m.a.RequestMappingHandlerMapping - Mapped "{[/getMimeTypeDataFormat],methods=[GET]}" onto public org.springframework.http.ResponseEntity<java.lang.String> repository.ImportController.getMimeTypeDataFormat(java.lang.String)
3247 [main] INFO  o.s.w.s.m.m.a.RequestMappingHandlerMapping - Mapped "{[/getResearchStudies],methods=[GET],produces=[application/json]}" onto public org.springframework.http.ResponseEntity<java.lang.String> repository.ImportController.getResearchStudies()
3247 [main] INFO  o.s.w.s.m.m.a.RequestMappingHandlerMapping - Mapped "{[/getXSDfilesName],methods=[GET],produces=[application/json]}" onto public java.lang.String repository.ImportController.getXSDfilesName()
3248 [main] INFO  o.s.w.s.m.m.a.RequestMappingHandlerMapping - Mapped "{[/getRequestList],methods=[GET],produces=[application/json]}" onto public java.lang.String repository.ImportController.getRequestList() throws org.json.JSONException
3248 [main] INFO  o.s.w.s.m.m.a.RequestMappingHandlerMapping - Mapped "{[/validateDicomFileSetDescriptor],methods=[POST],produces=[text/xml || application/json]}" onto public org.springframework.http.ResponseEntity<java.lang.String> repository.ImportController.validateDicomFileSetDescriptor(java.lang.String)
3249 [main] INFO  o.s.w.s.m.m.a.RequestMappingHandlerMapping - Mapped "{[/validateNonDicomFileSetDescriptor],methods=[POST],produces=[text/xml || application/json]}" onto public org.springframework.http.ResponseEntity<java.lang.String> repository.ImportController.validateNonDicomFileSetDescriptor(java.lang.String) throws org.xml.sax.SAXException,java.io.IOException
3250 [main] INFO  o.s.w.s.m.m.a.RequestMappingHandlerMapping - Mapped "{[/requestFromList],methods=[GET],produces=[text/xml || application/sparql-results+json]}" onto public org.springframework.http.ResponseEntity<java.lang.String> repository.ImportController.requestFromList(java.lang.String) throws org.openrdf.query.TupleQueryResultHandlerException,org.openrdf.query.QueryEvaluationException,com.complexible.stardog.StardogException,org.openrdf.query.resultio.UnsupportedQueryResultFormatException,java.io.IOException
3250 [main] INFO  o.s.w.s.m.m.a.RequestMappingHandlerMapping - Mapped "{[/testRequestControle],methods=[GET],produces=[text/xml]}" onto public java.lang.String repository.ImportController.TestRequestControle(java.util.Map<java.lang.String, java.lang.String>) throws org.openrdf.query.TupleQueryResultHandlerException,org.openrdf.query.QueryEvaluationException,org.openrdf.query.resultio.UnsupportedQueryResultFormatException,java.io.IOException
3251 [main] INFO  o.s.w.s.m.m.a.RequestMappingHandlerMapping - Mapped "{[/testReturnReq],methods=[GET],produces=[text/xml]}" onto public org.springframework.http.ResponseEntity<java.lang.String> repository.ImportController.RequeteTestReturn(java.lang.String)
3251 [main] INFO  o.s.w.s.m.m.a.RequestMappingHandlerMapping - Mapped "{[/importDicomFileSetDescriptor],methods=[POST],produces=[text/xml]}" onto public org.springframework.http.ResponseEntity<java.lang.String> repository.ImportController.importDicomData(javaXSDclass.DicomFileSetDescriptor,java.lang.String)
3252 [main] INFO  o.s.w.s.m.m.a.RequestMappingHandlerMapping - Mapped "{[/importNonDicomFileSetDescriptor],methods=[POST],produces=[text/xml]}" onto public org.springframework.http.ResponseEntity<java.lang.String> repository.ImportController.importNonDicomData(javaXSDclass.NonDicomFileSetDescriptor,java.lang.String)
3253 [main] INFO  o.s.w.s.m.m.a.RequestMappingHandlerMapping - Mapped "{[/downloadDatasFromStarDog],methods=[GET],produces=[text/rdf]}" onto public org.springframework.core.io.FileSystemResource repository.ImportController.downloadStarDogDatabase(java.lang.String) throws java.io.FileNotFoundException
3254 [main] INFO  o.s.w.s.m.m.a.RequestMappingHandlerMapping - Mapped "{[/shutDownServer],methods=[GET],produces=[text/xml]}" onto public void repository.ImportController.shutDownServer()
3255 [main] INFO  o.s.w.s.m.m.a.RequestMappingHandlerMapping - Mapped "{[/addRequest],methods=[GET],produces=[text/xml]}" onto public void repository.ImportController.addRequest(java.lang.String,java.lang.String,java.lang.String,java.lang.String)
3255 [main] INFO  o.s.w.s.m.m.a.RequestMappingHandlerMapping - Mapped "{[/deleteRequest],methods=[GET],produces=[text/xml]}" onto public void repository.ImportController.deleteRequest(java.lang.String)
3256 [main] INFO  o.s.w.s.m.m.a.RequestMappingHandlerMapping - Mapped "{[/downloadRequests],methods=[GET],produces=[text/xml]}" onto public java.lang.String repository.ImportController.downloadRequests()
3257 [main] INFO  o.s.w.s.m.m.a.RequestMappingHandlerMapping - Mapped "{[/testAskomics],methods=[GET]}" onto public java.lang.String repository.ImportController.testAbstractionAskomics()
3257 [main] INFO  o.s.w.s.m.m.a.RequestMappingHandlerMapping - Mapped "{[/importDicomMetadata],methods=[POST]}" onto public org.springframework.http.ResponseEntity<java.lang.String> repository.ImportController.importDicomMetadata(java.lang.String)
3268 [main] INFO  o.s.w.s.m.m.a.RequestMappingHandlerMapping - Mapped "{[/swagger-resources/configuration/security]}" onto public org.springframework.http.ResponseEntity<springfox.documentation.swagger.web.SecurityConfiguration> springfox.documentation.swagger.web.ApiResourceController.securityConfiguration()
3270 [main] INFO  o.s.w.s.m.m.a.RequestMappingHandlerMapping - Mapped "{[/swagger-resources/configuration/ui]}" onto public org.springframework.http.ResponseEntity<springfox.documentation.swagger.web.UiConfiguration> springfox.documentation.swagger.web.ApiResourceController.uiConfiguration()
3272 [main] INFO  o.s.w.s.m.m.a.RequestMappingHandlerMapping - Mapped "{[/swagger-resources]}" onto public org.springframework.http.ResponseEntity<java.util.List<springfox.documentation.swagger.web.SwaggerResource>> springfox.documentation.swagger.web.ApiResourceController.swaggerResources()
3283 [main] INFO  o.s.w.s.m.m.a.RequestMappingHandlerMapping - Mapped "{[/error]}" onto public org.springframework.http.ResponseEntity<java.util.Map<java.lang.String, java.lang.Object>> org.springframework.boot.autoconfigure.web.servlet.error.BasicErrorController.error(javax.servlet.http.HttpServletRequest)
3283 [main] INFO  o.s.w.s.m.m.a.RequestMappingHandlerMapping - Mapped "{[/error],produces=[text/html]}" onto public org.springframework.web.servlet.ModelAndView org.springframework.boot.autoconfigure.web.servlet.error.BasicErrorController.errorHtml(javax.servlet.http.HttpServletRequest,javax.servlet.http.HttpServletResponse)
3723 [main] INFO  s.d.s.w.PropertySourcedRequestMappingHandlerMapping - Mapped URL path [/v2/api-docs] onto method [public org.springframework.http.ResponseEntity<springfox.documentation.spring.web.json.Json> springfox.documentation.swagger2.web.Swagger2Controller.getDocumentation(java.lang.String,javax.servlet.http.HttpServletRequest)]
4044 [main] INFO  o.s.w.s.m.m.a.RequestMappingHandlerAdapter - Looking for @ControllerAdvice: org.springframework.boot.web.servlet.context.AnnotationConfigServletWebServerApplicationContext@70857b02: startup date [Mon Mar 11 15:53:02 CET 2019]; root of context hierarchy
4157 [main] INFO  o.s.w.s.h.SimpleUrlHandlerMapping - Mapped URL path [/webjars/**] onto handler of type [class org.springframework.web.servlet.resource.ResourceHttpRequestHandler]
4158 [main] INFO  o.s.w.s.h.SimpleUrlHandlerMapping - Mapped URL path [/**] onto handler of type [class org.springframework.web.servlet.resource.ResourceHttpRequestHandler]
4293 [main] INFO  o.s.w.s.h.SimpleUrlHandlerMapping - Mapped URL path [/**/favicon.ico] onto handler of type [class org.springframework.web.servlet.resource.ResourceHttpRequestHandler]
4661 [main] INFO  o.s.j.e.a.AnnotationMBeanExporter - Registering beans for JMX exposure on startup
4670 [main] INFO  o.s.c.s.DefaultLifecycleProcessor - Starting beans in phase 2147483647
4671 [main] INFO  s.d.s.w.p.DocumentationPluginsBootstrapper - Context refreshed
4700 [main] INFO  s.d.s.w.p.DocumentationPluginsBootstrapper - Found 1 custom documentation plugin(s)
4754 [main] INFO  s.d.s.w.s.ApiListingReferenceScanner - Scanning for api listing references
5267 [main] INFO  o.a.coyote.http11.Http11NioProtocol - Starting ProtocolHandler ["http-nio-8090"]
5301 [main] INFO  o.a.tomcat.util.net.NioSelectorPool - Using a shared selector for servlet write/read
5328 [main] INFO  o.s.b.w.e.tomcat.TomcatWebServer - Tomcat started on port(s): 8090 (http) with context path ''
5334 [main] INFO  repository.Application - Started Application in 4.939 seconds (JVM running for 12.051)
5339 [main] INFO  repository.Application - pacsUrl : localhost:8081
5339 [main] INFO  repository.Application - starDogUrl : http://localhost:5820
5339 [main] INFO  repository.Application - pathOntology : OntoMedirad/ontoMedirad.owl
5339 [main] INFO  repository.Application - fhirUrl : http://localhost:8080
8122 [main] INFO  repository.Application - Semantic Translator is ready
678  [main] INFO  repository.Application - Starting Application on MacBook-Pro-de-Marine.local with PID 14875 (/Users/marinebrenet/Documents/metadata-repository/target/classes started by marinebrenet in /Users/marinebrenet/Documents/metadata-repository)
681  [main] INFO  repository.Application - No active profile set, falling back to default profiles: default
743  [main] INFO  o.s.b.w.s.c.AnnotationConfigServletWebServerApplicationContext - Refreshing org.springframework.boot.web.servlet.context.AnnotationConfigServletWebServerApplicationContext@2055e7c9: startup date [Mon Mar 11 15:56:25 CET 2019]; root of context hierarchy
1946 [main] INFO  o.s.b.f.a.AutowiredAnnotationBeanPostProcessor - JSR-330 'javax.inject.Inject' annotation found and supported for autowiring
2387 [main] INFO  o.s.b.w.e.tomcat.TomcatWebServer - Tomcat initialized with port(s): 8090 (http)
2417 [main] INFO  o.a.coyote.http11.Http11NioProtocol - Initializing ProtocolHandler ["http-nio-8090"]
2448 [main] INFO  o.a.catalina.core.StandardService - Starting service [Tomcat]
2450 [main] INFO  o.a.catalina.core.StandardEngine - Starting Servlet Engine: Apache Tomcat/8.5.28
2468 [localhost-startStop-1] INFO  o.a.c.core.AprLifecycleListener - The APR based Apache Tomcat Native library which allows optimal performance in production environments was not found on the java.library.path: [/Users/marinebrenet/Library/Java/Extensions:/Library/Java/Extensions:/Network/Library/Java/Extensions:/System/Library/Java/Extensions:/usr/lib/java:.]
2636 [localhost-startStop-1] INFO  o.a.c.c.C.[Tomcat].[localhost].[/] - Initializing Spring embedded WebApplicationContext
2636 [localhost-startStop-1] INFO  o.s.web.context.ContextLoader - Root WebApplicationContext: initialization completed in 1896 ms
2839 [localhost-startStop-1] INFO  o.s.b.w.s.ServletRegistrationBean - Servlet dispatcherServlet mapped to [/]
2843 [localhost-startStop-1] INFO  o.s.b.w.s.FilterRegistrationBean - Mapping filter: 'characterEncodingFilter' to: [/*]
2843 [localhost-startStop-1] INFO  o.s.b.w.s.FilterRegistrationBean - Mapping filter: 'hiddenHttpMethodFilter' to: [/*]
2844 [localhost-startStop-1] INFO  o.s.b.w.s.FilterRegistrationBean - Mapping filter: 'httpPutFormContentFilter' to: [/*]
2844 [localhost-startStop-1] INFO  o.s.b.w.s.FilterRegistrationBean - Mapping filter: 'requestContextFilter' to: [/*]
3464 [main] INFO  o.s.w.s.m.m.a.RequestMappingHandlerMapping - Mapped "{[/test],methods=[POST]}" onto public java.lang.String repository.ImportController.test()
3467 [main] INFO  o.s.w.s.m.m.a.RequestMappingHandlerMapping - Mapped "{[/getXSD],methods=[GET],produces=[text/xml]}" onto public java.lang.String repository.ImportController.getXSD(java.lang.String)
3468 [main] INFO  o.s.w.s.m.m.a.RequestMappingHandlerMapping - Mapped "{[/getRequestList],methods=[GET],produces=[application/json]}" onto public java.lang.String repository.ImportController.getRequestList() throws org.json.JSONException
3469 [main] INFO  o.s.w.s.m.m.a.RequestMappingHandlerMapping - Mapped "{[/validateDicomFileSetDescriptor],methods=[POST],produces=[text/xml || application/json]}" onto public org.springframework.http.ResponseEntity<java.lang.String> repository.ImportController.validateDicomFileSetDescriptor(java.lang.String)
3469 [main] INFO  o.s.w.s.m.m.a.RequestMappingHandlerMapping - Mapped "{[/validateNonDicomFileSetDescriptor],methods=[POST],produces=[text/xml || application/json]}" onto public org.springframework.http.ResponseEntity<java.lang.String> repository.ImportController.validateNonDicomFileSetDescriptor(java.lang.String) throws org.xml.sax.SAXException,java.io.IOException
3470 [main] INFO  o.s.w.s.m.m.a.RequestMappingHandlerMapping - Mapped "{[/requestFromList],methods=[GET],produces=[text/xml || application/sparql-results+json]}" onto public org.springframework.http.ResponseEntity<java.lang.String> repository.ImportController.requestFromList(java.lang.String) throws org.openrdf.query.TupleQueryResultHandlerException,org.openrdf.query.QueryEvaluationException,com.complexible.stardog.StardogException,org.openrdf.query.resultio.UnsupportedQueryResultFormatException,java.io.IOException
3472 [main] INFO  o.s.w.s.m.m.a.RequestMappingHandlerMapping - Mapped "{[/testRequestControle],methods=[GET],produces=[text/xml]}" onto public java.lang.String repository.ImportController.TestRequestControle(java.util.Map<java.lang.String, java.lang.String>) throws org.openrdf.query.TupleQueryResultHandlerException,org.openrdf.query.QueryEvaluationException,org.openrdf.query.resultio.UnsupportedQueryResultFormatException,java.io.IOException
3474 [main] INFO  o.s.w.s.m.m.a.RequestMappingHandlerMapping - Mapped "{[/testReturnReq],methods=[GET],produces=[text/xml]}" onto public org.springframework.http.ResponseEntity<java.lang.String> repository.ImportController.RequeteTestReturn(java.lang.String)
3475 [main] INFO  o.s.w.s.m.m.a.RequestMappingHandlerMapping - Mapped "{[/importDicomFileSetDescriptor],methods=[POST],produces=[text/xml]}" onto public org.springframework.http.ResponseEntity<java.lang.String> repository.ImportController.importDicomData(javaXSDclass.DicomFileSetDescriptor,java.lang.String)
3476 [main] INFO  o.s.w.s.m.m.a.RequestMappingHandlerMapping - Mapped "{[/importNonDicomFileSetDescriptor],methods=[POST],produces=[text/xml]}" onto public org.springframework.http.ResponseEntity<java.lang.String> repository.ImportController.importNonDicomData(javaXSDclass.NonDicomFileSetDescriptor,java.lang.String)
3477 [main] INFO  o.s.w.s.m.m.a.RequestMappingHandlerMapping - Mapped "{[/downloadDatasFromStarDog],methods=[GET],produces=[text/rdf]}" onto public org.springframework.core.io.FileSystemResource repository.ImportController.downloadStarDogDatabase(java.lang.String) throws java.io.FileNotFoundException
3478 [main] INFO  o.s.w.s.m.m.a.RequestMappingHandlerMapping - Mapped "{[/shutDownServer],methods=[GET],produces=[text/xml]}" onto public void repository.ImportController.shutDownServer()
3478 [main] INFO  o.s.w.s.m.m.a.RequestMappingHandlerMapping - Mapped "{[/addRequest],methods=[GET],produces=[text/xml]}" onto public void repository.ImportController.addRequest(java.lang.String,java.lang.String,java.lang.String,java.lang.String)
3479 [main] INFO  o.s.w.s.m.m.a.RequestMappingHandlerMapping - Mapped "{[/deleteRequest],methods=[GET],produces=[text/xml]}" onto public void repository.ImportController.deleteRequest(java.lang.String)
3480 [main] INFO  o.s.w.s.m.m.a.RequestMappingHandlerMapping - Mapped "{[/downloadRequests],methods=[GET],produces=[text/xml]}" onto public java.lang.String repository.ImportController.downloadRequests()
3481 [main] INFO  o.s.w.s.m.m.a.RequestMappingHandlerMapping - Mapped "{[/testAskomics],methods=[GET]}" onto public java.lang.String repository.ImportController.testAbstractionAskomics()
3481 [main] INFO  o.s.w.s.m.m.a.RequestMappingHandlerMapping - Mapped "{[/importDicomMetadata],methods=[POST]}" onto public org.springframework.http.ResponseEntity<java.lang.String> repository.ImportController.importDicomMetadata(java.lang.String)
3482 [main] INFO  o.s.w.s.m.m.a.RequestMappingHandlerMapping - Mapped "{[/getMimeTypeDataFormat],methods=[GET]}" onto public org.springframework.http.ResponseEntity<java.lang.String> repository.ImportController.getMimeTypeDataFormat(java.lang.String)
3483 [main] INFO  o.s.w.s.m.m.a.RequestMappingHandlerMapping - Mapped "{[/getResearchStudies],methods=[GET],produces=[application/json]}" onto public org.springframework.http.ResponseEntity<java.lang.String> repository.ImportController.getResearchStudies()
3484 [main] INFO  o.s.w.s.m.m.a.RequestMappingHandlerMapping - Mapped "{[/getXSDfilesName],methods=[GET],produces=[application/json]}" onto public java.lang.String repository.ImportController.getXSDfilesName()
3502 [main] INFO  o.s.w.s.m.m.a.RequestMappingHandlerMapping - Mapped "{[/swagger-resources/configuration/security]}" onto public org.springframework.http.ResponseEntity<springfox.documentation.swagger.web.SecurityConfiguration> springfox.documentation.swagger.web.ApiResourceController.securityConfiguration()
3509 [main] INFO  o.s.w.s.m.m.a.RequestMappingHandlerMapping - Mapped "{[/swagger-resources/configuration/ui]}" onto public org.springframework.http.ResponseEntity<springfox.documentation.swagger.web.UiConfiguration> springfox.documentation.swagger.web.ApiResourceController.uiConfiguration()
3513 [main] INFO  o.s.w.s.m.m.a.RequestMappingHandlerMapping - Mapped "{[/swagger-resources]}" onto public org.springframework.http.ResponseEntity<java.util.List<springfox.documentation.swagger.web.SwaggerResource>> springfox.documentation.swagger.web.ApiResourceController.swaggerResources()
3534 [main] INFO  o.s.w.s.m.m.a.RequestMappingHandlerMapping - Mapped "{[/error]}" onto public org.springframework.http.ResponseEntity<java.util.Map<java.lang.String, java.lang.Object>> org.springframework.boot.autoconfigure.web.servlet.error.BasicErrorController.error(javax.servlet.http.HttpServletRequest)
3536 [main] INFO  o.s.w.s.m.m.a.RequestMappingHandlerMapping - Mapped "{[/error],produces=[text/html]}" onto public org.springframework.web.servlet.ModelAndView org.springframework.boot.autoconfigure.web.servlet.error.BasicErrorController.errorHtml(javax.servlet.http.HttpServletRequest,javax.servlet.http.HttpServletResponse)
3933 [main] INFO  s.d.s.w.PropertySourcedRequestMappingHandlerMapping - Mapped URL path [/v2/api-docs] onto method [public org.springframework.http.ResponseEntity<springfox.documentation.spring.web.json.Json> springfox.documentation.swagger2.web.Swagger2Controller.getDocumentation(java.lang.String,javax.servlet.http.HttpServletRequest)]
4564 [main] INFO  o.s.w.s.m.m.a.RequestMappingHandlerAdapter - Looking for @ControllerAdvice: org.springframework.boot.web.servlet.context.AnnotationConfigServletWebServerApplicationContext@2055e7c9: startup date [Mon Mar 11 15:56:25 CET 2019]; root of context hierarchy
4734 [main] INFO  o.s.w.s.h.SimpleUrlHandlerMapping - Mapped URL path [/webjars/**] onto handler of type [class org.springframework.web.servlet.resource.ResourceHttpRequestHandler]
4735 [main] INFO  o.s.w.s.h.SimpleUrlHandlerMapping - Mapped URL path [/**] onto handler of type [class org.springframework.web.servlet.resource.ResourceHttpRequestHandler]
4806 [main] INFO  o.s.w.s.h.SimpleUrlHandlerMapping - Mapped URL path [/**/favicon.ico] onto handler of type [class org.springframework.web.servlet.resource.ResourceHttpRequestHandler]
5081 [main] INFO  o.s.j.e.a.AnnotationMBeanExporter - Registering beans for JMX exposure on startup
5090 [main] INFO  o.s.c.s.DefaultLifecycleProcessor - Starting beans in phase 2147483647
5091 [main] INFO  s.d.s.w.p.DocumentationPluginsBootstrapper - Context refreshed
5128 [main] INFO  s.d.s.w.p.DocumentationPluginsBootstrapper - Found 1 custom documentation plugin(s)
5206 [main] INFO  s.d.s.w.s.ApiListingReferenceScanner - Scanning for api listing references
6355 [main] INFO  o.a.coyote.http11.Http11NioProtocol - Starting ProtocolHandler ["http-nio-8090"]
6384 [main] INFO  o.a.tomcat.util.net.NioSelectorPool - Using a shared selector for servlet write/read
6444 [main] INFO  o.s.b.w.e.tomcat.TomcatWebServer - Tomcat started on port(s): 8090 (http) with context path ''
6454 [main] INFO  repository.Application - Started Application in 6.027 seconds (JVM running for 13.224)
6461 [main] INFO  repository.Application - pacsUrl : localhost:8081
6462 [main] INFO  repository.Application - starDogUrl : http://localhost:5820
6462 [main] INFO  repository.Application - pathOntology : OntoMedirad/ontoMedirad.owl
6462 [main] INFO  repository.Application - fhirUrl : http://localhost:8080
9203 [main] INFO  repository.Application - Semantic Translator is ready
30677 [http-nio-8090-exec-1] INFO  o.a.c.c.C.[Tomcat].[localhost].[/] - Initializing Spring FrameworkServlet 'dispatcherServlet'
30678 [http-nio-8090-exec-1] INFO  o.s.web.servlet.DispatcherServlet - FrameworkServlet 'dispatcherServlet': initialization started
30699 [http-nio-8090-exec-1] INFO  o.s.web.servlet.DispatcherServlet - FrameworkServlet 'dispatcherServlet': initialization completed in 21 ms
43098 [http-nio-8090-exec-7] INFO  repository.ImportController - Info
43098 [http-nio-8090-exec-7] WARN  repository.ImportController - Warn
43098 [http-nio-8090-exec-7] ERROR repository.ImportController - Error
