515  [main] INFO  repository.Application - Starting Application on pr153107.univ-rennes1.fr with PID 8840 (/Users/marinebrenet/Documents/metadata-repository/target/classes started by marinebrenet in /Users/marinebrenet/Documents/metadata-repository)
517  [main] INFO  repository.Application - No active profile set, falling back to default profiles: default
536  [background-preinit] DEBUG o.h.v.m.ResourceBundleMessageInterpolator - Loaded expression factory via original TCCL
540  [background-preinit] DEBUG o.h.v.i.engine.ValidatorFactoryImpl - HV000234: Using org.hibernate.validator.messageinterpolation.ResourceBundleMessageInterpolator as ValidatorFactory-scoped message interpolator.
541  [background-preinit] DEBUG o.h.v.i.engine.ValidatorFactoryImpl - HV000234: Using org.hibernate.validator.internal.engine.resolver.TraverseAllTraversableResolver as ValidatorFactory-scoped traversable resolver.
541  [background-preinit] DEBUG o.h.v.i.engine.ValidatorFactoryImpl - HV000234: Using org.hibernate.validator.internal.util.ExecutableParameterNameProvider as ValidatorFactory-scoped parameter name provider.
541  [background-preinit] DEBUG o.h.v.i.engine.ValidatorFactoryImpl - HV000234: Using org.hibernate.validator.internal.engine.DefaultClockProvider as ValidatorFactory-scoped clock provider.
541  [background-preinit] DEBUG o.h.v.i.engine.ValidatorFactoryImpl - HV000234: Using org.hibernate.validator.internal.engine.scripting.DefaultScriptEvaluatorFactory as ValidatorFactory-scoped script evaluator factory.
552  [main] INFO  o.s.b.w.s.c.AnnotationConfigServletWebServerApplicationContext - Refreshing org.springframework.boot.web.servlet.context.AnnotationConfigServletWebServerApplicationContext@6a79bfde: startup date [Tue Sep 11 15:38:59 CEST 2018]; root of context hierarchy
1253 [main] INFO  o.s.b.f.a.AutowiredAnnotationBeanPostProcessor - JSR-330 'javax.inject.Inject' annotation found and supported for autowiring
1272 [main] DEBUG o.h.v.i.e.r.TraversableResolvers - Cannot find javax.persistence.Persistence on classpath. Assuming non JPA 2 environment. All properties will per default be traversable.
1272 [main] DEBUG o.h.v.m.ResourceBundleMessageInterpolator - Loaded expression factory via original TCCL
1273 [main] DEBUG o.h.v.i.e.r.TraversableResolvers - Cannot find javax.persistence.Persistence on classpath. Assuming non JPA 2 environment. All properties will per default be traversable.
1273 [main] DEBUG o.h.v.i.engine.ConfigurationImpl - Setting custom MessageInterpolator of type org.springframework.validation.beanvalidation.LocaleContextMessageInterpolator
1273 [main] DEBUG o.h.v.i.engine.ConfigurationImpl - Setting custom ConstraintValidatorFactory of type org.springframework.validation.beanvalidation.SpringConstraintValidatorFactory
1274 [main] DEBUG o.h.v.i.engine.ConfigurationImpl - Setting custom ParameterNameProvider of type org.springframework.validation.beanvalidation.LocalValidatorFactoryBean$1
1275 [main] DEBUG o.h.v.i.xml.ValidationXmlParser - Trying to load META-INF/validation.xml for XML based Validator configuration.
1275 [main] DEBUG o.h.v.i.xml.ResourceLoaderHelper - Trying to load META-INF/validation.xml via user class loader
1275 [main] DEBUG o.h.v.i.xml.ResourceLoaderHelper - Trying to load META-INF/validation.xml via TCCL
1275 [main] DEBUG o.h.v.i.xml.ResourceLoaderHelper - Trying to load META-INF/validation.xml via Hibernate Validator's class loader
1275 [main] DEBUG o.h.v.i.xml.ValidationXmlParser - No META-INF/validation.xml found. Using annotation based configuration only.
1278 [main] DEBUG o.h.v.i.engine.ValidatorFactoryImpl - HV000234: Using org.springframework.validation.beanvalidation.LocaleContextMessageInterpolator as ValidatorFactory-scoped message interpolator.
1278 [main] DEBUG o.h.v.i.engine.ValidatorFactoryImpl - HV000234: Using org.hibernate.validator.internal.engine.resolver.TraverseAllTraversableResolver as ValidatorFactory-scoped traversable resolver.
1278 [main] DEBUG o.h.v.i.engine.ValidatorFactoryImpl - HV000234: Using org.hibernate.validator.internal.util.ExecutableParameterNameProvider as ValidatorFactory-scoped parameter name provider.
1278 [main] DEBUG o.h.v.i.engine.ValidatorFactoryImpl - HV000234: Using org.hibernate.validator.internal.engine.DefaultClockProvider as ValidatorFactory-scoped clock provider.
1278 [main] DEBUG o.h.v.i.engine.ValidatorFactoryImpl - HV000234: Using org.hibernate.validator.internal.engine.scripting.DefaultScriptEvaluatorFactory as ValidatorFactory-scoped script evaluator factory.
1541 [main] INFO  o.s.b.w.e.tomcat.TomcatWebServer - Tomcat initialized with port(s): 8090 (http)
1555 [main] INFO  o.a.coyote.http11.Http11NioProtocol - Initializing ProtocolHandler ["http-nio-8090"]
1566 [main] INFO  o.a.catalina.core.StandardService - Starting service [Tomcat]
1566 [main] INFO  o.a.catalina.core.StandardEngine - Starting Servlet Engine: Apache Tomcat/8.5.28
1576 [localhost-startStop-1] INFO  o.a.c.core.AprLifecycleListener - The APR based Apache Tomcat Native library which allows optimal performance in production environments was not found on the java.library.path: [/Users/marinebrenet/Library/Java/Extensions:/Library/Java/Extensions:/Network/Library/Java/Extensions:/System/Library/Java/Extensions:/usr/lib/java:.]
1657 [localhost-startStop-1] INFO  o.a.c.c.C.[Tomcat].[localhost].[/] - Initializing Spring embedded WebApplicationContext
1657 [localhost-startStop-1] INFO  o.s.web.context.ContextLoader - Root WebApplicationContext: initialization completed in 1106 ms
1796 [localhost-startStop-1] INFO  o.s.b.w.s.ServletRegistrationBean - Servlet dispatcherServlet mapped to [/]
1800 [localhost-startStop-1] INFO  o.s.b.w.s.FilterRegistrationBean - Mapping filter: 'characterEncodingFilter' to: [/*]
1801 [localhost-startStop-1] INFO  o.s.b.w.s.FilterRegistrationBean - Mapping filter: 'hiddenHttpMethodFilter' to: [/*]
1801 [localhost-startStop-1] INFO  o.s.b.w.s.FilterRegistrationBean - Mapping filter: 'httpPutFormContentFilter' to: [/*]
1801 [localhost-startStop-1] INFO  o.s.b.w.s.FilterRegistrationBean - Mapping filter: 'requestContextFilter' to: [/*]
1981 [main] DEBUG o.h.v.i.e.r.TraversableResolvers - Cannot find javax.persistence.Persistence on classpath. Assuming non JPA 2 environment. All properties will per default be traversable.
1981 [main] DEBUG o.h.v.m.ResourceBundleMessageInterpolator - Loaded expression factory via original TCCL
1987 [main] DEBUG o.h.v.i.e.r.TraversableResolvers - Cannot find javax.persistence.Persistence on classpath. Assuming non JPA 2 environment. All properties will per default be traversable.
1988 [main] DEBUG o.h.v.i.engine.ConfigurationImpl - Setting custom MessageInterpolator of type org.springframework.validation.beanvalidation.LocaleContextMessageInterpolator
1988 [main] DEBUG o.h.v.i.engine.ConfigurationImpl - Setting custom ConstraintValidatorFactory of type org.springframework.validation.beanvalidation.SpringConstraintValidatorFactory
1988 [main] DEBUG o.h.v.i.engine.ConfigurationImpl - Setting custom ParameterNameProvider of type org.springframework.validation.beanvalidation.LocalValidatorFactoryBean$1
1988 [main] DEBUG o.h.v.i.xml.ValidationXmlParser - Trying to load META-INF/validation.xml for XML based Validator configuration.
1988 [main] DEBUG o.h.v.i.xml.ResourceLoaderHelper - Trying to load META-INF/validation.xml via user class loader
1988 [main] DEBUG o.h.v.i.xml.ResourceLoaderHelper - Trying to load META-INF/validation.xml via TCCL
1988 [main] DEBUG o.h.v.i.xml.ResourceLoaderHelper - Trying to load META-INF/validation.xml via Hibernate Validator's class loader
1988 [main] DEBUG o.h.v.i.xml.ValidationXmlParser - No META-INF/validation.xml found. Using annotation based configuration only.
1991 [main] DEBUG o.h.v.i.engine.ValidatorFactoryImpl - HV000234: Using org.springframework.validation.beanvalidation.LocaleContextMessageInterpolator as ValidatorFactory-scoped message interpolator.
1991 [main] DEBUG o.h.v.i.engine.ValidatorFactoryImpl - HV000234: Using org.hibernate.validator.internal.engine.resolver.TraverseAllTraversableResolver as ValidatorFactory-scoped traversable resolver.
1991 [main] DEBUG o.h.v.i.engine.ValidatorFactoryImpl - HV000234: Using org.hibernate.validator.internal.util.ExecutableParameterNameProvider as ValidatorFactory-scoped parameter name provider.
1991 [main] DEBUG o.h.v.i.engine.ValidatorFactoryImpl - HV000234: Using org.hibernate.validator.internal.engine.DefaultClockProvider as ValidatorFactory-scoped clock provider.
1991 [main] DEBUG o.h.v.i.engine.ValidatorFactoryImpl - HV000234: Using org.hibernate.validator.internal.engine.scripting.DefaultScriptEvaluatorFactory as ValidatorFactory-scoped script evaluator factory.
2132 [main] INFO  o.s.w.s.m.m.a.RequestMappingHandlerAdapter - Looking for @ControllerAdvice: org.springframework.boot.web.servlet.context.AnnotationConfigServletWebServerApplicationContext@6a79bfde: startup date [Tue Sep 11 15:38:59 CEST 2018]; root of context hierarchy
2219 [main] INFO  o.s.w.s.m.m.a.RequestMappingHandlerMapping - Mapped "{[/test]}" onto public java.lang.String repository.ImportController.test(java.util.Map<java.lang.String, java.lang.String>) throws java.lang.Exception
2221 [main] INFO  o.s.w.s.m.m.a.RequestMappingHandlerMapping - Mapped "{[/getMimeTypeDataFormat],methods=[GET],produces=[text/xml || application/json]}" onto public java.lang.String repository.ImportController.getMimeTypeDataFormat(java.lang.String)
2221 [main] INFO  o.s.w.s.m.m.a.RequestMappingHandlerMapping - Mapped "{[/getResearchStudies],methods=[GET],produces=[text/xml || application/json]}" onto public java.lang.String repository.ImportController.getResearchStudies()
2222 [main] INFO  o.s.w.s.m.m.a.RequestMappingHandlerMapping - Mapped "{[/getRequestList],methods=[GET],produces=[text/xml || application/json]}" onto public java.lang.String repository.ImportController.getRequestList()
2222 [main] INFO  o.s.w.s.m.m.a.RequestMappingHandlerMapping - Mapped "{[/validateDicomFileSetDescriptor],methods=[POST],produces=[text/xml || application/json]}" onto public java.lang.String repository.ImportController.validateDicomFileSetDescriptor(java.lang.String)
2222 [main] INFO  o.s.w.s.m.m.a.RequestMappingHandlerMapping - Mapped "{[/validateNonDicomFileSetDescriptor],methods=[POST],produces=[text/xml || application/json]}" onto public java.lang.String repository.ImportController.validateNonDicomFileSetDescriptor(java.lang.String)
2222 [main] INFO  o.s.w.s.m.m.a.RequestMappingHandlerMapping - Mapped "{[/requestFromList],methods=[GET],produces=[text/xml || application/sparql-results+json]}" onto public java.lang.String repository.ImportController.requestFromList(java.lang.String)
2223 [main] INFO  o.s.w.s.m.m.a.RequestMappingHandlerMapping - Mapped "{[/testRequestControle],methods=[GET],produces=[text/xml]}" onto public java.lang.String repository.ImportController.TestRequestControle(java.util.Map<java.lang.String, java.lang.String>) throws java.lang.Exception
2223 [main] INFO  o.s.w.s.m.m.a.RequestMappingHandlerMapping - Mapped "{[/testReturnReq],methods=[GET],produces=[text/xml]}" onto public java.lang.String repository.ImportController.RequeteTestReturn(java.lang.String)
2223 [main] INFO  o.s.w.s.m.m.a.RequestMappingHandlerMapping - Mapped "{[/importDicomFileSetDescriptor],methods=[POST],produces=[text/xml]}" onto public java.lang.String repository.ImportController.importDicomData(repository.DicomFileSetDescriptor,java.lang.String)
2224 [main] INFO  o.s.w.s.m.m.a.RequestMappingHandlerMapping - Mapped "{[/importNonDicomFileSetDescriptor],methods=[POST],produces=[text/xml]}" onto public java.lang.String repository.ImportController.importNonDicomData(repository.NonDicomFileSetDescriptor,java.lang.String)
2229 [main] INFO  o.s.w.s.m.m.a.RequestMappingHandlerMapping - Mapped "{[/error]}" onto public org.springframework.http.ResponseEntity<java.util.Map<java.lang.String, java.lang.Object>> org.springframework.boot.autoconfigure.web.servlet.error.BasicErrorController.error(javax.servlet.http.HttpServletRequest)
2229 [main] INFO  o.s.w.s.m.m.a.RequestMappingHandlerMapping - Mapped "{[/error],produces=[text/html]}" onto public org.springframework.web.servlet.ModelAndView org.springframework.boot.autoconfigure.web.servlet.error.BasicErrorController.errorHtml(javax.servlet.http.HttpServletRequest,javax.servlet.http.HttpServletResponse)
2280 [main] INFO  o.s.w.s.h.SimpleUrlHandlerMapping - Mapped URL path [/webjars/**] onto handler of type [class org.springframework.web.servlet.resource.ResourceHttpRequestHandler]
2280 [main] INFO  o.s.w.s.h.SimpleUrlHandlerMapping - Mapped URL path [/**] onto handler of type [class org.springframework.web.servlet.resource.ResourceHttpRequestHandler]
2335 [main] INFO  o.s.w.s.h.SimpleUrlHandlerMapping - Mapped URL path [/**/favicon.ico] onto handler of type [class org.springframework.web.servlet.resource.ResourceHttpRequestHandler]
2609 [main] INFO  o.s.j.e.a.AnnotationMBeanExporter - Registering beans for JMX exposure on startup
2628 [main] INFO  o.a.coyote.http11.Http11NioProtocol - Starting ProtocolHandler ["http-nio-8090"]
2651 [main] INFO  o.a.tomcat.util.net.NioSelectorPool - Using a shared selector for servlet write/read
2669 [main] INFO  o.s.b.w.e.tomcat.TomcatWebServer - Tomcat started on port(s): 8090 (http) with context path ''
2673 [main] INFO  repository.Application - Started Application in 2.41 seconds (JVM running for 9.527)
2675 [main] INFO  repository.Application - dockerHost : localhost:8080
2675 [main] INFO  repository.Application - starDogUrl : http://localhost:5820
2675 [main] INFO  repository.Application - pathOntology : OntoMEDIRADV1_2/ontoMediradV1.2.owl
3269 [main] DEBUG Jena - Jena initialization
3335 [main] DEBUG org.apache.jena.util.FileManager - Add location: LocatorFile
3335 [main] DEBUG org.apache.jena.util.FileManager - Add location: ClassLoaderLocator
3337 [main] DEBUG org.apache.jena.util.LocationMapper - Failed to find configuration: file:location-mapping.rdf;file:location-mapping.n3;file:location-mapping.ttl;file:etc/location-mapping.rdf;file:etc/location-mapping.n3;file:etc/location-mapping.ttl
3338 [main] DEBUG org.apache.jena.util.FileManager - Add location: LocatorFile
3339 [main] DEBUG org.apache.jena.util.FileManager - Add location: LocatorURL
3339 [main] DEBUG org.apache.jena.util.FileManager - Add location: ClassLoaderLocator
3345 [main] DEBUG o.a.j.r.s.stream.JenaIOEnvironment - Failed to find configuration: location-mapping.ttl;location-mapping.rdf;location-mapping.n3;etc/location-mapping.rdf;etc/location-mapping.n3;etc/location-mapping.ttl
3932 [main] DEBUG org.apache.jena.info - System architecture: 64 bit
3952 [main] DEBUG org.apache.jena.info - System architecture: 64 bit
4021 [main] DEBUG o.a.j.r.rulesys.FBRuleInfGraph - Adding rule [ (?a rdfs:isDefinedBy ?b) -> (?a rdfs:seeAlso ?b) ]
4021 [main] DEBUG o.a.j.r.rulesys.FBRuleInfGraph - Adding rule [ (?x rdf:rest ?y) -> (?y rdf:type rdf:List) ]
4021 [main] DEBUG o.a.j.r.rulesys.FBRuleInfGraph - Adding rule [ (?x rdfs:label ?y) -> (?y rdf:type rdfs:Literal) ]
4021 [main] DEBUG o.a.j.r.rulesys.FBRuleInfGraph - Adding rule [ (?x rdfs:comment ?y) -> (?y rdf:type rdfs:Literal) ]
4021 [main] DEBUG o.a.j.r.rulesys.FBRuleInfGraph - Adding rule [ (?x rdfs:range ?y) -> (?y rdf:type rdfs:Class) ]
4022 [main] DEBUG o.a.j.r.rulesys.FBRuleInfGraph - Adding rule [ (?x rdfs:domain ?y) -> (?y rdf:type rdfs:Class) ]
4022 [main] DEBUG o.a.j.r.rulesys.FBRuleInfGraph - Adding rule [ (?x rdfs:subClassOf ?y) -> (?y rdf:type rdfs:Class) ]
4022 [main] DEBUG o.a.j.r.rulesys.FBRuleInfGraph - Adding rule [ (?x rdfs:subPropertyOf ?y) -> (?y rdf:type rdf:Property) ]
4022 [main] DEBUG o.a.j.r.rulesys.FBRuleInfGraph - Adding rule [ (?x rdf:rest ?y) -> (?x rdf:type rdf:List) ]
4022 [main] DEBUG o.a.j.r.rulesys.FBRuleInfGraph - Adding rule [ (?x rdf:first ?y) -> (?x rdf:type rdf:List) ]
4022 [main] DEBUG o.a.j.r.rulesys.FBRuleInfGraph - Adding rule [ (?x rdf:object ?y) -> (?x rdf:type rdf:Statement) ]
4022 [main] DEBUG o.a.j.r.rulesys.FBRuleInfGraph - Adding rule [ (?x rdf:predicate ?y) -> (?x rdf:type rdf:Statement) ]
4023 [main] DEBUG o.a.j.r.rulesys.FBRuleInfGraph - Adding rule [ (?x rdf:subject ?y) -> (?x rdf:type rdf:Statement) ]
4023 [main] DEBUG o.a.j.r.rulesys.FBRuleInfGraph - Adding rule [ (?x rdfs:range ?y) -> (?x rdf:type rdf:Property) ]
4023 [main] DEBUG o.a.j.r.rulesys.FBRuleInfGraph - Adding rule [ (?x rdfs:domain ?y) -> (?x rdf:type rdf:Property) ]
4023 [main] DEBUG o.a.j.r.rulesys.FBRuleInfGraph - Adding rule [ (?x rdfs:subClassOf ?y) -> (?x rdf:type rdfs:Class) ]
4023 [main] DEBUG o.a.j.r.rulesys.FBRuleInfGraph - Adding rule [ (?x rdfs:subPropertyOf ?y) -> (?x rdf:type rdf:Property) ]
4024 [main] DEBUG o.a.j.r.rulesys.FBRuleInfGraph - Adding rule [ (?x rdf:type ?y) -> (?y rdf:type rdfs:Class) ]
4027 [main] DEBUG org.apache.jena.util.FileManager - Add location: LocatorFile
4027 [main] DEBUG org.apache.jena.util.FileManager - Add location: LocatorURL
4027 [main] DEBUG org.apache.jena.util.FileManager - Add location: ClassLoaderLocator
4028 [main] DEBUG org.apache.jena.util.FileManager - Found: ont-policy.rdf (ClassLoaderLocator)
4084 [main] DEBUG o.a.j.r.system.stream.StreamManager - open(OntoMEDIRADV1_2/ontoMediradV1.2.owl)
4084 [main] DEBUG o.a.j.r.system.stream.StreamManager - Not mapped: OntoMEDIRADV1_2/ontoMediradV1.2.owl
4086 [main] DEBUG o.a.j.r.system.stream.StreamManager - Found: OntoMEDIRADV1_2/ontoMediradV1.2.owl (LocatorFile)
4243 [main] DEBUG org.apache.jena.util.FileManager - readModel(model,http://ontofox.hegroup.org/PATO_for_OntoMEDIRAD.owl)
4243 [main] DEBUG org.apache.jena.util.FileManager - readModel(model,http://ontofox.hegroup.org/PATO_for_OntoMEDIRAD.owl, null)
4243 [main] DEBUG o.a.j.r.system.stream.StreamManager - Not mapped: http://ontofox.hegroup.org/PATO_for_OntoMEDIRAD.owl
4455 [main] DEBUG org.apache.jena.riot.web.HttpOp - [1] GET http://ontofox.hegroup.org/PATO_for_OntoMEDIRAD.owl
4838 [main] DEBUG org.apache.jena.riot.web.HttpOp - [1] 404 Not Found
4842 [main] WARN  o.a.j.ontology.OntDocumentManager - An error occurred while attempting to read from http://ontofox.hegroup.org/PATO_for_OntoMEDIRAD.owl. Msg was '404 - Not Found'.
org.apache.jena.atlas.web.HttpException: 404 - Not Found
	at org.apache.jena.riot.web.HttpOp.exec(HttpOp.java:1091)
	at org.apache.jena.riot.web.HttpOp.execHttpGet(HttpOp.java:308)
	at org.apache.jena.riot.web.HttpOp.execHttpGet(HttpOp.java:343)
	at org.apache.jena.riot.system.stream.LocatorHTTP.performOpen(LocatorHTTP.java:42)
	at org.apache.jena.riot.system.stream.LocatorURL.open(LocatorURL.java:44)
	at org.apache.jena.riot.system.stream.StreamManager.openNoMapOrNull(StreamManager.java:168)
	at org.apache.jena.riot.adapters.AdapterFileManager.readModelWorker(AdapterFileManager.java:289)
	at org.apache.jena.util.FileManager.readModel(FileManager.java:342)
	at org.apache.jena.util.FileManager.readModel(FileManager.java:326)
	at org.apache.jena.ontology.OntDocumentManager.read(OntDocumentManager.java:1062)
	at org.apache.jena.ontology.OntDocumentManager$1.readModel(OntDocumentManager.java:1032)
	at org.apache.jena.rdf.model.impl.ModelMakerImpl.getModel(ModelMakerImpl.java:104)
	at org.apache.jena.ontology.OntDocumentManager.fetchLoadedImportModel(OntDocumentManager.java:1029)
	at org.apache.jena.ontology.OntDocumentManager.fetchPossiblyCachedImportModel(OntDocumentManager.java:1001)
	at org.apache.jena.ontology.OntDocumentManager.loadImport(OntDocumentManager.java:974)
	at org.apache.jena.ontology.OntDocumentManager.loadImports(OntDocumentManager.java:768)
	at org.apache.jena.ontology.OntDocumentManager.loadImports(OntDocumentManager.java:706)
	at org.apache.jena.ontology.impl.OntModelImpl.loadImports(OntModelImpl.java:1964)
	at org.apache.jena.ontology.impl.OntModelImpl.read(OntModelImpl.java:2134)
	at repository.Application.loadOntology(Application.java:49)
	at repository.Application.main(Application.java:39)
	at sun.reflect.NativeMethodAccessorImpl.invoke0(Native Method)
	at sun.reflect.NativeMethodAccessorImpl.invoke(NativeMethodAccessorImpl.java:62)
	at sun.reflect.DelegatingMethodAccessorImpl.invoke(DelegatingMethodAccessorImpl.java:43)
	at java.lang.reflect.Method.invoke(Method.java:498)
	at org.springframework.boot.maven.AbstractRunMojo$LaunchRunner.run(AbstractRunMojo.java:496)
	at java.lang.Thread.run(Thread.java:748)
4843 [main] DEBUG org.apache.jena.util.FileManager - readModel(model,http://purl.obolibrary.org/obo/bfo/2014-05-03/bfo.owl)
4843 [main] DEBUG org.apache.jena.util.FileManager - readModel(model,http://purl.obolibrary.org/obo/bfo/2014-05-03/bfo.owl, null)
4843 [main] DEBUG o.a.j.r.system.stream.StreamManager - Not mapped: http://purl.obolibrary.org/obo/bfo/2014-05-03/bfo.owl
4843 [main] DEBUG org.apache.jena.riot.web.HttpOp - [2] GET http://purl.obolibrary.org/obo/bfo/2014-05-03/bfo.owl
7321 [main] DEBUG o.a.j.r.system.stream.StreamManager - Found: http://purl.obolibrary.org/obo/bfo/2014-05-03/bfo.owl (LocatorHTTP)
7410 [main] DEBUG org.apache.jena.util.FileManager - readModel(model,http://ontofox.hegroup.org/FMA_for_OntoMEDIRAD.owl)
7410 [main] DEBUG org.apache.jena.util.FileManager - readModel(model,http://ontofox.hegroup.org/FMA_for_OntoMEDIRAD.owl, null)
7410 [main] DEBUG o.a.j.r.system.stream.StreamManager - Not mapped: http://ontofox.hegroup.org/FMA_for_OntoMEDIRAD.owl
7411 [main] DEBUG org.apache.jena.riot.web.HttpOp - [3] GET http://ontofox.hegroup.org/FMA_for_OntoMEDIRAD.owl
7526 [main] DEBUG org.apache.jena.riot.web.HttpOp - [3] 404 Not Found
7526 [main] WARN  o.a.j.ontology.OntDocumentManager - An error occurred while attempting to read from http://ontofox.hegroup.org/FMA_for_OntoMEDIRAD.owl. Msg was '404 - Not Found'.
org.apache.jena.atlas.web.HttpException: 404 - Not Found
	at org.apache.jena.riot.web.HttpOp.exec(HttpOp.java:1091)
	at org.apache.jena.riot.web.HttpOp.execHttpGet(HttpOp.java:308)
	at org.apache.jena.riot.web.HttpOp.execHttpGet(HttpOp.java:343)
	at org.apache.jena.riot.system.stream.LocatorHTTP.performOpen(LocatorHTTP.java:42)
	at org.apache.jena.riot.system.stream.LocatorURL.open(LocatorURL.java:44)
	at org.apache.jena.riot.system.stream.StreamManager.openNoMapOrNull(StreamManager.java:168)
	at org.apache.jena.riot.adapters.AdapterFileManager.readModelWorker(AdapterFileManager.java:289)
	at org.apache.jena.util.FileManager.readModel(FileManager.java:342)
	at org.apache.jena.util.FileManager.readModel(FileManager.java:326)
	at org.apache.jena.ontology.OntDocumentManager.read(OntDocumentManager.java:1062)
	at org.apache.jena.ontology.OntDocumentManager$1.readModel(OntDocumentManager.java:1032)
	at org.apache.jena.rdf.model.impl.ModelMakerImpl.getModel(ModelMakerImpl.java:104)
	at org.apache.jena.ontology.OntDocumentManager.fetchLoadedImportModel(OntDocumentManager.java:1029)
	at org.apache.jena.ontology.OntDocumentManager.fetchPossiblyCachedImportModel(OntDocumentManager.java:1001)
	at org.apache.jena.ontology.OntDocumentManager.loadImport(OntDocumentManager.java:974)
	at org.apache.jena.ontology.OntDocumentManager.loadImports(OntDocumentManager.java:768)
	at org.apache.jena.ontology.OntDocumentManager.loadImports(OntDocumentManager.java:706)
	at org.apache.jena.ontology.impl.OntModelImpl.loadImports(OntModelImpl.java:1964)
	at org.apache.jena.ontology.impl.OntModelImpl.read(OntModelImpl.java:2134)
	at repository.Application.loadOntology(Application.java:49)
	at repository.Application.main(Application.java:39)
	at sun.reflect.NativeMethodAccessorImpl.invoke0(Native Method)
	at sun.reflect.NativeMethodAccessorImpl.invoke(NativeMethodAccessorImpl.java:62)
	at sun.reflect.DelegatingMethodAccessorImpl.invoke(DelegatingMethodAccessorImpl.java:43)
	at java.lang.reflect.Method.invoke(Method.java:498)
	at org.springframework.boot.maven.AbstractRunMojo$LaunchRunner.run(AbstractRunMojo.java:496)
	at java.lang.Thread.run(Thread.java:748)
7526 [main] DEBUG org.apache.jena.util.FileManager - readModel(model,http://medicis.univ-rennes1.fr/ontologies/ontospm/MEDIRADClinicalResearchStudies.owl)
7527 [main] DEBUG org.apache.jena.util.FileManager - readModel(model,http://medicis.univ-rennes1.fr/ontologies/ontospm/MEDIRADClinicalResearchStudies.owl, null)
7527 [main] DEBUG o.a.j.r.system.stream.StreamManager - Not mapped: http://medicis.univ-rennes1.fr/ontologies/ontospm/MEDIRADClinicalResearchStudies.owl
7527 [main] DEBUG org.apache.jena.riot.web.HttpOp - [4] GET http://medicis.univ-rennes1.fr/ontologies/ontospm/MEDIRADClinicalResearchStudies.owl
7851 [main] DEBUG o.a.j.r.system.stream.StreamManager - Found: http://medicis.univ-rennes1.fr/ontologies/ontospm/MEDIRADClinicalResearchStudies.owl (LocatorHTTP)
68503 [main] WARN  org.apache.jena.riot - [line: 8, col: 78] {W136} Relative URIs are not permitted in RDF: specifically <lang>
68504 [main] WARN  org.apache.jena.riot - [line: 8, col: 78] {W102} Unqualified property attributes are not allowed. Property treated as a relative URI.
68504 [main] WARN  org.apache.jena.riot - [line: 8, col: 78] {W136} Relative URIs are not permitted in RDF: specifically <dir>
68504 [main] WARN  org.apache.jena.riot - [line: 8, col: 78] {W102} Unqualified property attributes are not allowed. Property treated as a relative URI.
68504 [main] WARN  org.apache.jena.riot - [line: 14, col: 72] {W136} Relative URIs are not permitted in RDF: specifically <http-equiv>
68504 [main] WARN  org.apache.jena.riot - [line: 14, col: 72] {W102} Unqualified property attributes are not allowed. Property treated as a relative URI.
68504 [main] WARN  org.apache.jena.riot - [line: 14, col: 72] {W136} Relative URIs are not permitted in RDF: specifically <content>
68504 [main] WARN  org.apache.jena.riot - [line: 14, col: 72] {W102} Unqualified property attributes are not allowed. Property treated as a relative URI.
68505 [main] ERROR org.apache.jena.riot - [line: 18, col: 10] {E201} Multiple children of property element
68506 [main] WARN  o.a.j.ontology.OntDocumentManager - An error occurred while attempting to read from http://medicis.univ-rennes1.fr/ontologies/ontospm/MEDIRADClinicalResearchStudies.owl. Msg was '[line: 18, col: 10] {E201} Multiple children of property element'.
org.apache.jena.riot.RiotException: [line: 18, col: 10] {E201} Multiple children of property element
	at org.apache.jena.riot.system.ErrorHandlerFactory$ErrorHandlerStd.error(ErrorHandlerFactory.java:140)
	at org.apache.jena.riot.lang.ReaderRIOTRDFXML$ErrorHandlerBridge.error(ReaderRIOTRDFXML.java:307)
	at org.apache.jena.rdfxml.xmlinput.impl.ARPSaxErrorHandler.error(ARPSaxErrorHandler.java:37)
	at org.apache.jena.rdfxml.xmlinput.impl.XMLHandler.warning(XMLHandler.java:196)
	at org.apache.jena.rdfxml.xmlinput.impl.XMLHandler.warning(XMLHandler.java:173)
	at org.apache.jena.rdfxml.xmlinput.impl.XMLHandler.warning(XMLHandler.java:168)
	at org.apache.jena.rdfxml.xmlinput.impl.ParserSupport.warning(ParserSupport.java:207)
	at org.apache.jena.rdfxml.xmlinput.states.Frame.warning(Frame.java:55)
	at org.apache.jena.rdfxml.xmlinput.states.WantLiteralValueOrDescription.startElement(WantLiteralValueOrDescription.java:38)
	at org.apache.jena.rdfxml.xmlinput.impl.XMLHandler.startElement(XMLHandler.java:111)
	at org.apache.xerces.parsers.AbstractSAXParser.startElement(Unknown Source)
	at org.apache.xerces.impl.XMLNamespaceBinder.handleStartElement(Unknown Source)
	at org.apache.xerces.impl.XMLNamespaceBinder.startElement(Unknown Source)
	at org.apache.xerces.impl.dtd.XMLDTDValidator.startElement(Unknown Source)
	at org.apache.xerces.impl.XMLDocumentFragmentScannerImpl.scanStartElement(Unknown Source)
	at org.apache.xerces.impl.XMLDocumentFragmentScannerImpl$FragmentContentDispatcher.dispatch(Unknown Source)
	at org.apache.xerces.impl.XMLDocumentFragmentScannerImpl.scanDocument(Unknown Source)
	at org.apache.xerces.parsers.DTDConfiguration.parse(Unknown Source)
	at org.apache.xerces.parsers.DTDConfiguration.parse(Unknown Source)
	at org.apache.xerces.parsers.XMLParser.parse(Unknown Source)
	at org.apache.xerces.parsers.AbstractSAXParser.parse(Unknown Source)
	at org.apache.jena.rdfxml.xmlinput.impl.RDFXMLParser.parse(RDFXMLParser.java:150)
	at org.apache.jena.rdfxml.xmlinput.ARP.load(ARP.java:118)
	at org.apache.jena.riot.lang.ReaderRIOTRDFXML.parse(ReaderRIOTRDFXML.java:188)
	at org.apache.jena.riot.lang.ReaderRIOTRDFXML.read(ReaderRIOTRDFXML.java:86)
	at org.apache.jena.riot.RDFParser.read(RDFParser.java:352)
	at org.apache.jena.riot.RDFParser.parseNotUri(RDFParser.java:342)
	at org.apache.jena.riot.RDFParser.parse(RDFParser.java:291)
	at org.apache.jena.riot.RDFParserBuilder.parse(RDFParserBuilder.java:500)
	at org.apache.jena.riot.RDFDataMgr.parseFromInputStream(RDFDataMgr.java:870)
	at org.apache.jena.riot.RDFDataMgr.read(RDFDataMgr.java:268)
	at org.apache.jena.riot.RDFDataMgr.read(RDFDataMgr.java:254)
	at org.apache.jena.riot.adapters.RDFReaderRIOT.read(RDFReaderRIOT.java:69)
	at org.apache.jena.rdf.model.impl.ModelCom.read(ModelCom.java:305)
	at org.apache.jena.riot.adapters.AdapterFileManager.readModelWorker(AdapterFileManager.java:297)
	at org.apache.jena.util.FileManager.readModel(FileManager.java:342)
	at org.apache.jena.util.FileManager.readModel(FileManager.java:326)
	at org.apache.jena.ontology.OntDocumentManager.read(OntDocumentManager.java:1062)
	at org.apache.jena.ontology.OntDocumentManager$1.readModel(OntDocumentManager.java:1032)
	at org.apache.jena.rdf.model.impl.ModelMakerImpl.getModel(ModelMakerImpl.java:104)
	at org.apache.jena.ontology.OntDocumentManager.fetchLoadedImportModel(OntDocumentManager.java:1029)
	at org.apache.jena.ontology.OntDocumentManager.fetchPossiblyCachedImportModel(OntDocumentManager.java:1001)
	at org.apache.jena.ontology.OntDocumentManager.loadImport(OntDocumentManager.java:974)
	at org.apache.jena.ontology.OntDocumentManager.loadImports(OntDocumentManager.java:768)
	at org.apache.jena.ontology.OntDocumentManager.loadImports(OntDocumentManager.java:706)
	at org.apache.jena.ontology.impl.OntModelImpl.loadImports(OntModelImpl.java:1964)
	at org.apache.jena.ontology.impl.OntModelImpl.read(OntModelImpl.java:2134)
	at repository.Application.loadOntology(Application.java:49)
	at repository.Application.main(Application.java:39)
	at sun.reflect.NativeMethodAccessorImpl.invoke0(Native Method)
	at sun.reflect.NativeMethodAccessorImpl.invoke(NativeMethodAccessorImpl.java:62)
	at sun.reflect.DelegatingMethodAccessorImpl.invoke(DelegatingMethodAccessorImpl.java:43)
	at java.lang.reflect.Method.invoke(Method.java:498)
	at org.springframework.boot.maven.AbstractRunMojo$LaunchRunner.run(AbstractRunMojo.java:496)
	at java.lang.Thread.run(Thread.java:748)
68506 [main] DEBUG org.apache.jena.util.FileManager - readModel(model,http://medicis.univ-rennes1.fr/ontologies/ontospm/IAO_for_OntoSPM.owl)
68506 [main] DEBUG org.apache.jena.util.FileManager - readModel(model,http://medicis.univ-rennes1.fr/ontologies/ontospm/IAO_for_OntoSPM.owl, null)
68506 [main] DEBUG o.a.j.r.system.stream.StreamManager - Not mapped: http://medicis.univ-rennes1.fr/ontologies/ontospm/IAO_for_OntoSPM.owl
68506 [main] DEBUG org.apache.jena.riot.web.HttpOp - [5] GET http://medicis.univ-rennes1.fr/ontologies/ontospm/IAO_for_OntoSPM.owl
68515 [main] INFO  o.a.http.impl.execchain.RetryExec - I/O exception (org.apache.http.NoHttpResponseException) caught when processing request to {s}->https://medicis.univ-rennes1.fr:443: The target server failed to respond
68516 [main] INFO  o.a.http.impl.execchain.RetryExec - Retrying request to {s}->https://medicis.univ-rennes1.fr:443
68548 [main] DEBUG o.a.j.r.system.stream.StreamManager - Found: http://medicis.univ-rennes1.fr/ontologies/ontospm/IAO_for_OntoSPM.owl (LocatorHTTP)
68567 [main] DEBUG org.apache.jena.util.FileManager - readModel(model,http://medicis.univ-rennes1.fr/ontologies/radiopharmaceuticals.owl)
68567 [main] DEBUG org.apache.jena.util.FileManager - readModel(model,http://medicis.univ-rennes1.fr/ontologies/radiopharmaceuticals.owl, null)
68567 [main] DEBUG o.a.j.r.system.stream.StreamManager - Not mapped: http://medicis.univ-rennes1.fr/ontologies/radiopharmaceuticals.owl
68567 [main] DEBUG org.apache.jena.riot.web.HttpOp - [6] GET http://medicis.univ-rennes1.fr/ontologies/radiopharmaceuticals.owl
68792 [main] DEBUG o.a.j.r.system.stream.StreamManager - Found: http://medicis.univ-rennes1.fr/ontologies/radiopharmaceuticals.owl (LocatorHTTP)
129419 [main] WARN  org.apache.jena.riot - [line: 8, col: 78] {W136} Relative URIs are not permitted in RDF: specifically <lang>
129419 [main] WARN  org.apache.jena.riot - [line: 8, col: 78] {W102} Unqualified property attributes are not allowed. Property treated as a relative URI.
129420 [main] WARN  org.apache.jena.riot - [line: 8, col: 78] {W136} Relative URIs are not permitted in RDF: specifically <dir>
129420 [main] WARN  org.apache.jena.riot - [line: 8, col: 78] {W102} Unqualified property attributes are not allowed. Property treated as a relative URI.
129420 [main] WARN  org.apache.jena.riot - [line: 14, col: 72] {W136} Relative URIs are not permitted in RDF: specifically <http-equiv>
129420 [main] WARN  org.apache.jena.riot - [line: 14, col: 72] {W102} Unqualified property attributes are not allowed. Property treated as a relative URI.
129420 [main] WARN  org.apache.jena.riot - [line: 14, col: 72] {W136} Relative URIs are not permitted in RDF: specifically <content>
129420 [main] WARN  org.apache.jena.riot - [line: 14, col: 72] {W102} Unqualified property attributes are not allowed. Property treated as a relative URI.
129420 [main] ERROR org.apache.jena.riot - [line: 18, col: 10] {E201} Multiple children of property element
129422 [main] WARN  o.a.j.ontology.OntDocumentManager - An error occurred while attempting to read from http://medicis.univ-rennes1.fr/ontologies/radiopharmaceuticals.owl. Msg was '[line: 18, col: 10] {E201} Multiple children of property element'.
org.apache.jena.riot.RiotException: [line: 18, col: 10] {E201} Multiple children of property element
	at org.apache.jena.riot.system.ErrorHandlerFactory$ErrorHandlerStd.error(ErrorHandlerFactory.java:140)
	at org.apache.jena.riot.lang.ReaderRIOTRDFXML$ErrorHandlerBridge.error(ReaderRIOTRDFXML.java:307)
	at org.apache.jena.rdfxml.xmlinput.impl.ARPSaxErrorHandler.error(ARPSaxErrorHandler.java:37)
	at org.apache.jena.rdfxml.xmlinput.impl.XMLHandler.warning(XMLHandler.java:196)
	at org.apache.jena.rdfxml.xmlinput.impl.XMLHandler.warning(XMLHandler.java:173)
	at org.apache.jena.rdfxml.xmlinput.impl.XMLHandler.warning(XMLHandler.java:168)
	at org.apache.jena.rdfxml.xmlinput.impl.ParserSupport.warning(ParserSupport.java:207)
	at org.apache.jena.rdfxml.xmlinput.states.Frame.warning(Frame.java:55)
	at org.apache.jena.rdfxml.xmlinput.states.WantLiteralValueOrDescription.startElement(WantLiteralValueOrDescription.java:38)
	at org.apache.jena.rdfxml.xmlinput.impl.XMLHandler.startElement(XMLHandler.java:111)
	at org.apache.xerces.parsers.AbstractSAXParser.startElement(Unknown Source)
	at org.apache.xerces.impl.XMLNamespaceBinder.handleStartElement(Unknown Source)
	at org.apache.xerces.impl.XMLNamespaceBinder.startElement(Unknown Source)
	at org.apache.xerces.impl.dtd.XMLDTDValidator.startElement(Unknown Source)
	at org.apache.xerces.impl.XMLDocumentFragmentScannerImpl.scanStartElement(Unknown Source)
	at org.apache.xerces.impl.XMLDocumentFragmentScannerImpl$FragmentContentDispatcher.dispatch(Unknown Source)
	at org.apache.xerces.impl.XMLDocumentFragmentScannerImpl.scanDocument(Unknown Source)
	at org.apache.xerces.parsers.DTDConfiguration.parse(Unknown Source)
	at org.apache.xerces.parsers.DTDConfiguration.parse(Unknown Source)
	at org.apache.xerces.parsers.XMLParser.parse(Unknown Source)
	at org.apache.xerces.parsers.AbstractSAXParser.parse(Unknown Source)
	at org.apache.jena.rdfxml.xmlinput.impl.RDFXMLParser.parse(RDFXMLParser.java:150)
	at org.apache.jena.rdfxml.xmlinput.ARP.load(ARP.java:118)
	at org.apache.jena.riot.lang.ReaderRIOTRDFXML.parse(ReaderRIOTRDFXML.java:188)
	at org.apache.jena.riot.lang.ReaderRIOTRDFXML.read(ReaderRIOTRDFXML.java:86)
	at org.apache.jena.riot.RDFParser.read(RDFParser.java:352)
	at org.apache.jena.riot.RDFParser.parseNotUri(RDFParser.java:342)
	at org.apache.jena.riot.RDFParser.parse(RDFParser.java:291)
	at org.apache.jena.riot.RDFParserBuilder.parse(RDFParserBuilder.java:500)
	at org.apache.jena.riot.RDFDataMgr.parseFromInputStream(RDFDataMgr.java:870)
	at org.apache.jena.riot.RDFDataMgr.read(RDFDataMgr.java:268)
	at org.apache.jena.riot.RDFDataMgr.read(RDFDataMgr.java:254)
	at org.apache.jena.riot.adapters.RDFReaderRIOT.read(RDFReaderRIOT.java:69)
	at org.apache.jena.rdf.model.impl.ModelCom.read(ModelCom.java:305)
	at org.apache.jena.riot.adapters.AdapterFileManager.readModelWorker(AdapterFileManager.java:297)
	at org.apache.jena.util.FileManager.readModel(FileManager.java:342)
	at org.apache.jena.util.FileManager.readModel(FileManager.java:326)
	at org.apache.jena.ontology.OntDocumentManager.read(OntDocumentManager.java:1062)
	at org.apache.jena.ontology.OntDocumentManager$1.readModel(OntDocumentManager.java:1032)
	at org.apache.jena.rdf.model.impl.ModelMakerImpl.getModel(ModelMakerImpl.java:104)
	at org.apache.jena.ontology.OntDocumentManager.fetchLoadedImportModel(OntDocumentManager.java:1029)
	at org.apache.jena.ontology.OntDocumentManager.fetchPossiblyCachedImportModel(OntDocumentManager.java:1001)
	at org.apache.jena.ontology.OntDocumentManager.loadImport(OntDocumentManager.java:974)
	at org.apache.jena.ontology.OntDocumentManager.loadImports(OntDocumentManager.java:768)
	at org.apache.jena.ontology.OntDocumentManager.loadImports(OntDocumentManager.java:706)
	at org.apache.jena.ontology.impl.OntModelImpl.loadImports(OntModelImpl.java:1964)
	at org.apache.jena.ontology.impl.OntModelImpl.read(OntModelImpl.java:2134)
	at repository.Application.loadOntology(Application.java:49)
	at repository.Application.main(Application.java:39)
	at sun.reflect.NativeMethodAccessorImpl.invoke0(Native Method)
	at sun.reflect.NativeMethodAccessorImpl.invoke(NativeMethodAccessorImpl.java:62)
	at sun.reflect.DelegatingMethodAccessorImpl.invoke(DelegatingMethodAccessorImpl.java:43)
	at java.lang.reflect.Method.invoke(Method.java:498)
	at org.springframework.boot.maven.AbstractRunMojo$LaunchRunner.run(AbstractRunMojo.java:496)
	at java.lang.Thread.run(Thread.java:748)
129423 [main] DEBUG org.apache.jena.util.FileManager - readModel(model,http://medicis.univ-rennes1.fr/ontologies/ontospm/UO_for_OntoMEDIRAD.owl)
129423 [main] DEBUG org.apache.jena.util.FileManager - readModel(model,http://medicis.univ-rennes1.fr/ontologies/ontospm/UO_for_OntoMEDIRAD.owl, null)
129423 [main] DEBUG o.a.j.r.system.stream.StreamManager - Not mapped: http://medicis.univ-rennes1.fr/ontologies/ontospm/UO_for_OntoMEDIRAD.owl
129423 [main] DEBUG org.apache.jena.riot.web.HttpOp - [7] GET http://medicis.univ-rennes1.fr/ontologies/ontospm/UO_for_OntoMEDIRAD.owl
129433 [main] INFO  o.a.http.impl.execchain.RetryExec - I/O exception (java.net.SocketException) caught when processing request to {s}->https://medicis.univ-rennes1.fr:443: Broken pipe (Write failed)
129434 [main] INFO  o.a.http.impl.execchain.RetryExec - Retrying request to {s}->https://medicis.univ-rennes1.fr:443
129747 [main] DEBUG o.a.j.r.system.stream.StreamManager - Found: http://medicis.univ-rennes1.fr/ontologies/ontospm/UO_for_OntoMEDIRAD.owl (LocatorHTTP)
190370 [main] WARN  org.apache.jena.riot - [line: 8, col: 78] {W136} Relative URIs are not permitted in RDF: specifically <lang>
190370 [main] WARN  org.apache.jena.riot - [line: 8, col: 78] {W102} Unqualified property attributes are not allowed. Property treated as a relative URI.
190370 [main] WARN  org.apache.jena.riot - [line: 8, col: 78] {W136} Relative URIs are not permitted in RDF: specifically <dir>
190370 [main] WARN  org.apache.jena.riot - [line: 8, col: 78] {W102} Unqualified property attributes are not allowed. Property treated as a relative URI.
190370 [main] WARN  org.apache.jena.riot - [line: 14, col: 72] {W136} Relative URIs are not permitted in RDF: specifically <http-equiv>
190371 [main] WARN  org.apache.jena.riot - [line: 14, col: 72] {W102} Unqualified property attributes are not allowed. Property treated as a relative URI.
190371 [main] WARN  org.apache.jena.riot - [line: 14, col: 72] {W136} Relative URIs are not permitted in RDF: specifically <content>
190371 [main] WARN  org.apache.jena.riot - [line: 14, col: 72] {W102} Unqualified property attributes are not allowed. Property treated as a relative URI.
190371 [main] ERROR org.apache.jena.riot - [line: 18, col: 10] {E201} Multiple children of property element
190373 [main] WARN  o.a.j.ontology.OntDocumentManager - An error occurred while attempting to read from http://medicis.univ-rennes1.fr/ontologies/ontospm/UO_for_OntoMEDIRAD.owl. Msg was '[line: 18, col: 10] {E201} Multiple children of property element'.
org.apache.jena.riot.RiotException: [line: 18, col: 10] {E201} Multiple children of property element
	at org.apache.jena.riot.system.ErrorHandlerFactory$ErrorHandlerStd.error(ErrorHandlerFactory.java:140)
	at org.apache.jena.riot.lang.ReaderRIOTRDFXML$ErrorHandlerBridge.error(ReaderRIOTRDFXML.java:307)
	at org.apache.jena.rdfxml.xmlinput.impl.ARPSaxErrorHandler.error(ARPSaxErrorHandler.java:37)
	at org.apache.jena.rdfxml.xmlinput.impl.XMLHandler.warning(XMLHandler.java:196)
	at org.apache.jena.rdfxml.xmlinput.impl.XMLHandler.warning(XMLHandler.java:173)
	at org.apache.jena.rdfxml.xmlinput.impl.XMLHandler.warning(XMLHandler.java:168)
	at org.apache.jena.rdfxml.xmlinput.impl.ParserSupport.warning(ParserSupport.java:207)
	at org.apache.jena.rdfxml.xmlinput.states.Frame.warning(Frame.java:55)
	at org.apache.jena.rdfxml.xmlinput.states.WantLiteralValueOrDescription.startElement(WantLiteralValueOrDescription.java:38)
	at org.apache.jena.rdfxml.xmlinput.impl.XMLHandler.startElement(XMLHandler.java:111)
	at org.apache.xerces.parsers.AbstractSAXParser.startElement(Unknown Source)
	at org.apache.xerces.impl.XMLNamespaceBinder.handleStartElement(Unknown Source)
	at org.apache.xerces.impl.XMLNamespaceBinder.startElement(Unknown Source)
	at org.apache.xerces.impl.dtd.XMLDTDValidator.startElement(Unknown Source)
	at org.apache.xerces.impl.XMLDocumentFragmentScannerImpl.scanStartElement(Unknown Source)
	at org.apache.xerces.impl.XMLDocumentFragmentScannerImpl$FragmentContentDispatcher.dispatch(Unknown Source)
	at org.apache.xerces.impl.XMLDocumentFragmentScannerImpl.scanDocument(Unknown Source)
	at org.apache.xerces.parsers.DTDConfiguration.parse(Unknown Source)
	at org.apache.xerces.parsers.DTDConfiguration.parse(Unknown Source)
	at org.apache.xerces.parsers.XMLParser.parse(Unknown Source)
	at org.apache.xerces.parsers.AbstractSAXParser.parse(Unknown Source)
	at org.apache.jena.rdfxml.xmlinput.impl.RDFXMLParser.parse(RDFXMLParser.java:150)
	at org.apache.jena.rdfxml.xmlinput.ARP.load(ARP.java:118)
	at org.apache.jena.riot.lang.ReaderRIOTRDFXML.parse(ReaderRIOTRDFXML.java:188)
	at org.apache.jena.riot.lang.ReaderRIOTRDFXML.read(ReaderRIOTRDFXML.java:86)
	at org.apache.jena.riot.RDFParser.read(RDFParser.java:352)
	at org.apache.jena.riot.RDFParser.parseNotUri(RDFParser.java:342)
	at org.apache.jena.riot.RDFParser.parse(RDFParser.java:291)
	at org.apache.jena.riot.RDFParserBuilder.parse(RDFParserBuilder.java:500)
	at org.apache.jena.riot.RDFDataMgr.parseFromInputStream(RDFDataMgr.java:870)
	at org.apache.jena.riot.RDFDataMgr.read(RDFDataMgr.java:268)
	at org.apache.jena.riot.RDFDataMgr.read(RDFDataMgr.java:254)
	at org.apache.jena.riot.adapters.RDFReaderRIOT.read(RDFReaderRIOT.java:69)
	at org.apache.jena.rdf.model.impl.ModelCom.read(ModelCom.java:305)
	at org.apache.jena.riot.adapters.AdapterFileManager.readModelWorker(AdapterFileManager.java:297)
	at org.apache.jena.util.FileManager.readModel(FileManager.java:342)
	at org.apache.jena.util.FileManager.readModel(FileManager.java:326)
	at org.apache.jena.ontology.OntDocumentManager.read(OntDocumentManager.java:1062)
	at org.apache.jena.ontology.OntDocumentManager$1.readModel(OntDocumentManager.java:1032)
	at org.apache.jena.rdf.model.impl.ModelMakerImpl.getModel(ModelMakerImpl.java:104)
	at org.apache.jena.ontology.OntDocumentManager.fetchLoadedImportModel(OntDocumentManager.java:1029)
	at org.apache.jena.ontology.OntDocumentManager.fetchPossiblyCachedImportModel(OntDocumentManager.java:1001)
	at org.apache.jena.ontology.OntDocumentManager.loadImport(OntDocumentManager.java:974)
	at org.apache.jena.ontology.OntDocumentManager.loadImports(OntDocumentManager.java:768)
	at org.apache.jena.ontology.OntDocumentManager.loadImports(OntDocumentManager.java:706)
	at org.apache.jena.ontology.impl.OntModelImpl.loadImports(OntModelImpl.java:1964)
	at org.apache.jena.ontology.impl.OntModelImpl.read(OntModelImpl.java:2134)
	at repository.Application.loadOntology(Application.java:49)
	at repository.Application.main(Application.java:39)
	at sun.reflect.NativeMethodAccessorImpl.invoke0(Native Method)
	at sun.reflect.NativeMethodAccessorImpl.invoke(NativeMethodAccessorImpl.java:62)
	at sun.reflect.DelegatingMethodAccessorImpl.invoke(DelegatingMethodAccessorImpl.java:43)
	at java.lang.reflect.Method.invoke(Method.java:498)
	at org.springframework.boot.maven.AbstractRunMojo$LaunchRunner.run(AbstractRunMojo.java:496)
	at java.lang.Thread.run(Thread.java:748)
190373 [main] DEBUG org.apache.jena.util.FileManager - readModel(model,http://ontofox.hegroup.org/radionuclide_CheBI.owl)
190373 [main] DEBUG org.apache.jena.util.FileManager - readModel(model,http://ontofox.hegroup.org/radionuclide_CheBI.owl, null)
190373 [main] DEBUG o.a.j.r.system.stream.StreamManager - Not mapped: http://ontofox.hegroup.org/radionuclide_CheBI.owl
190373 [main] DEBUG org.apache.jena.riot.web.HttpOp - [8] GET http://ontofox.hegroup.org/radionuclide_CheBI.owl
190699 [main] DEBUG org.apache.jena.riot.web.HttpOp - [8] 404 Not Found
190700 [main] WARN  o.a.j.ontology.OntDocumentManager - An error occurred while attempting to read from http://ontofox.hegroup.org/radionuclide_CheBI.owl. Msg was '404 - Not Found'.
org.apache.jena.atlas.web.HttpException: 404 - Not Found
	at org.apache.jena.riot.web.HttpOp.exec(HttpOp.java:1091)
	at org.apache.jena.riot.web.HttpOp.execHttpGet(HttpOp.java:308)
	at org.apache.jena.riot.web.HttpOp.execHttpGet(HttpOp.java:343)
	at org.apache.jena.riot.system.stream.LocatorHTTP.performOpen(LocatorHTTP.java:42)
	at org.apache.jena.riot.system.stream.LocatorURL.open(LocatorURL.java:44)
	at org.apache.jena.riot.system.stream.StreamManager.openNoMapOrNull(StreamManager.java:168)
	at org.apache.jena.riot.adapters.AdapterFileManager.readModelWorker(AdapterFileManager.java:289)
	at org.apache.jena.util.FileManager.readModel(FileManager.java:342)
	at org.apache.jena.util.FileManager.readModel(FileManager.java:326)
	at org.apache.jena.ontology.OntDocumentManager.read(OntDocumentManager.java:1062)
	at org.apache.jena.ontology.OntDocumentManager$1.readModel(OntDocumentManager.java:1032)
	at org.apache.jena.rdf.model.impl.ModelMakerImpl.getModel(ModelMakerImpl.java:104)
	at org.apache.jena.ontology.OntDocumentManager.fetchLoadedImportModel(OntDocumentManager.java:1029)
	at org.apache.jena.ontology.OntDocumentManager.fetchPossiblyCachedImportModel(OntDocumentManager.java:1001)
	at org.apache.jena.ontology.OntDocumentManager.loadImport(OntDocumentManager.java:974)
	at org.apache.jena.ontology.OntDocumentManager.loadImports(OntDocumentManager.java:768)
	at org.apache.jena.ontology.OntDocumentManager.loadImports(OntDocumentManager.java:706)
	at org.apache.jena.ontology.impl.OntModelImpl.loadImports(OntModelImpl.java:1964)
	at org.apache.jena.ontology.impl.OntModelImpl.read(OntModelImpl.java:2134)
	at repository.Application.loadOntology(Application.java:49)
	at repository.Application.main(Application.java:39)
	at sun.reflect.NativeMethodAccessorImpl.invoke0(Native Method)
	at sun.reflect.NativeMethodAccessorImpl.invoke(NativeMethodAccessorImpl.java:62)
	at sun.reflect.DelegatingMethodAccessorImpl.invoke(DelegatingMethodAccessorImpl.java:43)
	at java.lang.reflect.Method.invoke(Method.java:498)
	at org.springframework.boot.maven.AbstractRunMojo$LaunchRunner.run(AbstractRunMojo.java:496)
	at java.lang.Thread.run(Thread.java:748)
190700 [main] DEBUG org.apache.jena.util.FileManager - readModel(model,http://www.w3.org/2004/02/skos/core)
190700 [main] DEBUG org.apache.jena.util.FileManager - readModel(model,http://www.w3.org/2004/02/skos/core, null)
190700 [main] DEBUG o.a.j.r.system.stream.StreamManager - Not mapped: http://www.w3.org/2004/02/skos/core
190701 [main] DEBUG org.apache.jena.riot.web.HttpOp - [9] GET http://www.w3.org/2004/02/skos/core
191139 [main] DEBUG o.a.j.r.system.stream.StreamManager - Found: http://www.w3.org/2004/02/skos/core (LocatorHTTP)
191244 [main] DEBUG org.apache.jena.util.FileManager - readModel(model,http://ontofox.hegroup.org/UO_for_OntoMEDIRAD.owl)
191244 [main] DEBUG org.apache.jena.util.FileManager - readModel(model,http://ontofox.hegroup.org/UO_for_OntoMEDIRAD.owl, null)
191244 [main] DEBUG o.a.j.r.system.stream.StreamManager - Not mapped: http://ontofox.hegroup.org/UO_for_OntoMEDIRAD.owl
191244 [main] DEBUG org.apache.jena.riot.web.HttpOp - [10] GET http://ontofox.hegroup.org/UO_for_OntoMEDIRAD.owl
191358 [main] DEBUG org.apache.jena.riot.web.HttpOp - [10] 404 Not Found
191359 [main] WARN  o.a.j.ontology.OntDocumentManager - An error occurred while attempting to read from http://ontofox.hegroup.org/UO_for_OntoMEDIRAD.owl. Msg was '404 - Not Found'.
org.apache.jena.atlas.web.HttpException: 404 - Not Found
	at org.apache.jena.riot.web.HttpOp.exec(HttpOp.java:1091)
	at org.apache.jena.riot.web.HttpOp.execHttpGet(HttpOp.java:308)
	at org.apache.jena.riot.web.HttpOp.execHttpGet(HttpOp.java:343)
	at org.apache.jena.riot.system.stream.LocatorHTTP.performOpen(LocatorHTTP.java:42)
	at org.apache.jena.riot.system.stream.LocatorURL.open(LocatorURL.java:44)
	at org.apache.jena.riot.system.stream.StreamManager.openNoMapOrNull(StreamManager.java:168)
	at org.apache.jena.riot.adapters.AdapterFileManager.readModelWorker(AdapterFileManager.java:289)
	at org.apache.jena.util.FileManager.readModel(FileManager.java:342)
	at org.apache.jena.util.FileManager.readModel(FileManager.java:326)
	at org.apache.jena.ontology.OntDocumentManager.read(OntDocumentManager.java:1062)
	at org.apache.jena.ontology.OntDocumentManager$1.readModel(OntDocumentManager.java:1032)
	at org.apache.jena.rdf.model.impl.ModelMakerImpl.getModel(ModelMakerImpl.java:104)
	at org.apache.jena.ontology.OntDocumentManager.fetchLoadedImportModel(OntDocumentManager.java:1029)
	at org.apache.jena.ontology.OntDocumentManager.fetchPossiblyCachedImportModel(OntDocumentManager.java:1001)
	at org.apache.jena.ontology.OntDocumentManager.loadImport(OntDocumentManager.java:974)
	at org.apache.jena.ontology.OntDocumentManager.loadImports(OntDocumentManager.java:768)
	at org.apache.jena.ontology.OntDocumentManager.loadImports(OntDocumentManager.java:706)
	at org.apache.jena.ontology.impl.OntModelImpl.loadImports(OntModelImpl.java:1964)
	at org.apache.jena.ontology.impl.OntModelImpl.read(OntModelImpl.java:2134)
	at repository.Application.loadOntology(Application.java:49)
	at repository.Application.main(Application.java:39)
	at sun.reflect.NativeMethodAccessorImpl.invoke0(Native Method)
	at sun.reflect.NativeMethodAccessorImpl.invoke(NativeMethodAccessorImpl.java:62)
	at sun.reflect.DelegatingMethodAccessorImpl.invoke(DelegatingMethodAccessorImpl.java:43)
	at java.lang.reflect.Method.invoke(Method.java:498)
	at org.springframework.boot.maven.AbstractRunMojo$LaunchRunner.run(AbstractRunMojo.java:496)
	at java.lang.Thread.run(Thread.java:748)
191369 [main] DEBUG repository.Memory - Creation of the StarDog connection (Database : ontoMedirad) at http://localhost:5820
191661 [main] DEBUG o.o.rio.DatatypeHandlerRegistry - Registered service class org.openrdf.rio.datatypes.XMLSchemaDatatypeHandler
191661 [main] DEBUG o.o.rio.DatatypeHandlerRegistry - Registered service class org.openrdf.rio.datatypes.RDFDatatypeHandler
191662 [main] DEBUG o.o.rio.DatatypeHandlerRegistry - Registered service class org.openrdf.rio.datatypes.DBPediaDatatypeHandler
191662 [main] DEBUG o.o.rio.DatatypeHandlerRegistry - Registered service class org.openrdf.rio.datatypes.VirtuosoGeometryDatatypeHandler
191662 [main] DEBUG o.o.rio.DatatypeHandlerRegistry - Registered service class org.openrdf.rio.datatypes.GeoSPARQLDatatypeHandler
191664 [main] DEBUG o.o.rio.LanguageHandlerRegistry - Registered service class org.openrdf.rio.languages.RFC3066LanguageHandler
191670 [main] DEBUG c.c.stardog.metadata.MetaProperties - Process option provider: class com.complexible.stardog.db.DatabaseOptions
191670 [main] DEBUG c.c.stardog.metadata.MetaProperties - Register option: strict.parsing
191670 [main] DEBUG c.c.stardog.metadata.MetaProperties - Register option: literal.comparison.extended
191670 [main] DEBUG c.c.stardog.metadata.MetaProperties - Register option: preserve.bnode.ids
191670 [main] DEBUG c.c.stardog.metadata.MetaProperties - Register option: database.name
191670 [main] DEBUG c.c.stardog.metadata.MetaProperties - Register option: database.creator
191670 [main] DEBUG c.c.stardog.metadata.MetaProperties - Register option: database.ignore.bulk.load.errors
191670 [main] DEBUG c.c.stardog.metadata.MetaProperties - Register option: database.time.creation
191670 [main] DEBUG c.c.stardog.metadata.MetaProperties - Register option: database.time.modification
191670 [main] DEBUG c.c.stardog.metadata.MetaProperties - Register option: transaction.logging
191670 [main] DEBUG c.c.stardog.metadata.MetaProperties - Register option: query.pp.contexts
191670 [main] DEBUG c.c.stardog.metadata.MetaProperties - Register option: transaction.logging.rotation.size
191670 [main] DEBUG c.c.stardog.metadata.MetaProperties - Register option: transaction.logging.rotation.remove
191670 [main] DEBUG c.c.stardog.metadata.MetaProperties - Register option: transaction.logging.ignore.startup.errors
191670 [main] DEBUG c.c.stardog.metadata.MetaProperties - Register option: database.online
191671 [main] DEBUG c.c.stardog.metadata.MetaProperties - Register option: query.all.graphs
191671 [main] DEBUG c.c.stardog.metadata.MetaProperties - Register option: query.plan.reuse
191671 [main] DEBUG c.c.stardog.metadata.MetaProperties - Register option: database.namespaces
191671 [main] DEBUG c.c.stardog.metadata.MetaProperties - Register option: database.connection.timeout
191671 [main] DEBUG c.c.stardog.metadata.MetaProperties - Register option: query.timeout
191671 [main] DEBUG c.c.stardog.metadata.MetaProperties - Register option: database.archetypes
191671 [main] DEBUG c.c.stardog.metadata.MetaProperties - Register option: index.lucene.mmap
191671 [main] DEBUG c.c.stardog.metadata.MetaProperties - Register option: query.describe.strategy
191671 [main] DEBUG c.c.stardog.metadata.MetaProperties - Register option: transaction.isolation
191671 [main] DEBUG c.c.stardog.metadata.MetaProperties - Register option: progress.monitor.enabled
191671 [main] DEBUG c.c.stardog.metadata.MetaProperties - Process option provider: class com.complexible.stardog.SystemStatusOptions
191672 [main] DEBUG c.c.stardog.metadata.MetaProperties - Register option: system.os
191672 [main] DEBUG c.c.stardog.metadata.MetaProperties - Register option: system.arch
191672 [main] DEBUG c.c.stardog.metadata.MetaProperties - Register option: dbms.home
191672 [main] DEBUG c.c.stardog.metadata.MetaProperties - Register option: dbms.version
191672 [main] DEBUG c.c.stardog.metadata.MetaProperties - Register option: logging.access.enabled
191672 [main] DEBUG c.c.stardog.metadata.MetaProperties - Register option: logging.access.type
191672 [main] DEBUG c.c.stardog.metadata.MetaProperties - Register option: logging.access.file
191672 [main] DEBUG c.c.stardog.metadata.MetaProperties - Register option: logging.access.rotation.type
191672 [main] DEBUG c.c.stardog.metadata.MetaProperties - Register option: logging.access.rotation.limit
191672 [main] DEBUG c.c.stardog.metadata.MetaProperties - Register option: logging.audit.enabled
191672 [main] DEBUG c.c.stardog.metadata.MetaProperties - Register option: logging.audit.type
191672 [main] DEBUG c.c.stardog.metadata.MetaProperties - Register option: logging.audit.file
191672 [main] DEBUG c.c.stardog.metadata.MetaProperties - Register option: logging.audit.rotation.type
191672 [main] DEBUG c.c.stardog.metadata.MetaProperties - Register option: logging.audit.rotation.interval
191672 [main] DEBUG c.c.stardog.metadata.MetaProperties - Register option: logging.slow_query.enabled
191672 [main] DEBUG c.c.stardog.metadata.MetaProperties - Register option: logging.slow_query.time
191672 [main] DEBUG c.c.stardog.metadata.MetaProperties - Register option: logging.slow_query.type
191672 [main] DEBUG c.c.stardog.metadata.MetaProperties - Register option: logging.create.failure.fatal
191672 [main] DEBUG c.c.stardog.metadata.MetaProperties - Register option: leading.wildcard.search.enabled
191672 [main] DEBUG c.c.stardog.metadata.MetaProperties - Register option: watchdog.enabled
191672 [main] DEBUG c.c.stardog.metadata.MetaProperties - Register option: watchdog.remote.access
191672 [main] DEBUG c.c.stardog.metadata.MetaProperties - Register option: watchdog.port
191672 [main] DEBUG c.c.stardog.metadata.MetaProperties - Register option: backup.dir
191672 [main] DEBUG c.c.stardog.metadata.MetaProperties - Register option: export.dir
191703 [main] DEBUG repository.Memory - Sucessfully created the StarDog connection (Database : ontoMedirad)
192062 [main] DEBUG o.o.q.r.TupleQueryResultParserRegistry - Registered service class org.openrdf.query.resultio.binary.BinaryQueryResultParserFactory
192062 [main] DEBUG o.o.q.r.TupleQueryResultParserRegistry - Registered service class org.openrdf.query.resultio.sparqljson.SPARQLResultsJSONParserFactory
192063 [main] DEBUG o.o.q.r.TupleQueryResultParserRegistry - Registered service class org.openrdf.query.resultio.sparqlxml.SPARQLResultsXMLParserFactory
192063 [main] DEBUG o.o.q.r.TupleQueryResultParserRegistry - Registered service class org.openrdf.query.resultio.text.csv.SPARQLResultsCSVParserFactory
192064 [main] DEBUG o.o.q.r.TupleQueryResultParserRegistry - Registered service class org.openrdf.query.resultio.text.tsv.SPARQLResultsTSVParserFactory
192082 [main] DEBUG o.o.q.r.TupleQueryResultWriterRegistry - Registered service class org.openrdf.query.resultio.binary.BinaryQueryResultWriterFactory
192083 [main] DEBUG o.o.q.r.TupleQueryResultWriterRegistry - Registered service class org.openrdf.query.resultio.sparqljson.SPARQLResultsJSONWriterFactory
192083 [main] DEBUG o.o.q.r.TupleQueryResultWriterRegistry - Registered service class org.openrdf.query.resultio.sparqlxml.SPARQLResultsXMLWriterFactory
192083 [main] DEBUG o.o.q.r.TupleQueryResultWriterRegistry - Registered service class org.openrdf.query.resultio.text.csv.SPARQLResultsCSVWriterFactory
192083 [main] DEBUG o.o.q.r.TupleQueryResultWriterRegistry - Registered service class org.openrdf.query.resultio.text.tsv.SPARQLResultsTSVWriterFactory
192089 [main] DEBUG repository.Memory - Creation of the StarDog connection (Database : ontoMedirad) at http://localhost:5820
192091 [main] DEBUG repository.Memory - Sucessfully created the StarDog connection (Database : ontoMedirad)
192106 [main] DEBUG repository.Memory - Creation of the StarDog connection (Database : ontoMedirad) at http://localhost:5820
192107 [main] DEBUG repository.Memory - Sucessfully created the StarDog connection (Database : ontoMedirad)
192256 [main] DEBUG repository.Memory - Creation of the StarDog connection (Database : ontoMedirad) at http://localhost:5820
192257 [main] DEBUG repository.Memory - Sucessfully created the StarDog connection (Database : ontoMedirad)
