846  [main] INFO  repository.Application - Starting Application on pr153107.univ-rennes1.fr with PID 4836 (/Users/marinebrenet/Documents/metadata-repository/target/classes started by marinebrenet in /Users/marinebrenet/Documents/metadata-repository)
849  [main] INFO  repository.Application - No active profile set, falling back to default profiles: default
864  [background-preinit] DEBUG o.h.v.m.ResourceBundleMessageInterpolator - Loaded expression factory via original TCCL
869  [background-preinit] DEBUG o.h.v.i.engine.ValidatorFactoryImpl - HV000234: Using org.hibernate.validator.messageinterpolation.ResourceBundleMessageInterpolator as ValidatorFactory-scoped message interpolator.
869  [background-preinit] DEBUG o.h.v.i.engine.ValidatorFactoryImpl - HV000234: Using org.hibernate.validator.internal.engine.resolver.TraverseAllTraversableResolver as ValidatorFactory-scoped traversable resolver.
870  [background-preinit] DEBUG o.h.v.i.engine.ValidatorFactoryImpl - HV000234: Using org.hibernate.validator.internal.util.ExecutableParameterNameProvider as ValidatorFactory-scoped parameter name provider.
870  [background-preinit] DEBUG o.h.v.i.engine.ValidatorFactoryImpl - HV000234: Using org.hibernate.validator.internal.engine.DefaultClockProvider as ValidatorFactory-scoped clock provider.
870  [background-preinit] DEBUG o.h.v.i.engine.ValidatorFactoryImpl - HV000234: Using org.hibernate.validator.internal.engine.scripting.DefaultScriptEvaluatorFactory as ValidatorFactory-scoped script evaluator factory.
899  [main] INFO  o.s.b.w.s.c.AnnotationConfigServletWebServerApplicationContext - Refreshing org.springframework.boot.web.servlet.context.AnnotationConfigServletWebServerApplicationContext@2c25e1fe: startup date [Tue Aug 21 09:50:43 CEST 2018]; root of context hierarchy
1595 [main] INFO  o.s.b.f.a.AutowiredAnnotationBeanPostProcessor - JSR-330 'javax.inject.Inject' annotation found and supported for autowiring
1618 [main] DEBUG o.h.v.i.e.r.TraversableResolvers - Cannot find javax.persistence.Persistence on classpath. Assuming non JPA 2 environment. All properties will per default be traversable.
1618 [main] DEBUG o.h.v.m.ResourceBundleMessageInterpolator - Loaded expression factory via original TCCL
1619 [main] DEBUG o.h.v.i.e.r.TraversableResolvers - Cannot find javax.persistence.Persistence on classpath. Assuming non JPA 2 environment. All properties will per default be traversable.
1619 [main] DEBUG o.h.v.i.engine.ConfigurationImpl - Setting custom MessageInterpolator of type org.springframework.validation.beanvalidation.LocaleContextMessageInterpolator
1619 [main] DEBUG o.h.v.i.engine.ConfigurationImpl - Setting custom ConstraintValidatorFactory of type org.springframework.validation.beanvalidation.SpringConstraintValidatorFactory
1620 [main] DEBUG o.h.v.i.engine.ConfigurationImpl - Setting custom ParameterNameProvider of type org.springframework.validation.beanvalidation.LocalValidatorFactoryBean$1
1620 [main] DEBUG o.h.v.i.xml.ValidationXmlParser - Trying to load META-INF/validation.xml for XML based Validator configuration.
1621 [main] DEBUG o.h.v.i.xml.ResourceLoaderHelper - Trying to load META-INF/validation.xml via user class loader
1621 [main] DEBUG o.h.v.i.xml.ResourceLoaderHelper - Trying to load META-INF/validation.xml via TCCL
1621 [main] DEBUG o.h.v.i.xml.ResourceLoaderHelper - Trying to load META-INF/validation.xml via Hibernate Validator's class loader
1621 [main] DEBUG o.h.v.i.xml.ValidationXmlParser - No META-INF/validation.xml found. Using annotation based configuration only.
1624 [main] DEBUG o.h.v.i.engine.ValidatorFactoryImpl - HV000234: Using org.springframework.validation.beanvalidation.LocaleContextMessageInterpolator as ValidatorFactory-scoped message interpolator.
1624 [main] DEBUG o.h.v.i.engine.ValidatorFactoryImpl - HV000234: Using org.hibernate.validator.internal.engine.resolver.TraverseAllTraversableResolver as ValidatorFactory-scoped traversable resolver.
1624 [main] DEBUG o.h.v.i.engine.ValidatorFactoryImpl - HV000234: Using org.hibernate.validator.internal.util.ExecutableParameterNameProvider as ValidatorFactory-scoped parameter name provider.
1624 [main] DEBUG o.h.v.i.engine.ValidatorFactoryImpl - HV000234: Using org.hibernate.validator.internal.engine.DefaultClockProvider as ValidatorFactory-scoped clock provider.
1624 [main] DEBUG o.h.v.i.engine.ValidatorFactoryImpl - HV000234: Using org.hibernate.validator.internal.engine.scripting.DefaultScriptEvaluatorFactory as ValidatorFactory-scoped script evaluator factory.
1967 [main] INFO  o.s.b.w.e.tomcat.TomcatWebServer - Tomcat initialized with port(s): 8090 (http)
1987 [main] INFO  o.a.coyote.http11.Http11NioProtocol - Initializing ProtocolHandler ["http-nio-8090"]
1999 [main] INFO  o.a.catalina.core.StandardService - Starting service [Tomcat]
1999 [main] INFO  o.a.catalina.core.StandardEngine - Starting Servlet Engine: Apache Tomcat/8.5.28
2009 [localhost-startStop-1] INFO  o.a.c.core.AprLifecycleListener - The APR based Apache Tomcat Native library which allows optimal performance in production environments was not found on the java.library.path: [/Users/marinebrenet/Library/Java/Extensions:/Library/Java/Extensions:/Network/Library/Java/Extensions:/System/Library/Java/Extensions:/usr/lib/java:.]
2107 [localhost-startStop-1] INFO  o.a.c.c.C.[Tomcat].[localhost].[/] - Initializing Spring embedded WebApplicationContext
2107 [localhost-startStop-1] INFO  o.s.web.context.ContextLoader - Root WebApplicationContext: initialization completed in 1208 ms
2267 [localhost-startStop-1] INFO  o.s.b.w.s.ServletRegistrationBean - Servlet dispatcherServlet mapped to [/]
2272 [localhost-startStop-1] INFO  o.s.b.w.s.FilterRegistrationBean - Mapping filter: 'characterEncodingFilter' to: [/*]
2272 [localhost-startStop-1] INFO  o.s.b.w.s.FilterRegistrationBean - Mapping filter: 'hiddenHttpMethodFilter' to: [/*]
2273 [localhost-startStop-1] INFO  o.s.b.w.s.FilterRegistrationBean - Mapping filter: 'httpPutFormContentFilter' to: [/*]
2273 [localhost-startStop-1] INFO  o.s.b.w.s.FilterRegistrationBean - Mapping filter: 'requestContextFilter' to: [/*]
2470 [main] DEBUG o.h.v.i.e.r.TraversableResolvers - Cannot find javax.persistence.Persistence on classpath. Assuming non JPA 2 environment. All properties will per default be traversable.
2470 [main] DEBUG o.h.v.m.ResourceBundleMessageInterpolator - Loaded expression factory via original TCCL
2476 [main] DEBUG o.h.v.i.e.r.TraversableResolvers - Cannot find javax.persistence.Persistence on classpath. Assuming non JPA 2 environment. All properties will per default be traversable.
2476 [main] DEBUG o.h.v.i.engine.ConfigurationImpl - Setting custom MessageInterpolator of type org.springframework.validation.beanvalidation.LocaleContextMessageInterpolator
2476 [main] DEBUG o.h.v.i.engine.ConfigurationImpl - Setting custom ConstraintValidatorFactory of type org.springframework.validation.beanvalidation.SpringConstraintValidatorFactory
2476 [main] DEBUG o.h.v.i.engine.ConfigurationImpl - Setting custom ParameterNameProvider of type org.springframework.validation.beanvalidation.LocalValidatorFactoryBean$1
2476 [main] DEBUG o.h.v.i.xml.ValidationXmlParser - Trying to load META-INF/validation.xml for XML based Validator configuration.
2476 [main] DEBUG o.h.v.i.xml.ResourceLoaderHelper - Trying to load META-INF/validation.xml via user class loader
2477 [main] DEBUG o.h.v.i.xml.ResourceLoaderHelper - Trying to load META-INF/validation.xml via TCCL
2477 [main] DEBUG o.h.v.i.xml.ResourceLoaderHelper - Trying to load META-INF/validation.xml via Hibernate Validator's class loader
2477 [main] DEBUG o.h.v.i.xml.ValidationXmlParser - No META-INF/validation.xml found. Using annotation based configuration only.
2479 [main] DEBUG o.h.v.i.engine.ValidatorFactoryImpl - HV000234: Using org.springframework.validation.beanvalidation.LocaleContextMessageInterpolator as ValidatorFactory-scoped message interpolator.
2479 [main] DEBUG o.h.v.i.engine.ValidatorFactoryImpl - HV000234: Using org.hibernate.validator.internal.engine.resolver.TraverseAllTraversableResolver as ValidatorFactory-scoped traversable resolver.
2479 [main] DEBUG o.h.v.i.engine.ValidatorFactoryImpl - HV000234: Using org.hibernate.validator.internal.util.ExecutableParameterNameProvider as ValidatorFactory-scoped parameter name provider.
2479 [main] DEBUG o.h.v.i.engine.ValidatorFactoryImpl - HV000234: Using org.hibernate.validator.internal.engine.DefaultClockProvider as ValidatorFactory-scoped clock provider.
2479 [main] DEBUG o.h.v.i.engine.ValidatorFactoryImpl - HV000234: Using org.hibernate.validator.internal.engine.scripting.DefaultScriptEvaluatorFactory as ValidatorFactory-scoped script evaluator factory.
2642 [main] INFO  o.s.w.s.m.m.a.RequestMappingHandlerAdapter - Looking for @ControllerAdvice: org.springframework.boot.web.servlet.context.AnnotationConfigServletWebServerApplicationContext@2c25e1fe: startup date [Tue Aug 21 09:50:43 CEST 2018]; root of context hierarchy
2739 [main] INFO  o.s.w.s.m.m.a.RequestMappingHandlerMapping - Mapped "{[/test]}" onto public java.lang.String repository.ImportController.test(java.util.Map<java.lang.String, java.lang.String>) throws java.lang.Exception
2741 [main] INFO  o.s.w.s.m.m.a.RequestMappingHandlerMapping - Mapped "{[/getRequestList],methods=[GET],produces=[text/xml || application/json]}" onto public java.lang.String repository.ImportController.getRequestList()
2741 [main] INFO  o.s.w.s.m.m.a.RequestMappingHandlerMapping - Mapped "{[/validateDicomFileSetDescriptor],methods=[POST],produces=[text/xml || application/json]}" onto public java.lang.String repository.ImportController.validateDicomFileSetDescriptor(java.lang.String)
2741 [main] INFO  o.s.w.s.m.m.a.RequestMappingHandlerMapping - Mapped "{[/validateNonDicomFileSetDescriptor],methods=[POST],produces=[text/xml || application/json]}" onto public java.lang.String repository.ImportController.validateNonDicomFileSetDescriptor(java.lang.String)
2741 [main] INFO  o.s.w.s.m.m.a.RequestMappingHandlerMapping - Mapped "{[/requestFromList],methods=[GET],produces=[text/xml || application/sparql-results+json]}" onto public java.lang.String repository.ImportController.requestFromList(java.lang.String)
2742 [main] INFO  o.s.w.s.m.m.a.RequestMappingHandlerMapping - Mapped "{[/testRequestControle],methods=[GET],produces=[text/xml]}" onto public java.lang.String repository.ImportController.TestRequestControle(java.util.Map<java.lang.String, java.lang.String>) throws java.lang.Exception
2742 [main] INFO  o.s.w.s.m.m.a.RequestMappingHandlerMapping - Mapped "{[/testReturnReq],methods=[GET],produces=[text/xml]}" onto public java.lang.String repository.ImportController.RequeteTestReturn(java.lang.String)
2742 [main] INFO  o.s.w.s.m.m.a.RequestMappingHandlerMapping - Mapped "{[/importDicomFileSetDescriptor],methods=[POST],produces=[text/xml]}" onto public java.lang.String repository.ImportController.importDicomData(repository.DicomFileSetDescriptor,java.lang.String)
2742 [main] INFO  o.s.w.s.m.m.a.RequestMappingHandlerMapping - Mapped "{[/importNonDicomFileSetDescriptor],methods=[POST],produces=[text/xml]}" onto public java.lang.String repository.ImportController.importNonDicomData(repository.NonDicomFileSetDescriptor)
2747 [main] INFO  o.s.w.s.m.m.a.RequestMappingHandlerMapping - Mapped "{[/error]}" onto public org.springframework.http.ResponseEntity<java.util.Map<java.lang.String, java.lang.Object>> org.springframework.boot.autoconfigure.web.servlet.error.BasicErrorController.error(javax.servlet.http.HttpServletRequest)
2748 [main] INFO  o.s.w.s.m.m.a.RequestMappingHandlerMapping - Mapped "{[/error],produces=[text/html]}" onto public org.springframework.web.servlet.ModelAndView org.springframework.boot.autoconfigure.web.servlet.error.BasicErrorController.errorHtml(javax.servlet.http.HttpServletRequest,javax.servlet.http.HttpServletResponse)
2792 [main] INFO  o.s.w.s.h.SimpleUrlHandlerMapping - Mapped URL path [/webjars/**] onto handler of type [class org.springframework.web.servlet.resource.ResourceHttpRequestHandler]
2792 [main] INFO  o.s.w.s.h.SimpleUrlHandlerMapping - Mapped URL path [/**] onto handler of type [class org.springframework.web.servlet.resource.ResourceHttpRequestHandler]
2843 [main] INFO  o.s.w.s.h.SimpleUrlHandlerMapping - Mapped URL path [/**/favicon.ico] onto handler of type [class org.springframework.web.servlet.resource.ResourceHttpRequestHandler]
3051 [main] INFO  o.s.j.e.a.AnnotationMBeanExporter - Registering beans for JMX exposure on startup
3064 [main] INFO  o.a.coyote.http11.Http11NioProtocol - Starting ProtocolHandler ["http-nio-8090"]
3080 [main] ERROR o.a.catalina.core.StandardService - Failed to start connector [Connector[HTTP/1.1-8090]]
org.apache.catalina.LifecycleException: Failed to start component [Connector[HTTP/1.1-8090]]
	at org.apache.catalina.util.LifecycleBase.start(LifecycleBase.java:167)
	at org.apache.catalina.core.StandardService.addConnector(StandardService.java:225)
	at org.springframework.boot.web.embedded.tomcat.TomcatWebServer.addPreviouslyRemovedConnectors(TomcatWebServer.java:255)
	at org.springframework.boot.web.embedded.tomcat.TomcatWebServer.start(TomcatWebServer.java:197)
	at org.springframework.boot.web.servlet.context.ServletWebServerApplicationContext.startWebServer(ServletWebServerApplicationContext.java:300)
	at org.springframework.boot.web.servlet.context.ServletWebServerApplicationContext.finishRefresh(ServletWebServerApplicationContext.java:162)
	at org.springframework.context.support.AbstractApplicationContext.refresh(AbstractApplicationContext.java:552)
	at org.springframework.boot.web.servlet.context.ServletWebServerApplicationContext.refresh(ServletWebServerApplicationContext.java:140)
	at org.springframework.boot.SpringApplication.refresh(SpringApplication.java:752)
	at org.springframework.boot.SpringApplication.refreshContext(SpringApplication.java:388)
	at org.springframework.boot.SpringApplication.run(SpringApplication.java:327)
	at org.springframework.boot.SpringApplication.run(SpringApplication.java:1246)
	at org.springframework.boot.SpringApplication.run(SpringApplication.java:1234)
	at repository.Application.main(Application.java:38)
	at sun.reflect.NativeMethodAccessorImpl.invoke0(Native Method)
	at sun.reflect.NativeMethodAccessorImpl.invoke(NativeMethodAccessorImpl.java:62)
	at sun.reflect.DelegatingMethodAccessorImpl.invoke(DelegatingMethodAccessorImpl.java:43)
	at java.lang.reflect.Method.invoke(Method.java:498)
	at org.springframework.boot.maven.AbstractRunMojo$LaunchRunner.run(AbstractRunMojo.java:496)
	at java.lang.Thread.run(Thread.java:748)
Caused by: org.apache.catalina.LifecycleException: Protocol handler start failed
	at org.apache.catalina.connector.Connector.startInternal(Connector.java:1021)
	at org.apache.catalina.util.LifecycleBase.start(LifecycleBase.java:150)
	... 19 common frames omitted
Caused by: java.net.BindException: Address already in use
	at sun.nio.ch.Net.bind0(Native Method)
	at sun.nio.ch.Net.bind(Net.java:433)
	at sun.nio.ch.Net.bind(Net.java:425)
	at sun.nio.ch.ServerSocketChannelImpl.bind(ServerSocketChannelImpl.java:223)
	at sun.nio.ch.ServerSocketAdaptor.bind(ServerSocketAdaptor.java:74)
	at org.apache.tomcat.util.net.NioEndpoint.bind(NioEndpoint.java:210)
	at org.apache.tomcat.util.net.AbstractEndpoint.start(AbstractEndpoint.java:1150)
	at org.apache.coyote.AbstractProtocol.start(AbstractProtocol.java:591)
	at org.apache.catalina.connector.Connector.startInternal(Connector.java:1018)
	... 20 common frames omitted
3083 [main] INFO  o.a.coyote.http11.Http11NioProtocol - Pausing ProtocolHandler ["http-nio-8090"]
3083 [main] INFO  o.a.catalina.core.StandardService - Stopping service [Tomcat]
3092 [main] INFO  o.a.catalina.util.LifecycleBase - The stop() method was called on component [StandardServer[-1]] after stop() had already been called. The second call will be ignored.
3092 [main] INFO  o.a.coyote.http11.Http11NioProtocol - Stopping ProtocolHandler ["http-nio-8090"]
3092 [main] INFO  o.a.coyote.http11.Http11NioProtocol - Destroying ProtocolHandler ["http-nio-8090"]
643  [main] INFO  repository.Application - Starting Application on pr153107.univ-rennes1.fr with PID 5014 (/Users/marinebrenet/Documents/metadata-repository/target/classes started by marinebrenet in /Users/marinebrenet/Documents/metadata-repository)
646  [main] INFO  repository.Application - No active profile set, falling back to default profiles: default
651  [background-preinit] DEBUG o.h.v.m.ResourceBundleMessageInterpolator - Loaded expression factory via original TCCL
655  [background-preinit] DEBUG o.h.v.i.engine.ValidatorFactoryImpl - HV000234: Using org.hibernate.validator.messageinterpolation.ResourceBundleMessageInterpolator as ValidatorFactory-scoped message interpolator.
655  [background-preinit] DEBUG o.h.v.i.engine.ValidatorFactoryImpl - HV000234: Using org.hibernate.validator.internal.engine.resolver.TraverseAllTraversableResolver as ValidatorFactory-scoped traversable resolver.
655  [background-preinit] DEBUG o.h.v.i.engine.ValidatorFactoryImpl - HV000234: Using org.hibernate.validator.internal.util.ExecutableParameterNameProvider as ValidatorFactory-scoped parameter name provider.
655  [background-preinit] DEBUG o.h.v.i.engine.ValidatorFactoryImpl - HV000234: Using org.hibernate.validator.internal.engine.DefaultClockProvider as ValidatorFactory-scoped clock provider.
655  [background-preinit] DEBUG o.h.v.i.engine.ValidatorFactoryImpl - HV000234: Using org.hibernate.validator.internal.engine.scripting.DefaultScriptEvaluatorFactory as ValidatorFactory-scoped script evaluator factory.
685  [main] INFO  o.s.b.w.s.c.AnnotationConfigServletWebServerApplicationContext - Refreshing org.springframework.boot.web.servlet.context.AnnotationConfigServletWebServerApplicationContext@4e45e573: startup date [Tue Aug 21 10:18:31 CEST 2018]; root of context hierarchy
1361 [main] INFO  o.s.b.f.a.AutowiredAnnotationBeanPostProcessor - JSR-330 'javax.inject.Inject' annotation found and supported for autowiring
1382 [main] DEBUG o.h.v.i.e.r.TraversableResolvers - Cannot find javax.persistence.Persistence on classpath. Assuming non JPA 2 environment. All properties will per default be traversable.
1382 [main] DEBUG o.h.v.m.ResourceBundleMessageInterpolator - Loaded expression factory via original TCCL
1382 [main] DEBUG o.h.v.i.e.r.TraversableResolvers - Cannot find javax.persistence.Persistence on classpath. Assuming non JPA 2 environment. All properties will per default be traversable.
1383 [main] DEBUG o.h.v.i.engine.ConfigurationImpl - Setting custom MessageInterpolator of type org.springframework.validation.beanvalidation.LocaleContextMessageInterpolator
1383 [main] DEBUG o.h.v.i.engine.ConfigurationImpl - Setting custom ConstraintValidatorFactory of type org.springframework.validation.beanvalidation.SpringConstraintValidatorFactory
1384 [main] DEBUG o.h.v.i.engine.ConfigurationImpl - Setting custom ParameterNameProvider of type org.springframework.validation.beanvalidation.LocalValidatorFactoryBean$1
1385 [main] DEBUG o.h.v.i.xml.ValidationXmlParser - Trying to load META-INF/validation.xml for XML based Validator configuration.
1385 [main] DEBUG o.h.v.i.xml.ResourceLoaderHelper - Trying to load META-INF/validation.xml via user class loader
1385 [main] DEBUG o.h.v.i.xml.ResourceLoaderHelper - Trying to load META-INF/validation.xml via TCCL
1385 [main] DEBUG o.h.v.i.xml.ResourceLoaderHelper - Trying to load META-INF/validation.xml via Hibernate Validator's class loader
1385 [main] DEBUG o.h.v.i.xml.ValidationXmlParser - No META-INF/validation.xml found. Using annotation based configuration only.
1388 [main] DEBUG o.h.v.i.engine.ValidatorFactoryImpl - HV000234: Using org.springframework.validation.beanvalidation.LocaleContextMessageInterpolator as ValidatorFactory-scoped message interpolator.
1388 [main] DEBUG o.h.v.i.engine.ValidatorFactoryImpl - HV000234: Using org.hibernate.validator.internal.engine.resolver.TraverseAllTraversableResolver as ValidatorFactory-scoped traversable resolver.
1388 [main] DEBUG o.h.v.i.engine.ValidatorFactoryImpl - HV000234: Using org.hibernate.validator.internal.util.ExecutableParameterNameProvider as ValidatorFactory-scoped parameter name provider.
1388 [main] DEBUG o.h.v.i.engine.ValidatorFactoryImpl - HV000234: Using org.hibernate.validator.internal.engine.DefaultClockProvider as ValidatorFactory-scoped clock provider.
1388 [main] DEBUG o.h.v.i.engine.ValidatorFactoryImpl - HV000234: Using org.hibernate.validator.internal.engine.scripting.DefaultScriptEvaluatorFactory as ValidatorFactory-scoped script evaluator factory.
1679 [main] INFO  o.s.b.w.e.tomcat.TomcatWebServer - Tomcat initialized with port(s): 8090 (http)
1694 [main] INFO  o.a.coyote.http11.Http11NioProtocol - Initializing ProtocolHandler ["http-nio-8090"]
1704 [main] INFO  o.a.catalina.core.StandardService - Starting service [Tomcat]
1704 [main] INFO  o.a.catalina.core.StandardEngine - Starting Servlet Engine: Apache Tomcat/8.5.28
1713 [localhost-startStop-1] INFO  o.a.c.core.AprLifecycleListener - The APR based Apache Tomcat Native library which allows optimal performance in production environments was not found on the java.library.path: [/Users/marinebrenet/Library/Java/Extensions:/Library/Java/Extensions:/Network/Library/Java/Extensions:/System/Library/Java/Extensions:/usr/lib/java:.]
1780 [localhost-startStop-1] INFO  o.a.c.c.C.[Tomcat].[localhost].[/] - Initializing Spring embedded WebApplicationContext
1781 [localhost-startStop-1] INFO  o.s.web.context.ContextLoader - Root WebApplicationContext: initialization completed in 1098 ms
1887 [localhost-startStop-1] INFO  o.s.b.w.s.ServletRegistrationBean - Servlet dispatcherServlet mapped to [/]
1890 [localhost-startStop-1] INFO  o.s.b.w.s.FilterRegistrationBean - Mapping filter: 'characterEncodingFilter' to: [/*]
1890 [localhost-startStop-1] INFO  o.s.b.w.s.FilterRegistrationBean - Mapping filter: 'hiddenHttpMethodFilter' to: [/*]
1890 [localhost-startStop-1] INFO  o.s.b.w.s.FilterRegistrationBean - Mapping filter: 'httpPutFormContentFilter' to: [/*]
1890 [localhost-startStop-1] INFO  o.s.b.w.s.FilterRegistrationBean - Mapping filter: 'requestContextFilter' to: [/*]
2016 [main] DEBUG o.h.v.i.e.r.TraversableResolvers - Cannot find javax.persistence.Persistence on classpath. Assuming non JPA 2 environment. All properties will per default be traversable.
2016 [main] DEBUG o.h.v.m.ResourceBundleMessageInterpolator - Loaded expression factory via original TCCL
2021 [main] DEBUG o.h.v.i.e.r.TraversableResolvers - Cannot find javax.persistence.Persistence on classpath. Assuming non JPA 2 environment. All properties will per default be traversable.
2021 [main] DEBUG o.h.v.i.engine.ConfigurationImpl - Setting custom MessageInterpolator of type org.springframework.validation.beanvalidation.LocaleContextMessageInterpolator
2021 [main] DEBUG o.h.v.i.engine.ConfigurationImpl - Setting custom ConstraintValidatorFactory of type org.springframework.validation.beanvalidation.SpringConstraintValidatorFactory
2021 [main] DEBUG o.h.v.i.engine.ConfigurationImpl - Setting custom ParameterNameProvider of type org.springframework.validation.beanvalidation.LocalValidatorFactoryBean$1
2022 [main] DEBUG o.h.v.i.xml.ValidationXmlParser - Trying to load META-INF/validation.xml for XML based Validator configuration.
2022 [main] DEBUG o.h.v.i.xml.ResourceLoaderHelper - Trying to load META-INF/validation.xml via user class loader
2022 [main] DEBUG o.h.v.i.xml.ResourceLoaderHelper - Trying to load META-INF/validation.xml via TCCL
2022 [main] DEBUG o.h.v.i.xml.ResourceLoaderHelper - Trying to load META-INF/validation.xml via Hibernate Validator's class loader
2022 [main] DEBUG o.h.v.i.xml.ValidationXmlParser - No META-INF/validation.xml found. Using annotation based configuration only.
2024 [main] DEBUG o.h.v.i.engine.ValidatorFactoryImpl - HV000234: Using org.springframework.validation.beanvalidation.LocaleContextMessageInterpolator as ValidatorFactory-scoped message interpolator.
2024 [main] DEBUG o.h.v.i.engine.ValidatorFactoryImpl - HV000234: Using org.hibernate.validator.internal.engine.resolver.TraverseAllTraversableResolver as ValidatorFactory-scoped traversable resolver.
2024 [main] DEBUG o.h.v.i.engine.ValidatorFactoryImpl - HV000234: Using org.hibernate.validator.internal.util.ExecutableParameterNameProvider as ValidatorFactory-scoped parameter name provider.
2024 [main] DEBUG o.h.v.i.engine.ValidatorFactoryImpl - HV000234: Using org.hibernate.validator.internal.engine.DefaultClockProvider as ValidatorFactory-scoped clock provider.
2024 [main] DEBUG o.h.v.i.engine.ValidatorFactoryImpl - HV000234: Using org.hibernate.validator.internal.engine.scripting.DefaultScriptEvaluatorFactory as ValidatorFactory-scoped script evaluator factory.
2158 [main] INFO  o.s.w.s.m.m.a.RequestMappingHandlerAdapter - Looking for @ControllerAdvice: org.springframework.boot.web.servlet.context.AnnotationConfigServletWebServerApplicationContext@4e45e573: startup date [Tue Aug 21 10:18:31 CEST 2018]; root of context hierarchy
2230 [main] INFO  o.s.w.s.m.m.a.RequestMappingHandlerMapping - Mapped "{[/test]}" onto public java.lang.String repository.ImportController.test(java.util.Map<java.lang.String, java.lang.String>) throws java.lang.Exception
2231 [main] INFO  o.s.w.s.m.m.a.RequestMappingHandlerMapping - Mapped "{[/getRequestList],methods=[GET],produces=[text/xml || application/json]}" onto public java.lang.String repository.ImportController.getRequestList()
2232 [main] INFO  o.s.w.s.m.m.a.RequestMappingHandlerMapping - Mapped "{[/validateDicomFileSetDescriptor],methods=[POST],produces=[text/xml || application/json]}" onto public java.lang.String repository.ImportController.validateDicomFileSetDescriptor(java.lang.String)
2232 [main] INFO  o.s.w.s.m.m.a.RequestMappingHandlerMapping - Mapped "{[/validateNonDicomFileSetDescriptor],methods=[POST],produces=[text/xml || application/json]}" onto public java.lang.String repository.ImportController.validateNonDicomFileSetDescriptor(java.lang.String)
2233 [main] INFO  o.s.w.s.m.m.a.RequestMappingHandlerMapping - Mapped "{[/requestFromList],methods=[GET],produces=[text/xml || application/sparql-results+json]}" onto public java.lang.String repository.ImportController.requestFromList(java.lang.String)
2233 [main] INFO  o.s.w.s.m.m.a.RequestMappingHandlerMapping - Mapped "{[/testRequestControle],methods=[GET],produces=[text/xml]}" onto public java.lang.String repository.ImportController.TestRequestControle(java.util.Map<java.lang.String, java.lang.String>) throws java.lang.Exception
2233 [main] INFO  o.s.w.s.m.m.a.RequestMappingHandlerMapping - Mapped "{[/testReturnReq],methods=[GET],produces=[text/xml]}" onto public java.lang.String repository.ImportController.RequeteTestReturn(java.lang.String)
2234 [main] INFO  o.s.w.s.m.m.a.RequestMappingHandlerMapping - Mapped "{[/importDicomFileSetDescriptor],methods=[POST],produces=[text/xml]}" onto public java.lang.String repository.ImportController.importDicomData(repository.DicomFileSetDescriptor,java.lang.String)
2234 [main] INFO  o.s.w.s.m.m.a.RequestMappingHandlerMapping - Mapped "{[/importNonDicomFileSetDescriptor],methods=[POST],produces=[text/xml]}" onto public java.lang.String repository.ImportController.importNonDicomData(repository.NonDicomFileSetDescriptor)
2239 [main] INFO  o.s.w.s.m.m.a.RequestMappingHandlerMapping - Mapped "{[/error]}" onto public org.springframework.http.ResponseEntity<java.util.Map<java.lang.String, java.lang.Object>> org.springframework.boot.autoconfigure.web.servlet.error.BasicErrorController.error(javax.servlet.http.HttpServletRequest)
2239 [main] INFO  o.s.w.s.m.m.a.RequestMappingHandlerMapping - Mapped "{[/error],produces=[text/html]}" onto public org.springframework.web.servlet.ModelAndView org.springframework.boot.autoconfigure.web.servlet.error.BasicErrorController.errorHtml(javax.servlet.http.HttpServletRequest,javax.servlet.http.HttpServletResponse)
2282 [main] INFO  o.s.w.s.h.SimpleUrlHandlerMapping - Mapped URL path [/webjars/**] onto handler of type [class org.springframework.web.servlet.resource.ResourceHttpRequestHandler]
2282 [main] INFO  o.s.w.s.h.SimpleUrlHandlerMapping - Mapped URL path [/**] onto handler of type [class org.springframework.web.servlet.resource.ResourceHttpRequestHandler]
2328 [main] INFO  o.s.w.s.h.SimpleUrlHandlerMapping - Mapped URL path [/**/favicon.ico] onto handler of type [class org.springframework.web.servlet.resource.ResourceHttpRequestHandler]
2544 [main] INFO  o.s.j.e.a.AnnotationMBeanExporter - Registering beans for JMX exposure on startup
2557 [main] INFO  o.a.coyote.http11.Http11NioProtocol - Starting ProtocolHandler ["http-nio-8090"]
2575 [main] INFO  o.a.tomcat.util.net.NioSelectorPool - Using a shared selector for servlet write/read
2590 [main] INFO  o.s.b.w.e.tomcat.TomcatWebServer - Tomcat started on port(s): 8090 (http) with context path ''
2593 [main] INFO  repository.Application - Started Application in 2.209 seconds (JVM running for 8.35)
2595 [main] INFO  repository.Application - dockerHost : localhost:8080
2595 [main] INFO  repository.Application - starDogUrl : http://localhost:5820
2595 [main] INFO  repository.Application - pathOntology : OntoMEDIRADV1_2/ontoMediradV1.2.owl
3205 [main] DEBUG Jena - Jena initialization
3292 [main] DEBUG org.apache.jena.util.FileManager - Add location: LocatorFile
3293 [main] DEBUG org.apache.jena.util.FileManager - Add location: ClassLoaderLocator
3296 [main] DEBUG org.apache.jena.util.LocationMapper - Failed to find configuration: file:location-mapping.rdf;file:location-mapping.n3;file:location-mapping.ttl;file:etc/location-mapping.rdf;file:etc/location-mapping.n3;file:etc/location-mapping.ttl
3296 [main] DEBUG org.apache.jena.util.FileManager - Add location: LocatorFile
3297 [main] DEBUG org.apache.jena.util.FileManager - Add location: LocatorURL
3297 [main] DEBUG org.apache.jena.util.FileManager - Add location: ClassLoaderLocator
3305 [main] DEBUG o.a.j.r.s.stream.JenaIOEnvironment - Failed to find configuration: location-mapping.ttl;location-mapping.rdf;location-mapping.n3;etc/location-mapping.rdf;etc/location-mapping.n3;etc/location-mapping.ttl
3901 [main] DEBUG org.apache.jena.info - System architecture: 64 bit
3937 [main] DEBUG org.apache.jena.info - System architecture: 64 bit
4028 [main] DEBUG o.a.j.r.rulesys.FBRuleInfGraph - Adding rule [ (?a rdfs:isDefinedBy ?b) -> (?a rdfs:seeAlso ?b) ]
4028 [main] DEBUG o.a.j.r.rulesys.FBRuleInfGraph - Adding rule [ (?x rdf:rest ?y) -> (?y rdf:type rdf:List) ]
4029 [main] DEBUG o.a.j.r.rulesys.FBRuleInfGraph - Adding rule [ (?x rdfs:label ?y) -> (?y rdf:type rdfs:Literal) ]
4029 [main] DEBUG o.a.j.r.rulesys.FBRuleInfGraph - Adding rule [ (?x rdfs:comment ?y) -> (?y rdf:type rdfs:Literal) ]
4029 [main] DEBUG o.a.j.r.rulesys.FBRuleInfGraph - Adding rule [ (?x rdfs:range ?y) -> (?y rdf:type rdfs:Class) ]
4029 [main] DEBUG o.a.j.r.rulesys.FBRuleInfGraph - Adding rule [ (?x rdfs:domain ?y) -> (?y rdf:type rdfs:Class) ]
4029 [main] DEBUG o.a.j.r.rulesys.FBRuleInfGraph - Adding rule [ (?x rdfs:subClassOf ?y) -> (?y rdf:type rdfs:Class) ]
4029 [main] DEBUG o.a.j.r.rulesys.FBRuleInfGraph - Adding rule [ (?x rdfs:subPropertyOf ?y) -> (?y rdf:type rdf:Property) ]
4029 [main] DEBUG o.a.j.r.rulesys.FBRuleInfGraph - Adding rule [ (?x rdf:rest ?y) -> (?x rdf:type rdf:List) ]
4029 [main] DEBUG o.a.j.r.rulesys.FBRuleInfGraph - Adding rule [ (?x rdf:first ?y) -> (?x rdf:type rdf:List) ]
4030 [main] DEBUG o.a.j.r.rulesys.FBRuleInfGraph - Adding rule [ (?x rdf:object ?y) -> (?x rdf:type rdf:Statement) ]
4030 [main] DEBUG o.a.j.r.rulesys.FBRuleInfGraph - Adding rule [ (?x rdf:predicate ?y) -> (?x rdf:type rdf:Statement) ]
4030 [main] DEBUG o.a.j.r.rulesys.FBRuleInfGraph - Adding rule [ (?x rdf:subject ?y) -> (?x rdf:type rdf:Statement) ]
4030 [main] DEBUG o.a.j.r.rulesys.FBRuleInfGraph - Adding rule [ (?x rdfs:range ?y) -> (?x rdf:type rdf:Property) ]
4030 [main] DEBUG o.a.j.r.rulesys.FBRuleInfGraph - Adding rule [ (?x rdfs:domain ?y) -> (?x rdf:type rdf:Property) ]
4030 [main] DEBUG o.a.j.r.rulesys.FBRuleInfGraph - Adding rule [ (?x rdfs:subClassOf ?y) -> (?x rdf:type rdfs:Class) ]
4030 [main] DEBUG o.a.j.r.rulesys.FBRuleInfGraph - Adding rule [ (?x rdfs:subPropertyOf ?y) -> (?x rdf:type rdf:Property) ]
4031 [main] DEBUG o.a.j.r.rulesys.FBRuleInfGraph - Adding rule [ (?x rdf:type ?y) -> (?y rdf:type rdfs:Class) ]
4034 [main] DEBUG org.apache.jena.util.FileManager - Add location: LocatorFile
4034 [main] DEBUG org.apache.jena.util.FileManager - Add location: LocatorURL
4034 [main] DEBUG org.apache.jena.util.FileManager - Add location: ClassLoaderLocator
4035 [main] DEBUG org.apache.jena.util.FileManager - Found: ont-policy.rdf (ClassLoaderLocator)
4109 [main] DEBUG o.a.j.r.system.stream.StreamManager - open(OntoMEDIRADV1_2/ontoMediradV1.2.owl)
4109 [main] DEBUG o.a.j.r.system.stream.StreamManager - Not mapped: OntoMEDIRADV1_2/ontoMediradV1.2.owl
4111 [main] DEBUG o.a.j.r.system.stream.StreamManager - Found: OntoMEDIRADV1_2/ontoMediradV1.2.owl (LocatorFile)
4252 [main] DEBUG org.apache.jena.util.FileManager - readModel(model,http://ontofox.hegroup.org/PATO_for_OntoMEDIRAD.owl)
4252 [main] DEBUG org.apache.jena.util.FileManager - readModel(model,http://ontofox.hegroup.org/PATO_for_OntoMEDIRAD.owl, null)
4252 [main] DEBUG o.a.j.r.system.stream.StreamManager - Not mapped: http://ontofox.hegroup.org/PATO_for_OntoMEDIRAD.owl
4483 [main] DEBUG org.apache.jena.riot.web.HttpOp - [1] GET http://ontofox.hegroup.org/PATO_for_OntoMEDIRAD.owl
4936 [main] DEBUG org.apache.jena.riot.web.HttpOp - [1] 404 Not Found
4940 [main] WARN  o.a.j.ontology.OntDocumentManager - An error occurred while attempting to read from http://ontofox.hegroup.org/PATO_for_OntoMEDIRAD.owl. Msg was '404 - Not Found'.
org.apache.jena.atlas.web.HttpException: 404 - Not Found
	at org.apache.jena.riot.web.HttpOp.exec(HttpOp.java:1091)
	at org.apache.jena.riot.web.HttpOp.execHttpGet(HttpOp.java:308)
	at org.apache.jena.riot.web.HttpOp.execHttpGet(HttpOp.java:343)
	at org.apache.jena.riot.system.stream.LocatorHTTP.performOpen(LocatorHTTP.java:42)
	at org.apache.jena.riot.system.stream.LocatorURL.open(LocatorURL.java:44)
	at org.apache.jena.riot.system.stream.StreamManager.openNoMapOrNull(StreamManager.java:168)
	at org.apache.jena.riot.adapters.AdapterFileManager.readModelWorker(AdapterFileManager.java:289)
	at org.apache.jena.util.FileManager.readModel(FileManager.java:342)
	at org.apache.jena.util.FileManager.readModel(FileManager.java:326)
	at org.apache.jena.ontology.OntDocumentManager.read(OntDocumentManager.java:1062)
	at org.apache.jena.ontology.OntDocumentManager$1.readModel(OntDocumentManager.java:1032)
	at org.apache.jena.rdf.model.impl.ModelMakerImpl.getModel(ModelMakerImpl.java:104)
	at org.apache.jena.ontology.OntDocumentManager.fetchLoadedImportModel(OntDocumentManager.java:1029)
	at org.apache.jena.ontology.OntDocumentManager.fetchPossiblyCachedImportModel(OntDocumentManager.java:1001)
	at org.apache.jena.ontology.OntDocumentManager.loadImport(OntDocumentManager.java:974)
	at org.apache.jena.ontology.OntDocumentManager.loadImports(OntDocumentManager.java:768)
	at org.apache.jena.ontology.OntDocumentManager.loadImports(OntDocumentManager.java:706)
	at org.apache.jena.ontology.impl.OntModelImpl.loadImports(OntModelImpl.java:1964)
	at org.apache.jena.ontology.impl.OntModelImpl.read(OntModelImpl.java:2134)
	at repository.Application.loadOntology(Application.java:51)
	at repository.Application.main(Application.java:41)
	at sun.reflect.NativeMethodAccessorImpl.invoke0(Native Method)
	at sun.reflect.NativeMethodAccessorImpl.invoke(NativeMethodAccessorImpl.java:62)
	at sun.reflect.DelegatingMethodAccessorImpl.invoke(DelegatingMethodAccessorImpl.java:43)
	at java.lang.reflect.Method.invoke(Method.java:498)
	at org.springframework.boot.maven.AbstractRunMojo$LaunchRunner.run(AbstractRunMojo.java:496)
	at java.lang.Thread.run(Thread.java:748)
4940 [main] DEBUG org.apache.jena.util.FileManager - readModel(model,http://purl.obolibrary.org/obo/bfo/2014-05-03/bfo.owl)
4940 [main] DEBUG org.apache.jena.util.FileManager - readModel(model,http://purl.obolibrary.org/obo/bfo/2014-05-03/bfo.owl, null)
4941 [main] DEBUG o.a.j.r.system.stream.StreamManager - Not mapped: http://purl.obolibrary.org/obo/bfo/2014-05-03/bfo.owl
4941 [main] DEBUG org.apache.jena.riot.web.HttpOp - [2] GET http://purl.obolibrary.org/obo/bfo/2014-05-03/bfo.owl
5727 [main] DEBUG o.a.j.r.system.stream.StreamManager - Found: http://purl.obolibrary.org/obo/bfo/2014-05-03/bfo.owl (LocatorHTTP)
5812 [main] DEBUG org.apache.jena.util.FileManager - readModel(model,http://ontofox.hegroup.org/FMA_for_OntoMEDIRAD.owl)
5812 [main] DEBUG org.apache.jena.util.FileManager - readModel(model,http://ontofox.hegroup.org/FMA_for_OntoMEDIRAD.owl, null)
5812 [main] DEBUG o.a.j.r.system.stream.StreamManager - Not mapped: http://ontofox.hegroup.org/FMA_for_OntoMEDIRAD.owl
5812 [main] DEBUG org.apache.jena.riot.web.HttpOp - [3] GET http://ontofox.hegroup.org/FMA_for_OntoMEDIRAD.owl
5926 [main] DEBUG org.apache.jena.riot.web.HttpOp - [3] 404 Not Found
5927 [main] WARN  o.a.j.ontology.OntDocumentManager - An error occurred while attempting to read from http://ontofox.hegroup.org/FMA_for_OntoMEDIRAD.owl. Msg was '404 - Not Found'.
org.apache.jena.atlas.web.HttpException: 404 - Not Found
	at org.apache.jena.riot.web.HttpOp.exec(HttpOp.java:1091)
	at org.apache.jena.riot.web.HttpOp.execHttpGet(HttpOp.java:308)
	at org.apache.jena.riot.web.HttpOp.execHttpGet(HttpOp.java:343)
	at org.apache.jena.riot.system.stream.LocatorHTTP.performOpen(LocatorHTTP.java:42)
	at org.apache.jena.riot.system.stream.LocatorURL.open(LocatorURL.java:44)
	at org.apache.jena.riot.system.stream.StreamManager.openNoMapOrNull(StreamManager.java:168)
	at org.apache.jena.riot.adapters.AdapterFileManager.readModelWorker(AdapterFileManager.java:289)
	at org.apache.jena.util.FileManager.readModel(FileManager.java:342)
	at org.apache.jena.util.FileManager.readModel(FileManager.java:326)
	at org.apache.jena.ontology.OntDocumentManager.read(OntDocumentManager.java:1062)
	at org.apache.jena.ontology.OntDocumentManager$1.readModel(OntDocumentManager.java:1032)
	at org.apache.jena.rdf.model.impl.ModelMakerImpl.getModel(ModelMakerImpl.java:104)
	at org.apache.jena.ontology.OntDocumentManager.fetchLoadedImportModel(OntDocumentManager.java:1029)
	at org.apache.jena.ontology.OntDocumentManager.fetchPossiblyCachedImportModel(OntDocumentManager.java:1001)
	at org.apache.jena.ontology.OntDocumentManager.loadImport(OntDocumentManager.java:974)
	at org.apache.jena.ontology.OntDocumentManager.loadImports(OntDocumentManager.java:768)
	at org.apache.jena.ontology.OntDocumentManager.loadImports(OntDocumentManager.java:706)
	at org.apache.jena.ontology.impl.OntModelImpl.loadImports(OntModelImpl.java:1964)
	at org.apache.jena.ontology.impl.OntModelImpl.read(OntModelImpl.java:2134)
	at repository.Application.loadOntology(Application.java:51)
	at repository.Application.main(Application.java:41)
	at sun.reflect.NativeMethodAccessorImpl.invoke0(Native Method)
	at sun.reflect.NativeMethodAccessorImpl.invoke(NativeMethodAccessorImpl.java:62)
	at sun.reflect.DelegatingMethodAccessorImpl.invoke(DelegatingMethodAccessorImpl.java:43)
	at java.lang.reflect.Method.invoke(Method.java:498)
	at org.springframework.boot.maven.AbstractRunMojo$LaunchRunner.run(AbstractRunMojo.java:496)
	at java.lang.Thread.run(Thread.java:748)
5927 [main] DEBUG org.apache.jena.util.FileManager - readModel(model,http://medicis.univ-rennes1.fr/ontologies/ontospm/MEDIRADClinicalResearchStudies.owl)
5927 [main] DEBUG org.apache.jena.util.FileManager - readModel(model,http://medicis.univ-rennes1.fr/ontologies/ontospm/MEDIRADClinicalResearchStudies.owl, null)
5927 [main] DEBUG o.a.j.r.system.stream.StreamManager - Not mapped: http://medicis.univ-rennes1.fr/ontologies/ontospm/MEDIRADClinicalResearchStudies.owl
5927 [main] DEBUG org.apache.jena.riot.web.HttpOp - [4] GET http://medicis.univ-rennes1.fr/ontologies/ontospm/MEDIRADClinicalResearchStudies.owl
6263 [main] DEBUG o.a.j.r.system.stream.StreamManager - Found: http://medicis.univ-rennes1.fr/ontologies/ontospm/MEDIRADClinicalResearchStudies.owl (LocatorHTTP)
66834 [main] WARN  org.apache.jena.riot - [line: 8, col: 78] {W136} Relative URIs are not permitted in RDF: specifically <lang>
66839 [main] WARN  org.apache.jena.riot - [line: 8, col: 78] {W102} Unqualified property attributes are not allowed. Property treated as a relative URI.
66840 [main] WARN  org.apache.jena.riot - [line: 8, col: 78] {W136} Relative URIs are not permitted in RDF: specifically <dir>
66840 [main] WARN  org.apache.jena.riot - [line: 8, col: 78] {W102} Unqualified property attributes are not allowed. Property treated as a relative URI.
66840 [main] WARN  org.apache.jena.riot - [line: 14, col: 72] {W136} Relative URIs are not permitted in RDF: specifically <http-equiv>
66841 [main] WARN  org.apache.jena.riot - [line: 14, col: 72] {W102} Unqualified property attributes are not allowed. Property treated as a relative URI.
66841 [main] WARN  org.apache.jena.riot - [line: 14, col: 72] {W136} Relative URIs are not permitted in RDF: specifically <content>
66841 [main] WARN  org.apache.jena.riot - [line: 14, col: 72] {W102} Unqualified property attributes are not allowed. Property treated as a relative URI.
66841 [main] ERROR org.apache.jena.riot - [line: 18, col: 10] {E201} Multiple children of property element
66843 [main] WARN  o.a.j.ontology.OntDocumentManager - An error occurred while attempting to read from http://medicis.univ-rennes1.fr/ontologies/ontospm/MEDIRADClinicalResearchStudies.owl. Msg was '[line: 18, col: 10] {E201} Multiple children of property element'.
org.apache.jena.riot.RiotException: [line: 18, col: 10] {E201} Multiple children of property element
	at org.apache.jena.riot.system.ErrorHandlerFactory$ErrorHandlerStd.error(ErrorHandlerFactory.java:140)
	at org.apache.jena.riot.lang.ReaderRIOTRDFXML$ErrorHandlerBridge.error(ReaderRIOTRDFXML.java:307)
	at org.apache.jena.rdfxml.xmlinput.impl.ARPSaxErrorHandler.error(ARPSaxErrorHandler.java:37)
	at org.apache.jena.rdfxml.xmlinput.impl.XMLHandler.warning(XMLHandler.java:196)
	at org.apache.jena.rdfxml.xmlinput.impl.XMLHandler.warning(XMLHandler.java:173)
	at org.apache.jena.rdfxml.xmlinput.impl.XMLHandler.warning(XMLHandler.java:168)
	at org.apache.jena.rdfxml.xmlinput.impl.ParserSupport.warning(ParserSupport.java:207)
	at org.apache.jena.rdfxml.xmlinput.states.Frame.warning(Frame.java:55)
	at org.apache.jena.rdfxml.xmlinput.states.WantLiteralValueOrDescription.startElement(WantLiteralValueOrDescription.java:38)
	at org.apache.jena.rdfxml.xmlinput.impl.XMLHandler.startElement(XMLHandler.java:111)
	at org.apache.xerces.parsers.AbstractSAXParser.startElement(Unknown Source)
	at org.apache.xerces.impl.XMLNamespaceBinder.handleStartElement(Unknown Source)
	at org.apache.xerces.impl.XMLNamespaceBinder.startElement(Unknown Source)
	at org.apache.xerces.impl.dtd.XMLDTDValidator.startElement(Unknown Source)
	at org.apache.xerces.impl.XMLDocumentFragmentScannerImpl.scanStartElement(Unknown Source)
	at org.apache.xerces.impl.XMLDocumentFragmentScannerImpl$FragmentContentDispatcher.dispatch(Unknown Source)
	at org.apache.xerces.impl.XMLDocumentFragmentScannerImpl.scanDocument(Unknown Source)
	at org.apache.xerces.parsers.DTDConfiguration.parse(Unknown Source)
	at org.apache.xerces.parsers.DTDConfiguration.parse(Unknown Source)
	at org.apache.xerces.parsers.XMLParser.parse(Unknown Source)
	at org.apache.xerces.parsers.AbstractSAXParser.parse(Unknown Source)
	at org.apache.jena.rdfxml.xmlinput.impl.RDFXMLParser.parse(RDFXMLParser.java:150)
	at org.apache.jena.rdfxml.xmlinput.ARP.load(ARP.java:118)
	at org.apache.jena.riot.lang.ReaderRIOTRDFXML.parse(ReaderRIOTRDFXML.java:188)
	at org.apache.jena.riot.lang.ReaderRIOTRDFXML.read(ReaderRIOTRDFXML.java:86)
	at org.apache.jena.riot.RDFParser.read(RDFParser.java:352)
	at org.apache.jena.riot.RDFParser.parseNotUri(RDFParser.java:342)
	at org.apache.jena.riot.RDFParser.parse(RDFParser.java:291)
	at org.apache.jena.riot.RDFParserBuilder.parse(RDFParserBuilder.java:500)
	at org.apache.jena.riot.RDFDataMgr.parseFromInputStream(RDFDataMgr.java:870)
	at org.apache.jena.riot.RDFDataMgr.read(RDFDataMgr.java:268)
	at org.apache.jena.riot.RDFDataMgr.read(RDFDataMgr.java:254)
	at org.apache.jena.riot.adapters.RDFReaderRIOT.read(RDFReaderRIOT.java:69)
	at org.apache.jena.rdf.model.impl.ModelCom.read(ModelCom.java:305)
	at org.apache.jena.riot.adapters.AdapterFileManager.readModelWorker(AdapterFileManager.java:297)
	at org.apache.jena.util.FileManager.readModel(FileManager.java:342)
	at org.apache.jena.util.FileManager.readModel(FileManager.java:326)
	at org.apache.jena.ontology.OntDocumentManager.read(OntDocumentManager.java:1062)
	at org.apache.jena.ontology.OntDocumentManager$1.readModel(OntDocumentManager.java:1032)
	at org.apache.jena.rdf.model.impl.ModelMakerImpl.getModel(ModelMakerImpl.java:104)
	at org.apache.jena.ontology.OntDocumentManager.fetchLoadedImportModel(OntDocumentManager.java:1029)
	at org.apache.jena.ontology.OntDocumentManager.fetchPossiblyCachedImportModel(OntDocumentManager.java:1001)
	at org.apache.jena.ontology.OntDocumentManager.loadImport(OntDocumentManager.java:974)
	at org.apache.jena.ontology.OntDocumentManager.loadImports(OntDocumentManager.java:768)
	at org.apache.jena.ontology.OntDocumentManager.loadImports(OntDocumentManager.java:706)
	at org.apache.jena.ontology.impl.OntModelImpl.loadImports(OntModelImpl.java:1964)
	at org.apache.jena.ontology.impl.OntModelImpl.read(OntModelImpl.java:2134)
	at repository.Application.loadOntology(Application.java:51)
	at repository.Application.main(Application.java:41)
	at sun.reflect.NativeMethodAccessorImpl.invoke0(Native Method)
	at sun.reflect.NativeMethodAccessorImpl.invoke(NativeMethodAccessorImpl.java:62)
	at sun.reflect.DelegatingMethodAccessorImpl.invoke(DelegatingMethodAccessorImpl.java:43)
	at java.lang.reflect.Method.invoke(Method.java:498)
	at org.springframework.boot.maven.AbstractRunMojo$LaunchRunner.run(AbstractRunMojo.java:496)
	at java.lang.Thread.run(Thread.java:748)
66844 [main] DEBUG org.apache.jena.util.FileManager - readModel(model,http://medicis.univ-rennes1.fr/ontologies/ontospm/IAO_for_OntoSPM.owl)
66844 [main] DEBUG org.apache.jena.util.FileManager - readModel(model,http://medicis.univ-rennes1.fr/ontologies/ontospm/IAO_for_OntoSPM.owl, null)
66844 [main] DEBUG o.a.j.r.system.stream.StreamManager - Not mapped: http://medicis.univ-rennes1.fr/ontologies/ontospm/IAO_for_OntoSPM.owl
66844 [main] DEBUG org.apache.jena.riot.web.HttpOp - [5] GET http://medicis.univ-rennes1.fr/ontologies/ontospm/IAO_for_OntoSPM.owl
66855 [main] INFO  o.a.http.impl.execchain.RetryExec - I/O exception (org.apache.http.NoHttpResponseException) caught when processing request to {s}->https://medicis.univ-rennes1.fr:443: The target server failed to respond
66856 [main] INFO  o.a.http.impl.execchain.RetryExec - Retrying request to {s}->https://medicis.univ-rennes1.fr:443
66873 [main] DEBUG o.a.j.r.system.stream.StreamManager - Found: http://medicis.univ-rennes1.fr/ontologies/ontospm/IAO_for_OntoSPM.owl (LocatorHTTP)
66879 [main] DEBUG org.apache.jena.util.FileManager - readModel(model,http://medicis.univ-rennes1.fr/ontologies/radiopharmaceuticals.owl)
66879 [main] DEBUG org.apache.jena.util.FileManager - readModel(model,http://medicis.univ-rennes1.fr/ontologies/radiopharmaceuticals.owl, null)
66879 [main] DEBUG o.a.j.r.system.stream.StreamManager - Not mapped: http://medicis.univ-rennes1.fr/ontologies/radiopharmaceuticals.owl
66879 [main] DEBUG org.apache.jena.riot.web.HttpOp - [6] GET http://medicis.univ-rennes1.fr/ontologies/radiopharmaceuticals.owl
67171 [main] DEBUG o.a.j.r.system.stream.StreamManager - Found: http://medicis.univ-rennes1.fr/ontologies/radiopharmaceuticals.owl (LocatorHTTP)
127704 [main] WARN  org.apache.jena.riot - [line: 8, col: 78] {W136} Relative URIs are not permitted in RDF: specifically <lang>
127710 [main] WARN  org.apache.jena.riot - [line: 8, col: 78] {W102} Unqualified property attributes are not allowed. Property treated as a relative URI.
127710 [main] WARN  org.apache.jena.riot - [line: 8, col: 78] {W136} Relative URIs are not permitted in RDF: specifically <dir>
127711 [main] WARN  org.apache.jena.riot - [line: 8, col: 78] {W102} Unqualified property attributes are not allowed. Property treated as a relative URI.
127711 [main] WARN  org.apache.jena.riot - [line: 14, col: 72] {W136} Relative URIs are not permitted in RDF: specifically <http-equiv>
127711 [main] WARN  org.apache.jena.riot - [line: 14, col: 72] {W102} Unqualified property attributes are not allowed. Property treated as a relative URI.
127711 [main] WARN  org.apache.jena.riot - [line: 14, col: 72] {W136} Relative URIs are not permitted in RDF: specifically <content>
127711 [main] WARN  org.apache.jena.riot - [line: 14, col: 72] {W102} Unqualified property attributes are not allowed. Property treated as a relative URI.
127711 [main] ERROR org.apache.jena.riot - [line: 18, col: 10] {E201} Multiple children of property element
127712 [main] WARN  o.a.j.ontology.OntDocumentManager - An error occurred while attempting to read from http://medicis.univ-rennes1.fr/ontologies/radiopharmaceuticals.owl. Msg was '[line: 18, col: 10] {E201} Multiple children of property element'.
org.apache.jena.riot.RiotException: [line: 18, col: 10] {E201} Multiple children of property element
	at org.apache.jena.riot.system.ErrorHandlerFactory$ErrorHandlerStd.error(ErrorHandlerFactory.java:140)
	at org.apache.jena.riot.lang.ReaderRIOTRDFXML$ErrorHandlerBridge.error(ReaderRIOTRDFXML.java:307)
	at org.apache.jena.rdfxml.xmlinput.impl.ARPSaxErrorHandler.error(ARPSaxErrorHandler.java:37)
	at org.apache.jena.rdfxml.xmlinput.impl.XMLHandler.warning(XMLHandler.java:196)
	at org.apache.jena.rdfxml.xmlinput.impl.XMLHandler.warning(XMLHandler.java:173)
	at org.apache.jena.rdfxml.xmlinput.impl.XMLHandler.warning(XMLHandler.java:168)
	at org.apache.jena.rdfxml.xmlinput.impl.ParserSupport.warning(ParserSupport.java:207)
	at org.apache.jena.rdfxml.xmlinput.states.Frame.warning(Frame.java:55)
	at org.apache.jena.rdfxml.xmlinput.states.WantLiteralValueOrDescription.startElement(WantLiteralValueOrDescription.java:38)
	at org.apache.jena.rdfxml.xmlinput.impl.XMLHandler.startElement(XMLHandler.java:111)
	at org.apache.xerces.parsers.AbstractSAXParser.startElement(Unknown Source)
	at org.apache.xerces.impl.XMLNamespaceBinder.handleStartElement(Unknown Source)
	at org.apache.xerces.impl.XMLNamespaceBinder.startElement(Unknown Source)
	at org.apache.xerces.impl.dtd.XMLDTDValidator.startElement(Unknown Source)
	at org.apache.xerces.impl.XMLDocumentFragmentScannerImpl.scanStartElement(Unknown Source)
	at org.apache.xerces.impl.XMLDocumentFragmentScannerImpl$FragmentContentDispatcher.dispatch(Unknown Source)
	at org.apache.xerces.impl.XMLDocumentFragmentScannerImpl.scanDocument(Unknown Source)
	at org.apache.xerces.parsers.DTDConfiguration.parse(Unknown Source)
	at org.apache.xerces.parsers.DTDConfiguration.parse(Unknown Source)
	at org.apache.xerces.parsers.XMLParser.parse(Unknown Source)
	at org.apache.xerces.parsers.AbstractSAXParser.parse(Unknown Source)
	at org.apache.jena.rdfxml.xmlinput.impl.RDFXMLParser.parse(RDFXMLParser.java:150)
	at org.apache.jena.rdfxml.xmlinput.ARP.load(ARP.java:118)
	at org.apache.jena.riot.lang.ReaderRIOTRDFXML.parse(ReaderRIOTRDFXML.java:188)
	at org.apache.jena.riot.lang.ReaderRIOTRDFXML.read(ReaderRIOTRDFXML.java:86)
	at org.apache.jena.riot.RDFParser.read(RDFParser.java:352)
	at org.apache.jena.riot.RDFParser.parseNotUri(RDFParser.java:342)
	at org.apache.jena.riot.RDFParser.parse(RDFParser.java:291)
	at org.apache.jena.riot.RDFParserBuilder.parse(RDFParserBuilder.java:500)
	at org.apache.jena.riot.RDFDataMgr.parseFromInputStream(RDFDataMgr.java:870)
	at org.apache.jena.riot.RDFDataMgr.read(RDFDataMgr.java:268)
	at org.apache.jena.riot.RDFDataMgr.read(RDFDataMgr.java:254)
	at org.apache.jena.riot.adapters.RDFReaderRIOT.read(RDFReaderRIOT.java:69)
	at org.apache.jena.rdf.model.impl.ModelCom.read(ModelCom.java:305)
	at org.apache.jena.riot.adapters.AdapterFileManager.readModelWorker(AdapterFileManager.java:297)
	at org.apache.jena.util.FileManager.readModel(FileManager.java:342)
	at org.apache.jena.util.FileManager.readModel(FileManager.java:326)
	at org.apache.jena.ontology.OntDocumentManager.read(OntDocumentManager.java:1062)
	at org.apache.jena.ontology.OntDocumentManager$1.readModel(OntDocumentManager.java:1032)
	at org.apache.jena.rdf.model.impl.ModelMakerImpl.getModel(ModelMakerImpl.java:104)
	at org.apache.jena.ontology.OntDocumentManager.fetchLoadedImportModel(OntDocumentManager.java:1029)
	at org.apache.jena.ontology.OntDocumentManager.fetchPossiblyCachedImportModel(OntDocumentManager.java:1001)
	at org.apache.jena.ontology.OntDocumentManager.loadImport(OntDocumentManager.java:974)
	at org.apache.jena.ontology.OntDocumentManager.loadImports(OntDocumentManager.java:768)
	at org.apache.jena.ontology.OntDocumentManager.loadImports(OntDocumentManager.java:706)
	at org.apache.jena.ontology.impl.OntModelImpl.loadImports(OntModelImpl.java:1964)
	at org.apache.jena.ontology.impl.OntModelImpl.read(OntModelImpl.java:2134)
	at repository.Application.loadOntology(Application.java:51)
	at repository.Application.main(Application.java:41)
	at sun.reflect.NativeMethodAccessorImpl.invoke0(Native Method)
	at sun.reflect.NativeMethodAccessorImpl.invoke(NativeMethodAccessorImpl.java:62)
	at sun.reflect.DelegatingMethodAccessorImpl.invoke(DelegatingMethodAccessorImpl.java:43)
	at java.lang.reflect.Method.invoke(Method.java:498)
	at org.springframework.boot.maven.AbstractRunMojo$LaunchRunner.run(AbstractRunMojo.java:496)
	at java.lang.Thread.run(Thread.java:748)
127713 [main] DEBUG org.apache.jena.util.FileManager - readModel(model,http://medicis.univ-rennes1.fr/ontologies/ontospm/UO_for_OntoMEDIRAD.owl)
127713 [main] DEBUG org.apache.jena.util.FileManager - readModel(model,http://medicis.univ-rennes1.fr/ontologies/ontospm/UO_for_OntoMEDIRAD.owl, null)
127713 [main] DEBUG o.a.j.r.system.stream.StreamManager - Not mapped: http://medicis.univ-rennes1.fr/ontologies/ontospm/UO_for_OntoMEDIRAD.owl
127713 [main] DEBUG org.apache.jena.riot.web.HttpOp - [7] GET http://medicis.univ-rennes1.fr/ontologies/ontospm/UO_for_OntoMEDIRAD.owl
127724 [main] INFO  o.a.http.impl.execchain.RetryExec - I/O exception (org.apache.http.NoHttpResponseException) caught when processing request to {s}->https://medicis.univ-rennes1.fr:443: The target server failed to respond
127724 [main] INFO  o.a.http.impl.execchain.RetryExec - Retrying request to {s}->https://medicis.univ-rennes1.fr:443
128001 [main] DEBUG o.a.j.r.system.stream.StreamManager - Found: http://medicis.univ-rennes1.fr/ontologies/ontospm/UO_for_OntoMEDIRAD.owl (LocatorHTTP)
188515 [main] WARN  org.apache.jena.riot - [line: 8, col: 78] {W136} Relative URIs are not permitted in RDF: specifically <lang>
188521 [main] WARN  org.apache.jena.riot - [line: 8, col: 78] {W102} Unqualified property attributes are not allowed. Property treated as a relative URI.
188521 [main] WARN  org.apache.jena.riot - [line: 8, col: 78] {W136} Relative URIs are not permitted in RDF: specifically <dir>
188522 [main] WARN  org.apache.jena.riot - [line: 8, col: 78] {W102} Unqualified property attributes are not allowed. Property treated as a relative URI.
188522 [main] WARN  org.apache.jena.riot - [line: 14, col: 72] {W136} Relative URIs are not permitted in RDF: specifically <http-equiv>
188522 [main] WARN  org.apache.jena.riot - [line: 14, col: 72] {W102} Unqualified property attributes are not allowed. Property treated as a relative URI.
188522 [main] WARN  org.apache.jena.riot - [line: 14, col: 72] {W136} Relative URIs are not permitted in RDF: specifically <content>
188522 [main] WARN  org.apache.jena.riot - [line: 14, col: 72] {W102} Unqualified property attributes are not allowed. Property treated as a relative URI.
188522 [main] ERROR org.apache.jena.riot - [line: 18, col: 10] {E201} Multiple children of property element
188524 [main] WARN  o.a.j.ontology.OntDocumentManager - An error occurred while attempting to read from http://medicis.univ-rennes1.fr/ontologies/ontospm/UO_for_OntoMEDIRAD.owl. Msg was '[line: 18, col: 10] {E201} Multiple children of property element'.
org.apache.jena.riot.RiotException: [line: 18, col: 10] {E201} Multiple children of property element
	at org.apache.jena.riot.system.ErrorHandlerFactory$ErrorHandlerStd.error(ErrorHandlerFactory.java:140)
	at org.apache.jena.riot.lang.ReaderRIOTRDFXML$ErrorHandlerBridge.error(ReaderRIOTRDFXML.java:307)
	at org.apache.jena.rdfxml.xmlinput.impl.ARPSaxErrorHandler.error(ARPSaxErrorHandler.java:37)
	at org.apache.jena.rdfxml.xmlinput.impl.XMLHandler.warning(XMLHandler.java:196)
	at org.apache.jena.rdfxml.xmlinput.impl.XMLHandler.warning(XMLHandler.java:173)
	at org.apache.jena.rdfxml.xmlinput.impl.XMLHandler.warning(XMLHandler.java:168)
	at org.apache.jena.rdfxml.xmlinput.impl.ParserSupport.warning(ParserSupport.java:207)
	at org.apache.jena.rdfxml.xmlinput.states.Frame.warning(Frame.java:55)
	at org.apache.jena.rdfxml.xmlinput.states.WantLiteralValueOrDescription.startElement(WantLiteralValueOrDescription.java:38)
	at org.apache.jena.rdfxml.xmlinput.impl.XMLHandler.startElement(XMLHandler.java:111)
	at org.apache.xerces.parsers.AbstractSAXParser.startElement(Unknown Source)
	at org.apache.xerces.impl.XMLNamespaceBinder.handleStartElement(Unknown Source)
	at org.apache.xerces.impl.XMLNamespaceBinder.startElement(Unknown Source)
	at org.apache.xerces.impl.dtd.XMLDTDValidator.startElement(Unknown Source)
	at org.apache.xerces.impl.XMLDocumentFragmentScannerImpl.scanStartElement(Unknown Source)
	at org.apache.xerces.impl.XMLDocumentFragmentScannerImpl$FragmentContentDispatcher.dispatch(Unknown Source)
	at org.apache.xerces.impl.XMLDocumentFragmentScannerImpl.scanDocument(Unknown Source)
	at org.apache.xerces.parsers.DTDConfiguration.parse(Unknown Source)
	at org.apache.xerces.parsers.DTDConfiguration.parse(Unknown Source)
	at org.apache.xerces.parsers.XMLParser.parse(Unknown Source)
	at org.apache.xerces.parsers.AbstractSAXParser.parse(Unknown Source)
	at org.apache.jena.rdfxml.xmlinput.impl.RDFXMLParser.parse(RDFXMLParser.java:150)
	at org.apache.jena.rdfxml.xmlinput.ARP.load(ARP.java:118)
	at org.apache.jena.riot.lang.ReaderRIOTRDFXML.parse(ReaderRIOTRDFXML.java:188)
	at org.apache.jena.riot.lang.ReaderRIOTRDFXML.read(ReaderRIOTRDFXML.java:86)
	at org.apache.jena.riot.RDFParser.read(RDFParser.java:352)
	at org.apache.jena.riot.RDFParser.parseNotUri(RDFParser.java:342)
	at org.apache.jena.riot.RDFParser.parse(RDFParser.java:291)
	at org.apache.jena.riot.RDFParserBuilder.parse(RDFParserBuilder.java:500)
	at org.apache.jena.riot.RDFDataMgr.parseFromInputStream(RDFDataMgr.java:870)
	at org.apache.jena.riot.RDFDataMgr.read(RDFDataMgr.java:268)
	at org.apache.jena.riot.RDFDataMgr.read(RDFDataMgr.java:254)
	at org.apache.jena.riot.adapters.RDFReaderRIOT.read(RDFReaderRIOT.java:69)
	at org.apache.jena.rdf.model.impl.ModelCom.read(ModelCom.java:305)
	at org.apache.jena.riot.adapters.AdapterFileManager.readModelWorker(AdapterFileManager.java:297)
	at org.apache.jena.util.FileManager.readModel(FileManager.java:342)
	at org.apache.jena.util.FileManager.readModel(FileManager.java:326)
	at org.apache.jena.ontology.OntDocumentManager.read(OntDocumentManager.java:1062)
	at org.apache.jena.ontology.OntDocumentManager$1.readModel(OntDocumentManager.java:1032)
	at org.apache.jena.rdf.model.impl.ModelMakerImpl.getModel(ModelMakerImpl.java:104)
	at org.apache.jena.ontology.OntDocumentManager.fetchLoadedImportModel(OntDocumentManager.java:1029)
	at org.apache.jena.ontology.OntDocumentManager.fetchPossiblyCachedImportModel(OntDocumentManager.java:1001)
	at org.apache.jena.ontology.OntDocumentManager.loadImport(OntDocumentManager.java:974)
	at org.apache.jena.ontology.OntDocumentManager.loadImports(OntDocumentManager.java:768)
	at org.apache.jena.ontology.OntDocumentManager.loadImports(OntDocumentManager.java:706)
	at org.apache.jena.ontology.impl.OntModelImpl.loadImports(OntModelImpl.java:1964)
	at org.apache.jena.ontology.impl.OntModelImpl.read(OntModelImpl.java:2134)
	at repository.Application.loadOntology(Application.java:51)
	at repository.Application.main(Application.java:41)
	at sun.reflect.NativeMethodAccessorImpl.invoke0(Native Method)
	at sun.reflect.NativeMethodAccessorImpl.invoke(NativeMethodAccessorImpl.java:62)
	at sun.reflect.DelegatingMethodAccessorImpl.invoke(DelegatingMethodAccessorImpl.java:43)
	at java.lang.reflect.Method.invoke(Method.java:498)
	at org.springframework.boot.maven.AbstractRunMojo$LaunchRunner.run(AbstractRunMojo.java:496)
	at java.lang.Thread.run(Thread.java:748)
188524 [main] DEBUG org.apache.jena.util.FileManager - readModel(model,http://ontofox.hegroup.org/radionuclide_CheBI.owl)
188524 [main] DEBUG org.apache.jena.util.FileManager - readModel(model,http://ontofox.hegroup.org/radionuclide_CheBI.owl, null)
188524 [main] DEBUG o.a.j.r.system.stream.StreamManager - Not mapped: http://ontofox.hegroup.org/radionuclide_CheBI.owl
188524 [main] DEBUG org.apache.jena.riot.web.HttpOp - [8] GET http://ontofox.hegroup.org/radionuclide_CheBI.owl
188851 [main] DEBUG org.apache.jena.riot.web.HttpOp - [8] 404 Not Found
188852 [main] WARN  o.a.j.ontology.OntDocumentManager - An error occurred while attempting to read from http://ontofox.hegroup.org/radionuclide_CheBI.owl. Msg was '404 - Not Found'.
org.apache.jena.atlas.web.HttpException: 404 - Not Found
	at org.apache.jena.riot.web.HttpOp.exec(HttpOp.java:1091)
	at org.apache.jena.riot.web.HttpOp.execHttpGet(HttpOp.java:308)
	at org.apache.jena.riot.web.HttpOp.execHttpGet(HttpOp.java:343)
	at org.apache.jena.riot.system.stream.LocatorHTTP.performOpen(LocatorHTTP.java:42)
	at org.apache.jena.riot.system.stream.LocatorURL.open(LocatorURL.java:44)
	at org.apache.jena.riot.system.stream.StreamManager.openNoMapOrNull(StreamManager.java:168)
	at org.apache.jena.riot.adapters.AdapterFileManager.readModelWorker(AdapterFileManager.java:289)
	at org.apache.jena.util.FileManager.readModel(FileManager.java:342)
	at org.apache.jena.util.FileManager.readModel(FileManager.java:326)
	at org.apache.jena.ontology.OntDocumentManager.read(OntDocumentManager.java:1062)
	at org.apache.jena.ontology.OntDocumentManager$1.readModel(OntDocumentManager.java:1032)
	at org.apache.jena.rdf.model.impl.ModelMakerImpl.getModel(ModelMakerImpl.java:104)
	at org.apache.jena.ontology.OntDocumentManager.fetchLoadedImportModel(OntDocumentManager.java:1029)
	at org.apache.jena.ontology.OntDocumentManager.fetchPossiblyCachedImportModel(OntDocumentManager.java:1001)
	at org.apache.jena.ontology.OntDocumentManager.loadImport(OntDocumentManager.java:974)
	at org.apache.jena.ontology.OntDocumentManager.loadImports(OntDocumentManager.java:768)
	at org.apache.jena.ontology.OntDocumentManager.loadImports(OntDocumentManager.java:706)
	at org.apache.jena.ontology.impl.OntModelImpl.loadImports(OntModelImpl.java:1964)
	at org.apache.jena.ontology.impl.OntModelImpl.read(OntModelImpl.java:2134)
	at repository.Application.loadOntology(Application.java:51)
	at repository.Application.main(Application.java:41)
	at sun.reflect.NativeMethodAccessorImpl.invoke0(Native Method)
	at sun.reflect.NativeMethodAccessorImpl.invoke(NativeMethodAccessorImpl.java:62)
	at sun.reflect.DelegatingMethodAccessorImpl.invoke(DelegatingMethodAccessorImpl.java:43)
	at java.lang.reflect.Method.invoke(Method.java:498)
	at org.springframework.boot.maven.AbstractRunMojo$LaunchRunner.run(AbstractRunMojo.java:496)
	at java.lang.Thread.run(Thread.java:748)
188852 [main] DEBUG org.apache.jena.util.FileManager - readModel(model,http://www.w3.org/2004/02/skos/core)
188852 [main] DEBUG org.apache.jena.util.FileManager - readModel(model,http://www.w3.org/2004/02/skos/core, null)
188852 [main] DEBUG o.a.j.r.system.stream.StreamManager - Not mapped: http://www.w3.org/2004/02/skos/core
188852 [main] DEBUG org.apache.jena.riot.web.HttpOp - [9] GET http://www.w3.org/2004/02/skos/core
189235 [main] DEBUG o.a.j.r.system.stream.StreamManager - Found: http://www.w3.org/2004/02/skos/core (LocatorHTTP)
189322 [main] DEBUG org.apache.jena.util.FileManager - readModel(model,http://ontofox.hegroup.org/UO_for_OntoMEDIRAD.owl)
189322 [main] DEBUG org.apache.jena.util.FileManager - readModel(model,http://ontofox.hegroup.org/UO_for_OntoMEDIRAD.owl, null)
189322 [main] DEBUG o.a.j.r.system.stream.StreamManager - Not mapped: http://ontofox.hegroup.org/UO_for_OntoMEDIRAD.owl
189323 [main] DEBUG org.apache.jena.riot.web.HttpOp - [10] GET http://ontofox.hegroup.org/UO_for_OntoMEDIRAD.owl
189436 [main] DEBUG org.apache.jena.riot.web.HttpOp - [10] 404 Not Found
189437 [main] WARN  o.a.j.ontology.OntDocumentManager - An error occurred while attempting to read from http://ontofox.hegroup.org/UO_for_OntoMEDIRAD.owl. Msg was '404 - Not Found'.
org.apache.jena.atlas.web.HttpException: 404 - Not Found
	at org.apache.jena.riot.web.HttpOp.exec(HttpOp.java:1091)
	at org.apache.jena.riot.web.HttpOp.execHttpGet(HttpOp.java:308)
	at org.apache.jena.riot.web.HttpOp.execHttpGet(HttpOp.java:343)
	at org.apache.jena.riot.system.stream.LocatorHTTP.performOpen(LocatorHTTP.java:42)
	at org.apache.jena.riot.system.stream.LocatorURL.open(LocatorURL.java:44)
	at org.apache.jena.riot.system.stream.StreamManager.openNoMapOrNull(StreamManager.java:168)
	at org.apache.jena.riot.adapters.AdapterFileManager.readModelWorker(AdapterFileManager.java:289)
	at org.apache.jena.util.FileManager.readModel(FileManager.java:342)
	at org.apache.jena.util.FileManager.readModel(FileManager.java:326)
	at org.apache.jena.ontology.OntDocumentManager.read(OntDocumentManager.java:1062)
	at org.apache.jena.ontology.OntDocumentManager$1.readModel(OntDocumentManager.java:1032)
	at org.apache.jena.rdf.model.impl.ModelMakerImpl.getModel(ModelMakerImpl.java:104)
	at org.apache.jena.ontology.OntDocumentManager.fetchLoadedImportModel(OntDocumentManager.java:1029)
	at org.apache.jena.ontology.OntDocumentManager.fetchPossiblyCachedImportModel(OntDocumentManager.java:1001)
	at org.apache.jena.ontology.OntDocumentManager.loadImport(OntDocumentManager.java:974)
	at org.apache.jena.ontology.OntDocumentManager.loadImports(OntDocumentManager.java:768)
	at org.apache.jena.ontology.OntDocumentManager.loadImports(OntDocumentManager.java:706)
	at org.apache.jena.ontology.impl.OntModelImpl.loadImports(OntModelImpl.java:1964)
	at org.apache.jena.ontology.impl.OntModelImpl.read(OntModelImpl.java:2134)
	at repository.Application.loadOntology(Application.java:51)
	at repository.Application.main(Application.java:41)
	at sun.reflect.NativeMethodAccessorImpl.invoke0(Native Method)
	at sun.reflect.NativeMethodAccessorImpl.invoke(NativeMethodAccessorImpl.java:62)
	at sun.reflect.DelegatingMethodAccessorImpl.invoke(DelegatingMethodAccessorImpl.java:43)
	at java.lang.reflect.Method.invoke(Method.java:498)
	at org.springframework.boot.maven.AbstractRunMojo$LaunchRunner.run(AbstractRunMojo.java:496)
	at java.lang.Thread.run(Thread.java:748)
189448 [main] DEBUG repository.Memory - Creation of the StarDog connection (Database : ontoMedirad) at http://localhost:5820
189938 [main] DEBUG o.o.rio.DatatypeHandlerRegistry - Registered service class org.openrdf.rio.datatypes.XMLSchemaDatatypeHandler
189939 [main] DEBUG o.o.rio.DatatypeHandlerRegistry - Registered service class org.openrdf.rio.datatypes.RDFDatatypeHandler
189939 [main] DEBUG o.o.rio.DatatypeHandlerRegistry - Registered service class org.openrdf.rio.datatypes.DBPediaDatatypeHandler
189939 [main] DEBUG o.o.rio.DatatypeHandlerRegistry - Registered service class org.openrdf.rio.datatypes.VirtuosoGeometryDatatypeHandler
189940 [main] DEBUG o.o.rio.DatatypeHandlerRegistry - Registered service class org.openrdf.rio.datatypes.GeoSPARQLDatatypeHandler
189941 [main] DEBUG o.o.rio.LanguageHandlerRegistry - Registered service class org.openrdf.rio.languages.RFC3066LanguageHandler
189950 [main] DEBUG c.c.stardog.metadata.MetaProperties - Process option provider: class com.complexible.stardog.db.DatabaseOptions
189951 [main] DEBUG c.c.stardog.metadata.MetaProperties - Register option: strict.parsing
189951 [main] DEBUG c.c.stardog.metadata.MetaProperties - Register option: literal.comparison.extended
189951 [main] DEBUG c.c.stardog.metadata.MetaProperties - Register option: preserve.bnode.ids
189951 [main] DEBUG c.c.stardog.metadata.MetaProperties - Register option: database.name
189951 [main] DEBUG c.c.stardog.metadata.MetaProperties - Register option: database.creator
189951 [main] DEBUG c.c.stardog.metadata.MetaProperties - Register option: database.ignore.bulk.load.errors
189951 [main] DEBUG c.c.stardog.metadata.MetaProperties - Register option: database.time.creation
189951 [main] DEBUG c.c.stardog.metadata.MetaProperties - Register option: database.time.modification
189951 [main] DEBUG c.c.stardog.metadata.MetaProperties - Register option: transaction.logging
189951 [main] DEBUG c.c.stardog.metadata.MetaProperties - Register option: query.pp.contexts
189951 [main] DEBUG c.c.stardog.metadata.MetaProperties - Register option: transaction.logging.rotation.size
189951 [main] DEBUG c.c.stardog.metadata.MetaProperties - Register option: transaction.logging.rotation.remove
189951 [main] DEBUG c.c.stardog.metadata.MetaProperties - Register option: transaction.logging.ignore.startup.errors
189951 [main] DEBUG c.c.stardog.metadata.MetaProperties - Register option: database.online
189951 [main] DEBUG c.c.stardog.metadata.MetaProperties - Register option: query.all.graphs
189951 [main] DEBUG c.c.stardog.metadata.MetaProperties - Register option: query.plan.reuse
189951 [main] DEBUG c.c.stardog.metadata.MetaProperties - Register option: database.namespaces
189951 [main] DEBUG c.c.stardog.metadata.MetaProperties - Register option: database.connection.timeout
189951 [main] DEBUG c.c.stardog.metadata.MetaProperties - Register option: query.timeout
189951 [main] DEBUG c.c.stardog.metadata.MetaProperties - Register option: database.archetypes
189951 [main] DEBUG c.c.stardog.metadata.MetaProperties - Register option: index.lucene.mmap
189951 [main] DEBUG c.c.stardog.metadata.MetaProperties - Register option: query.describe.strategy
189951 [main] DEBUG c.c.stardog.metadata.MetaProperties - Register option: transaction.isolation
189951 [main] DEBUG c.c.stardog.metadata.MetaProperties - Register option: progress.monitor.enabled
189953 [main] DEBUG c.c.stardog.metadata.MetaProperties - Process option provider: class com.complexible.stardog.SystemStatusOptions
189953 [main] DEBUG c.c.stardog.metadata.MetaProperties - Register option: system.os
189953 [main] DEBUG c.c.stardog.metadata.MetaProperties - Register option: system.arch
189953 [main] DEBUG c.c.stardog.metadata.MetaProperties - Register option: dbms.home
189953 [main] DEBUG c.c.stardog.metadata.MetaProperties - Register option: dbms.version
189953 [main] DEBUG c.c.stardog.metadata.MetaProperties - Register option: logging.access.enabled
189953 [main] DEBUG c.c.stardog.metadata.MetaProperties - Register option: logging.access.type
189953 [main] DEBUG c.c.stardog.metadata.MetaProperties - Register option: logging.access.file
189953 [main] DEBUG c.c.stardog.metadata.MetaProperties - Register option: logging.access.rotation.type
189953 [main] DEBUG c.c.stardog.metadata.MetaProperties - Register option: logging.access.rotation.limit
189953 [main] DEBUG c.c.stardog.metadata.MetaProperties - Register option: logging.audit.enabled
189953 [main] DEBUG c.c.stardog.metadata.MetaProperties - Register option: logging.audit.type
189953 [main] DEBUG c.c.stardog.metadata.MetaProperties - Register option: logging.audit.file
189953 [main] DEBUG c.c.stardog.metadata.MetaProperties - Register option: logging.audit.rotation.type
189953 [main] DEBUG c.c.stardog.metadata.MetaProperties - Register option: logging.audit.rotation.interval
189953 [main] DEBUG c.c.stardog.metadata.MetaProperties - Register option: logging.slow_query.enabled
189953 [main] DEBUG c.c.stardog.metadata.MetaProperties - Register option: logging.slow_query.time
189953 [main] DEBUG c.c.stardog.metadata.MetaProperties - Register option: logging.slow_query.type
189953 [main] DEBUG c.c.stardog.metadata.MetaProperties - Register option: logging.create.failure.fatal
189953 [main] DEBUG c.c.stardog.metadata.MetaProperties - Register option: leading.wildcard.search.enabled
189953 [main] DEBUG c.c.stardog.metadata.MetaProperties - Register option: watchdog.enabled
189953 [main] DEBUG c.c.stardog.metadata.MetaProperties - Register option: watchdog.remote.access
189953 [main] DEBUG c.c.stardog.metadata.MetaProperties - Register option: watchdog.port
189954 [main] DEBUG c.c.stardog.metadata.MetaProperties - Register option: backup.dir
189954 [main] DEBUG c.c.stardog.metadata.MetaProperties - Register option: export.dir
190002 [main] DEBUG repository.Memory - Sucessfully created the StarDog connection (Database : ontoMedirad)
190365 [main] DEBUG o.o.q.r.TupleQueryResultParserRegistry - Registered service class org.openrdf.query.resultio.binary.BinaryQueryResultParserFactory
190366 [main] DEBUG o.o.q.r.TupleQueryResultParserRegistry - Registered service class org.openrdf.query.resultio.sparqljson.SPARQLResultsJSONParserFactory
190367 [main] DEBUG o.o.q.r.TupleQueryResultParserRegistry - Registered service class org.openrdf.query.resultio.sparqlxml.SPARQLResultsXMLParserFactory
190368 [main] DEBUG o.o.q.r.TupleQueryResultParserRegistry - Registered service class org.openrdf.query.resultio.text.csv.SPARQLResultsCSVParserFactory
190369 [main] DEBUG o.o.q.r.TupleQueryResultParserRegistry - Registered service class org.openrdf.query.resultio.text.tsv.SPARQLResultsTSVParserFactory
190400 [main] DEBUG o.o.q.r.TupleQueryResultWriterRegistry - Registered service class org.openrdf.query.resultio.binary.BinaryQueryResultWriterFactory
190400 [main] DEBUG o.o.q.r.TupleQueryResultWriterRegistry - Registered service class org.openrdf.query.resultio.sparqljson.SPARQLResultsJSONWriterFactory
190401 [main] DEBUG o.o.q.r.TupleQueryResultWriterRegistry - Registered service class org.openrdf.query.resultio.sparqlxml.SPARQLResultsXMLWriterFactory
190402 [main] DEBUG o.o.q.r.TupleQueryResultWriterRegistry - Registered service class org.openrdf.query.resultio.text.csv.SPARQLResultsCSVWriterFactory
190402 [main] DEBUG o.o.q.r.TupleQueryResultWriterRegistry - Registered service class org.openrdf.query.resultio.text.tsv.SPARQLResultsTSVWriterFactory
190413 [main] DEBUG repository.Memory - Creation of the StarDog connection (Database : ontoMedirad) at http://localhost:5820
190415 [main] DEBUG repository.Memory - Sucessfully created the StarDog connection (Database : ontoMedirad)
190431 [main] DEBUG repository.Memory - Creation of the StarDog connection (Database : ontoMedirad) at http://localhost:5820
190433 [main] DEBUG repository.Memory - Sucessfully created the StarDog connection (Database : ontoMedirad)
190615 [main] DEBUG repository.Memory - Creation of the StarDog connection (Database : ontoMedirad) at http://localhost:5820
190617 [main] DEBUG repository.Memory - Sucessfully created the StarDog connection (Database : ontoMedirad)
