925  [main] INFO  repository.Application - Starting Application on pr153107.univ-rennes1.fr with PID 10279 (/Users/marinebrenet/Documents/metadata-repository/target/classes started by marinebrenet in /Users/marinebrenet/Documents/metadata-repository)
929  [main] INFO  repository.Application - No active profile set, falling back to default profiles: default
944  [background-preinit] DEBUG o.h.v.m.ResourceBundleMessageInterpolator - Loaded expression factory via original TCCL
949  [background-preinit] DEBUG o.h.v.i.engine.ValidatorFactoryImpl - HV000234: Using org.hibernate.validator.messageinterpolation.ResourceBundleMessageInterpolator as ValidatorFactory-scoped message interpolator.
950  [background-preinit] DEBUG o.h.v.i.engine.ValidatorFactoryImpl - HV000234: Using org.hibernate.validator.internal.engine.resolver.TraverseAllTraversableResolver as ValidatorFactory-scoped traversable resolver.
950  [background-preinit] DEBUG o.h.v.i.engine.ValidatorFactoryImpl - HV000234: Using org.hibernate.validator.internal.util.ExecutableParameterNameProvider as ValidatorFactory-scoped parameter name provider.
950  [background-preinit] DEBUG o.h.v.i.engine.ValidatorFactoryImpl - HV000234: Using org.hibernate.validator.internal.engine.DefaultClockProvider as ValidatorFactory-scoped clock provider.
950  [background-preinit] DEBUG o.h.v.i.engine.ValidatorFactoryImpl - HV000234: Using org.hibernate.validator.internal.engine.scripting.DefaultScriptEvaluatorFactory as ValidatorFactory-scoped script evaluator factory.
976  [main] INFO  o.s.b.w.s.c.AnnotationConfigServletWebServerApplicationContext - Refreshing org.springframework.boot.web.servlet.context.AnnotationConfigServletWebServerApplicationContext@4c6cafc4: startup date [Wed Sep 12 16:14:45 CEST 2018]; root of context hierarchy
1727 [main] INFO  o.s.b.f.a.AutowiredAnnotationBeanPostProcessor - JSR-330 'javax.inject.Inject' annotation found and supported for autowiring
1751 [main] DEBUG o.h.v.i.e.r.TraversableResolvers - Cannot find javax.persistence.Persistence on classpath. Assuming non JPA 2 environment. All properties will per default be traversable.
1751 [main] DEBUG o.h.v.m.ResourceBundleMessageInterpolator - Loaded expression factory via original TCCL
1751 [main] DEBUG o.h.v.i.e.r.TraversableResolvers - Cannot find javax.persistence.Persistence on classpath. Assuming non JPA 2 environment. All properties will per default be traversable.
1752 [main] DEBUG o.h.v.i.engine.ConfigurationImpl - Setting custom MessageInterpolator of type org.springframework.validation.beanvalidation.LocaleContextMessageInterpolator
1752 [main] DEBUG o.h.v.i.engine.ConfigurationImpl - Setting custom ConstraintValidatorFactory of type org.springframework.validation.beanvalidation.SpringConstraintValidatorFactory
1753 [main] DEBUG o.h.v.i.engine.ConfigurationImpl - Setting custom ParameterNameProvider of type org.springframework.validation.beanvalidation.LocalValidatorFactoryBean$1
1754 [main] DEBUG o.h.v.i.xml.ValidationXmlParser - Trying to load META-INF/validation.xml for XML based Validator configuration.
1754 [main] DEBUG o.h.v.i.xml.ResourceLoaderHelper - Trying to load META-INF/validation.xml via user class loader
1754 [main] DEBUG o.h.v.i.xml.ResourceLoaderHelper - Trying to load META-INF/validation.xml via TCCL
1754 [main] DEBUG o.h.v.i.xml.ResourceLoaderHelper - Trying to load META-INF/validation.xml via Hibernate Validator's class loader
1754 [main] DEBUG o.h.v.i.xml.ValidationXmlParser - No META-INF/validation.xml found. Using annotation based configuration only.
1757 [main] DEBUG o.h.v.i.engine.ValidatorFactoryImpl - HV000234: Using org.springframework.validation.beanvalidation.LocaleContextMessageInterpolator as ValidatorFactory-scoped message interpolator.
1757 [main] DEBUG o.h.v.i.engine.ValidatorFactoryImpl - HV000234: Using org.hibernate.validator.internal.engine.resolver.TraverseAllTraversableResolver as ValidatorFactory-scoped traversable resolver.
1757 [main] DEBUG o.h.v.i.engine.ValidatorFactoryImpl - HV000234: Using org.hibernate.validator.internal.util.ExecutableParameterNameProvider as ValidatorFactory-scoped parameter name provider.
1757 [main] DEBUG o.h.v.i.engine.ValidatorFactoryImpl - HV000234: Using org.hibernate.validator.internal.engine.DefaultClockProvider as ValidatorFactory-scoped clock provider.
1757 [main] DEBUG o.h.v.i.engine.ValidatorFactoryImpl - HV000234: Using org.hibernate.validator.internal.engine.scripting.DefaultScriptEvaluatorFactory as ValidatorFactory-scoped script evaluator factory.
2070 [main] INFO  o.s.b.w.e.tomcat.TomcatWebServer - Tomcat initialized with port(s): 8090 (http)
2088 [main] INFO  o.a.coyote.http11.Http11NioProtocol - Initializing ProtocolHandler ["http-nio-8090"]
2098 [main] INFO  o.a.catalina.core.StandardService - Starting service [Tomcat]
2098 [main] INFO  o.a.catalina.core.StandardEngine - Starting Servlet Engine: Apache Tomcat/8.5.28
2106 [localhost-startStop-1] INFO  o.a.c.core.AprLifecycleListener - The APR based Apache Tomcat Native library which allows optimal performance in production environments was not found on the java.library.path: [/Users/marinebrenet/Library/Java/Extensions:/Library/Java/Extensions:/Network/Library/Java/Extensions:/System/Library/Java/Extensions:/usr/lib/java:.]
2191 [localhost-startStop-1] INFO  o.a.c.c.C.[Tomcat].[localhost].[/] - Initializing Spring embedded WebApplicationContext
2192 [localhost-startStop-1] INFO  o.s.web.context.ContextLoader - Root WebApplicationContext: initialization completed in 1215 ms
2305 [localhost-startStop-1] INFO  o.s.b.w.s.ServletRegistrationBean - Servlet dispatcherServlet mapped to [/]
2309 [localhost-startStop-1] INFO  o.s.b.w.s.FilterRegistrationBean - Mapping filter: 'characterEncodingFilter' to: [/*]
2309 [localhost-startStop-1] INFO  o.s.b.w.s.FilterRegistrationBean - Mapping filter: 'hiddenHttpMethodFilter' to: [/*]
2310 [localhost-startStop-1] INFO  o.s.b.w.s.FilterRegistrationBean - Mapping filter: 'httpPutFormContentFilter' to: [/*]
2310 [localhost-startStop-1] INFO  o.s.b.w.s.FilterRegistrationBean - Mapping filter: 'requestContextFilter' to: [/*]
2442 [main] DEBUG o.h.v.i.e.r.TraversableResolvers - Cannot find javax.persistence.Persistence on classpath. Assuming non JPA 2 environment. All properties will per default be traversable.
2442 [main] DEBUG o.h.v.m.ResourceBundleMessageInterpolator - Loaded expression factory via original TCCL
2448 [main] DEBUG o.h.v.i.e.r.TraversableResolvers - Cannot find javax.persistence.Persistence on classpath. Assuming non JPA 2 environment. All properties will per default be traversable.
2449 [main] DEBUG o.h.v.i.engine.ConfigurationImpl - Setting custom MessageInterpolator of type org.springframework.validation.beanvalidation.LocaleContextMessageInterpolator
2449 [main] DEBUG o.h.v.i.engine.ConfigurationImpl - Setting custom ConstraintValidatorFactory of type org.springframework.validation.beanvalidation.SpringConstraintValidatorFactory
2449 [main] DEBUG o.h.v.i.engine.ConfigurationImpl - Setting custom ParameterNameProvider of type org.springframework.validation.beanvalidation.LocalValidatorFactoryBean$1
2449 [main] DEBUG o.h.v.i.xml.ValidationXmlParser - Trying to load META-INF/validation.xml for XML based Validator configuration.
2449 [main] DEBUG o.h.v.i.xml.ResourceLoaderHelper - Trying to load META-INF/validation.xml via user class loader
2449 [main] DEBUG o.h.v.i.xml.ResourceLoaderHelper - Trying to load META-INF/validation.xml via TCCL
2449 [main] DEBUG o.h.v.i.xml.ResourceLoaderHelper - Trying to load META-INF/validation.xml via Hibernate Validator's class loader
2449 [main] DEBUG o.h.v.i.xml.ValidationXmlParser - No META-INF/validation.xml found. Using annotation based configuration only.
2452 [main] DEBUG o.h.v.i.engine.ValidatorFactoryImpl - HV000234: Using org.springframework.validation.beanvalidation.LocaleContextMessageInterpolator as ValidatorFactory-scoped message interpolator.
2452 [main] DEBUG o.h.v.i.engine.ValidatorFactoryImpl - HV000234: Using org.hibernate.validator.internal.engine.resolver.TraverseAllTraversableResolver as ValidatorFactory-scoped traversable resolver.
2452 [main] DEBUG o.h.v.i.engine.ValidatorFactoryImpl - HV000234: Using org.hibernate.validator.internal.util.ExecutableParameterNameProvider as ValidatorFactory-scoped parameter name provider.
2452 [main] DEBUG o.h.v.i.engine.ValidatorFactoryImpl - HV000234: Using org.hibernate.validator.internal.engine.DefaultClockProvider as ValidatorFactory-scoped clock provider.
2452 [main] DEBUG o.h.v.i.engine.ValidatorFactoryImpl - HV000234: Using org.hibernate.validator.internal.engine.scripting.DefaultScriptEvaluatorFactory as ValidatorFactory-scoped script evaluator factory.
2652 [main] INFO  o.s.w.s.m.m.a.RequestMappingHandlerAdapter - Looking for @ControllerAdvice: org.springframework.boot.web.servlet.context.AnnotationConfigServletWebServerApplicationContext@4c6cafc4: startup date [Wed Sep 12 16:14:45 CEST 2018]; root of context hierarchy
2755 [main] INFO  o.s.w.s.m.m.a.RequestMappingHandlerMapping - Mapped "{[/test]}" onto public java.lang.String repository.ImportController.test(java.util.Map<java.lang.String, java.lang.String>) throws java.lang.Exception
2756 [main] INFO  o.s.w.s.m.m.a.RequestMappingHandlerMapping - Mapped "{[/getMimeTypeDataFormat],methods=[GET],produces=[text/xml || application/json]}" onto public java.lang.String repository.ImportController.getMimeTypeDataFormat(java.lang.String)
2756 [main] INFO  o.s.w.s.m.m.a.RequestMappingHandlerMapping - Mapped "{[/getResearchStudies],methods=[GET],produces=[text/xml || application/json]}" onto public java.lang.String repository.ImportController.getResearchStudies()
2756 [main] INFO  o.s.w.s.m.m.a.RequestMappingHandlerMapping - Mapped "{[/getRequestList],methods=[GET],produces=[text/xml || application/json]}" onto public java.lang.String repository.ImportController.getRequestList()
2757 [main] INFO  o.s.w.s.m.m.a.RequestMappingHandlerMapping - Mapped "{[/validateDicomFileSetDescriptor],methods=[POST],produces=[text/xml || application/json]}" onto public java.lang.String repository.ImportController.validateDicomFileSetDescriptor(java.lang.String)
2757 [main] INFO  o.s.w.s.m.m.a.RequestMappingHandlerMapping - Mapped "{[/validateNonDicomFileSetDescriptor],methods=[POST],produces=[text/xml || application/json]}" onto public java.lang.String repository.ImportController.validateNonDicomFileSetDescriptor(java.lang.String)
2757 [main] INFO  o.s.w.s.m.m.a.RequestMappingHandlerMapping - Mapped "{[/requestFromList],methods=[GET],produces=[text/xml || application/sparql-results+json]}" onto public java.lang.String repository.ImportController.requestFromList(java.lang.String)
2757 [main] INFO  o.s.w.s.m.m.a.RequestMappingHandlerMapping - Mapped "{[/testRequestControle],methods=[GET],produces=[text/xml]}" onto public java.lang.String repository.ImportController.TestRequestControle(java.util.Map<java.lang.String, java.lang.String>) throws java.lang.Exception
2758 [main] INFO  o.s.w.s.m.m.a.RequestMappingHandlerMapping - Mapped "{[/testReturnReq],methods=[GET],produces=[text/xml]}" onto public java.lang.String repository.ImportController.RequeteTestReturn(java.lang.String)
2758 [main] INFO  o.s.w.s.m.m.a.RequestMappingHandlerMapping - Mapped "{[/importDicomFileSetDescriptor],methods=[POST],produces=[text/xml]}" onto public java.lang.String repository.ImportController.importDicomData(repository.DicomFileSetDescriptor,java.lang.String)
2758 [main] INFO  o.s.w.s.m.m.a.RequestMappingHandlerMapping - Mapped "{[/importNonDicomFileSetDescriptor],methods=[POST],produces=[text/xml]}" onto public java.lang.String repository.ImportController.importNonDicomData(repository.NonDicomFileSetDescriptor,java.lang.String)
2763 [main] INFO  o.s.w.s.m.m.a.RequestMappingHandlerMapping - Mapped "{[/error]}" onto public org.springframework.http.ResponseEntity<java.util.Map<java.lang.String, java.lang.Object>> org.springframework.boot.autoconfigure.web.servlet.error.BasicErrorController.error(javax.servlet.http.HttpServletRequest)
2763 [main] INFO  o.s.w.s.m.m.a.RequestMappingHandlerMapping - Mapped "{[/error],produces=[text/html]}" onto public org.springframework.web.servlet.ModelAndView org.springframework.boot.autoconfigure.web.servlet.error.BasicErrorController.errorHtml(javax.servlet.http.HttpServletRequest,javax.servlet.http.HttpServletResponse)
2803 [main] INFO  o.s.w.s.h.SimpleUrlHandlerMapping - Mapped URL path [/webjars/**] onto handler of type [class org.springframework.web.servlet.resource.ResourceHttpRequestHandler]
2804 [main] INFO  o.s.w.s.h.SimpleUrlHandlerMapping - Mapped URL path [/**] onto handler of type [class org.springframework.web.servlet.resource.ResourceHttpRequestHandler]
2845 [main] INFO  o.s.w.s.h.SimpleUrlHandlerMapping - Mapped URL path [/**/favicon.ico] onto handler of type [class org.springframework.web.servlet.resource.ResourceHttpRequestHandler]
3056 [main] INFO  o.s.j.e.a.AnnotationMBeanExporter - Registering beans for JMX exposure on startup
3068 [main] INFO  o.a.coyote.http11.Http11NioProtocol - Starting ProtocolHandler ["http-nio-8090"]
3088 [main] INFO  o.a.tomcat.util.net.NioSelectorPool - Using a shared selector for servlet write/read
3101 [main] INFO  o.s.b.w.e.tomcat.TomcatWebServer - Tomcat started on port(s): 8090 (http) with context path ''
3104 [main] INFO  repository.Application - Started Application in 2.755 seconds (JVM running for 10.02)
3106 [main] INFO  repository.Application - dockerHost : localhost:8080
3106 [main] INFO  repository.Application - starDogUrl : http://localhost:5820
3106 [main] INFO  repository.Application - pathOntology : OntoMedirad/ontoMedirad.owl
3941 [main] DEBUG Jena - Jena initialization
4044 [main] DEBUG org.apache.jena.util.FileManager - Add location: LocatorFile
4045 [main] DEBUG org.apache.jena.util.FileManager - Add location: ClassLoaderLocator
4048 [main] DEBUG org.apache.jena.util.LocationMapper - Failed to find configuration: file:location-mapping.rdf;file:location-mapping.n3;file:location-mapping.ttl;file:etc/location-mapping.rdf;file:etc/location-mapping.n3;file:etc/location-mapping.ttl
4048 [main] DEBUG org.apache.jena.util.FileManager - Add location: LocatorFile
4049 [main] DEBUG org.apache.jena.util.FileManager - Add location: LocatorURL
4049 [main] DEBUG org.apache.jena.util.FileManager - Add location: ClassLoaderLocator
4057 [main] DEBUG o.a.j.r.s.stream.JenaIOEnvironment - Failed to find configuration: location-mapping.ttl;location-mapping.rdf;location-mapping.n3;etc/location-mapping.rdf;etc/location-mapping.n3;etc/location-mapping.ttl
4427 [main] DEBUG org.apache.jena.info - System architecture: 64 bit
4466 [main] DEBUG org.apache.jena.info - System architecture: 64 bit
4565 [main] DEBUG o.a.j.r.rulesys.FBRuleInfGraph - Adding rule [ (?a rdfs:isDefinedBy ?b) -> (?a rdfs:seeAlso ?b) ]
4565 [main] DEBUG o.a.j.r.rulesys.FBRuleInfGraph - Adding rule [ (?x rdf:rest ?y) -> (?y rdf:type rdf:List) ]
4566 [main] DEBUG o.a.j.r.rulesys.FBRuleInfGraph - Adding rule [ (?x rdfs:label ?y) -> (?y rdf:type rdfs:Literal) ]
4566 [main] DEBUG o.a.j.r.rulesys.FBRuleInfGraph - Adding rule [ (?x rdfs:comment ?y) -> (?y rdf:type rdfs:Literal) ]
4566 [main] DEBUG o.a.j.r.rulesys.FBRuleInfGraph - Adding rule [ (?x rdfs:range ?y) -> (?y rdf:type rdfs:Class) ]
4566 [main] DEBUG o.a.j.r.rulesys.FBRuleInfGraph - Adding rule [ (?x rdfs:domain ?y) -> (?y rdf:type rdfs:Class) ]
4566 [main] DEBUG o.a.j.r.rulesys.FBRuleInfGraph - Adding rule [ (?x rdfs:subClassOf ?y) -> (?y rdf:type rdfs:Class) ]
4566 [main] DEBUG o.a.j.r.rulesys.FBRuleInfGraph - Adding rule [ (?x rdfs:subPropertyOf ?y) -> (?y rdf:type rdf:Property) ]
4567 [main] DEBUG o.a.j.r.rulesys.FBRuleInfGraph - Adding rule [ (?x rdf:rest ?y) -> (?x rdf:type rdf:List) ]
4567 [main] DEBUG o.a.j.r.rulesys.FBRuleInfGraph - Adding rule [ (?x rdf:first ?y) -> (?x rdf:type rdf:List) ]
4567 [main] DEBUG o.a.j.r.rulesys.FBRuleInfGraph - Adding rule [ (?x rdf:object ?y) -> (?x rdf:type rdf:Statement) ]
4567 [main] DEBUG o.a.j.r.rulesys.FBRuleInfGraph - Adding rule [ (?x rdf:predicate ?y) -> (?x rdf:type rdf:Statement) ]
4567 [main] DEBUG o.a.j.r.rulesys.FBRuleInfGraph - Adding rule [ (?x rdf:subject ?y) -> (?x rdf:type rdf:Statement) ]
4567 [main] DEBUG o.a.j.r.rulesys.FBRuleInfGraph - Adding rule [ (?x rdfs:range ?y) -> (?x rdf:type rdf:Property) ]
4567 [main] DEBUG o.a.j.r.rulesys.FBRuleInfGraph - Adding rule [ (?x rdfs:domain ?y) -> (?x rdf:type rdf:Property) ]
4567 [main] DEBUG o.a.j.r.rulesys.FBRuleInfGraph - Adding rule [ (?x rdfs:subClassOf ?y) -> (?x rdf:type rdfs:Class) ]
4567 [main] DEBUG o.a.j.r.rulesys.FBRuleInfGraph - Adding rule [ (?x rdfs:subPropertyOf ?y) -> (?x rdf:type rdf:Property) ]
4568 [main] DEBUG o.a.j.r.rulesys.FBRuleInfGraph - Adding rule [ (?x rdf:type ?y) -> (?y rdf:type rdfs:Class) ]
4571 [main] DEBUG org.apache.jena.util.FileManager - Add location: LocatorFile
4571 [main] DEBUG org.apache.jena.util.FileManager - Add location: LocatorURL
4571 [main] DEBUG org.apache.jena.util.FileManager - Add location: ClassLoaderLocator
4572 [main] DEBUG org.apache.jena.util.FileManager - Found: ont-policy.rdf (ClassLoaderLocator)
4637 [main] DEBUG o.a.j.r.system.stream.StreamManager - open(OntoMedirad/ontoMedirad.owl)
4638 [main] DEBUG o.a.j.r.system.stream.StreamManager - Not mapped: OntoMedirad/ontoMedirad.owl
4641 [main] DEBUG o.a.j.r.system.stream.StreamManager - Found: OntoMedirad/ontoMedirad.owl (LocatorFile)
4784 [main] DEBUG org.apache.jena.util.FileManager - readModel(model,http://ontofox.hegroup.org/PATO_for_OntoMEDIRAD.owl)
4784 [main] DEBUG org.apache.jena.util.FileManager - readModel(model,http://ontofox.hegroup.org/PATO_for_OntoMEDIRAD.owl, null)
4784 [main] DEBUG o.a.j.r.system.stream.StreamManager - Not mapped: http://ontofox.hegroup.org/PATO_for_OntoMEDIRAD.owl
4893 [main] DEBUG org.apache.jena.riot.web.HttpOp - [1] GET http://ontofox.hegroup.org/PATO_for_OntoMEDIRAD.owl
5318 [main] DEBUG org.apache.jena.riot.web.HttpOp - [1] 404 Not Found
5322 [main] WARN  o.a.j.ontology.OntDocumentManager - An error occurred while attempting to read from http://ontofox.hegroup.org/PATO_for_OntoMEDIRAD.owl. Msg was '404 - Not Found'.
org.apache.jena.atlas.web.HttpException: 404 - Not Found
	at org.apache.jena.riot.web.HttpOp.exec(HttpOp.java:1091)
	at org.apache.jena.riot.web.HttpOp.execHttpGet(HttpOp.java:308)
	at org.apache.jena.riot.web.HttpOp.execHttpGet(HttpOp.java:343)
	at org.apache.jena.riot.system.stream.LocatorHTTP.performOpen(LocatorHTTP.java:42)
	at org.apache.jena.riot.system.stream.LocatorURL.open(LocatorURL.java:44)
	at org.apache.jena.riot.system.stream.StreamManager.openNoMapOrNull(StreamManager.java:168)
	at org.apache.jena.riot.adapters.AdapterFileManager.readModelWorker(AdapterFileManager.java:289)
	at org.apache.jena.util.FileManager.readModel(FileManager.java:342)
	at org.apache.jena.util.FileManager.readModel(FileManager.java:326)
	at org.apache.jena.ontology.OntDocumentManager.read(OntDocumentManager.java:1062)
	at org.apache.jena.ontology.OntDocumentManager$1.readModel(OntDocumentManager.java:1032)
	at org.apache.jena.rdf.model.impl.ModelMakerImpl.getModel(ModelMakerImpl.java:104)
	at org.apache.jena.ontology.OntDocumentManager.fetchLoadedImportModel(OntDocumentManager.java:1029)
	at org.apache.jena.ontology.OntDocumentManager.fetchPossiblyCachedImportModel(OntDocumentManager.java:1001)
	at org.apache.jena.ontology.OntDocumentManager.loadImport(OntDocumentManager.java:974)
	at org.apache.jena.ontology.OntDocumentManager.loadImports(OntDocumentManager.java:768)
	at org.apache.jena.ontology.OntDocumentManager.loadImports(OntDocumentManager.java:706)
	at org.apache.jena.ontology.impl.OntModelImpl.loadImports(OntModelImpl.java:1964)
	at org.apache.jena.ontology.impl.OntModelImpl.read(OntModelImpl.java:2134)
	at repository.Application.loadOntology(Application.java:49)
	at repository.Application.main(Application.java:39)
	at sun.reflect.NativeMethodAccessorImpl.invoke0(Native Method)
	at sun.reflect.NativeMethodAccessorImpl.invoke(NativeMethodAccessorImpl.java:62)
	at sun.reflect.DelegatingMethodAccessorImpl.invoke(DelegatingMethodAccessorImpl.java:43)
	at java.lang.reflect.Method.invoke(Method.java:498)
	at org.springframework.boot.maven.AbstractRunMojo$LaunchRunner.run(AbstractRunMojo.java:496)
	at java.lang.Thread.run(Thread.java:748)
5322 [main] DEBUG org.apache.jena.util.FileManager - readModel(model,http://purl.obolibrary.org/obo/bfo/2014-05-03/bfo.owl)
5322 [main] DEBUG org.apache.jena.util.FileManager - readModel(model,http://purl.obolibrary.org/obo/bfo/2014-05-03/bfo.owl, null)
5322 [main] DEBUG o.a.j.r.system.stream.StreamManager - Not mapped: http://purl.obolibrary.org/obo/bfo/2014-05-03/bfo.owl
5323 [main] DEBUG org.apache.jena.riot.web.HttpOp - [2] GET http://purl.obolibrary.org/obo/bfo/2014-05-03/bfo.owl
6331 [main] DEBUG o.a.j.r.system.stream.StreamManager - Found: http://purl.obolibrary.org/obo/bfo/2014-05-03/bfo.owl (LocatorHTTP)
6452 [main] DEBUG org.apache.jena.util.FileManager - readModel(model,http://ontofox.hegroup.org/FMA_for_OntoMEDIRAD.owl)
6452 [main] DEBUG org.apache.jena.util.FileManager - readModel(model,http://ontofox.hegroup.org/FMA_for_OntoMEDIRAD.owl, null)
6453 [main] DEBUG o.a.j.r.system.stream.StreamManager - Not mapped: http://ontofox.hegroup.org/FMA_for_OntoMEDIRAD.owl
6453 [main] DEBUG org.apache.jena.riot.web.HttpOp - [3] GET http://ontofox.hegroup.org/FMA_for_OntoMEDIRAD.owl
6567 [main] DEBUG org.apache.jena.riot.web.HttpOp - [3] 404 Not Found
6568 [main] WARN  o.a.j.ontology.OntDocumentManager - An error occurred while attempting to read from http://ontofox.hegroup.org/FMA_for_OntoMEDIRAD.owl. Msg was '404 - Not Found'.
org.apache.jena.atlas.web.HttpException: 404 - Not Found
	at org.apache.jena.riot.web.HttpOp.exec(HttpOp.java:1091)
	at org.apache.jena.riot.web.HttpOp.execHttpGet(HttpOp.java:308)
	at org.apache.jena.riot.web.HttpOp.execHttpGet(HttpOp.java:343)
	at org.apache.jena.riot.system.stream.LocatorHTTP.performOpen(LocatorHTTP.java:42)
	at org.apache.jena.riot.system.stream.LocatorURL.open(LocatorURL.java:44)
	at org.apache.jena.riot.system.stream.StreamManager.openNoMapOrNull(StreamManager.java:168)
	at org.apache.jena.riot.adapters.AdapterFileManager.readModelWorker(AdapterFileManager.java:289)
	at org.apache.jena.util.FileManager.readModel(FileManager.java:342)
	at org.apache.jena.util.FileManager.readModel(FileManager.java:326)
	at org.apache.jena.ontology.OntDocumentManager.read(OntDocumentManager.java:1062)
	at org.apache.jena.ontology.OntDocumentManager$1.readModel(OntDocumentManager.java:1032)
	at org.apache.jena.rdf.model.impl.ModelMakerImpl.getModel(ModelMakerImpl.java:104)
	at org.apache.jena.ontology.OntDocumentManager.fetchLoadedImportModel(OntDocumentManager.java:1029)
	at org.apache.jena.ontology.OntDocumentManager.fetchPossiblyCachedImportModel(OntDocumentManager.java:1001)
	at org.apache.jena.ontology.OntDocumentManager.loadImport(OntDocumentManager.java:974)
	at org.apache.jena.ontology.OntDocumentManager.loadImports(OntDocumentManager.java:768)
	at org.apache.jena.ontology.OntDocumentManager.loadImports(OntDocumentManager.java:706)
	at org.apache.jena.ontology.impl.OntModelImpl.loadImports(OntModelImpl.java:1964)
	at org.apache.jena.ontology.impl.OntModelImpl.read(OntModelImpl.java:2134)
	at repository.Application.loadOntology(Application.java:49)
	at repository.Application.main(Application.java:39)
	at sun.reflect.NativeMethodAccessorImpl.invoke0(Native Method)
	at sun.reflect.NativeMethodAccessorImpl.invoke(NativeMethodAccessorImpl.java:62)
	at sun.reflect.DelegatingMethodAccessorImpl.invoke(DelegatingMethodAccessorImpl.java:43)
	at java.lang.reflect.Method.invoke(Method.java:498)
	at org.springframework.boot.maven.AbstractRunMojo$LaunchRunner.run(AbstractRunMojo.java:496)
	at java.lang.Thread.run(Thread.java:748)
6568 [main] DEBUG org.apache.jena.util.FileManager - readModel(model,http://medicis.univ-rennes1.fr/ontologies/ontospm/MEDIRADClinicalResearchStudies.owl)
6568 [main] DEBUG org.apache.jena.util.FileManager - readModel(model,http://medicis.univ-rennes1.fr/ontologies/ontospm/MEDIRADClinicalResearchStudies.owl, null)
6568 [main] DEBUG o.a.j.r.system.stream.StreamManager - Not mapped: http://medicis.univ-rennes1.fr/ontologies/ontospm/MEDIRADClinicalResearchStudies.owl
6568 [main] DEBUG org.apache.jena.riot.web.HttpOp - [4] GET http://medicis.univ-rennes1.fr/ontologies/ontospm/MEDIRADClinicalResearchStudies.owl
6899 [main] DEBUG o.a.j.r.system.stream.StreamManager - Found: http://medicis.univ-rennes1.fr/ontologies/ontospm/MEDIRADClinicalResearchStudies.owl (LocatorHTTP)
67598 [main] WARN  org.apache.jena.riot - [line: 8, col: 78] {W136} Relative URIs are not permitted in RDF: specifically <lang>
67598 [main] WARN  org.apache.jena.riot - [line: 8, col: 78] {W102} Unqualified property attributes are not allowed. Property treated as a relative URI.
67598 [main] WARN  org.apache.jena.riot - [line: 8, col: 78] {W136} Relative URIs are not permitted in RDF: specifically <dir>
67598 [main] WARN  org.apache.jena.riot - [line: 8, col: 78] {W102} Unqualified property attributes are not allowed. Property treated as a relative URI.
67598 [main] WARN  org.apache.jena.riot - [line: 14, col: 72] {W136} Relative URIs are not permitted in RDF: specifically <http-equiv>
67598 [main] WARN  org.apache.jena.riot - [line: 14, col: 72] {W102} Unqualified property attributes are not allowed. Property treated as a relative URI.
67599 [main] WARN  org.apache.jena.riot - [line: 14, col: 72] {W136} Relative URIs are not permitted in RDF: specifically <content>
67599 [main] WARN  org.apache.jena.riot - [line: 14, col: 72] {W102} Unqualified property attributes are not allowed. Property treated as a relative URI.
67599 [main] ERROR org.apache.jena.riot - [line: 18, col: 10] {E201} Multiple children of property element
67600 [main] WARN  o.a.j.ontology.OntDocumentManager - An error occurred while attempting to read from http://medicis.univ-rennes1.fr/ontologies/ontospm/MEDIRADClinicalResearchStudies.owl. Msg was '[line: 18, col: 10] {E201} Multiple children of property element'.
org.apache.jena.riot.RiotException: [line: 18, col: 10] {E201} Multiple children of property element
	at org.apache.jena.riot.system.ErrorHandlerFactory$ErrorHandlerStd.error(ErrorHandlerFactory.java:140)
	at org.apache.jena.riot.lang.ReaderRIOTRDFXML$ErrorHandlerBridge.error(ReaderRIOTRDFXML.java:307)
	at org.apache.jena.rdfxml.xmlinput.impl.ARPSaxErrorHandler.error(ARPSaxErrorHandler.java:37)
	at org.apache.jena.rdfxml.xmlinput.impl.XMLHandler.warning(XMLHandler.java:196)
	at org.apache.jena.rdfxml.xmlinput.impl.XMLHandler.warning(XMLHandler.java:173)
	at org.apache.jena.rdfxml.xmlinput.impl.XMLHandler.warning(XMLHandler.java:168)
	at org.apache.jena.rdfxml.xmlinput.impl.ParserSupport.warning(ParserSupport.java:207)
	at org.apache.jena.rdfxml.xmlinput.states.Frame.warning(Frame.java:55)
	at org.apache.jena.rdfxml.xmlinput.states.WantLiteralValueOrDescription.startElement(WantLiteralValueOrDescription.java:38)
	at org.apache.jena.rdfxml.xmlinput.impl.XMLHandler.startElement(XMLHandler.java:111)
	at org.apache.xerces.parsers.AbstractSAXParser.startElement(Unknown Source)
	at org.apache.xerces.impl.XMLNamespaceBinder.handleStartElement(Unknown Source)
	at org.apache.xerces.impl.XMLNamespaceBinder.startElement(Unknown Source)
	at org.apache.xerces.impl.dtd.XMLDTDValidator.startElement(Unknown Source)
	at org.apache.xerces.impl.XMLDocumentFragmentScannerImpl.scanStartElement(Unknown Source)
	at org.apache.xerces.impl.XMLDocumentFragmentScannerImpl$FragmentContentDispatcher.dispatch(Unknown Source)
	at org.apache.xerces.impl.XMLDocumentFragmentScannerImpl.scanDocument(Unknown Source)
	at org.apache.xerces.parsers.DTDConfiguration.parse(Unknown Source)
	at org.apache.xerces.parsers.DTDConfiguration.parse(Unknown Source)
	at org.apache.xerces.parsers.XMLParser.parse(Unknown Source)
	at org.apache.xerces.parsers.AbstractSAXParser.parse(Unknown Source)
	at org.apache.jena.rdfxml.xmlinput.impl.RDFXMLParser.parse(RDFXMLParser.java:150)
	at org.apache.jena.rdfxml.xmlinput.ARP.load(ARP.java:118)
	at org.apache.jena.riot.lang.ReaderRIOTRDFXML.parse(ReaderRIOTRDFXML.java:188)
	at org.apache.jena.riot.lang.ReaderRIOTRDFXML.read(ReaderRIOTRDFXML.java:86)
	at org.apache.jena.riot.RDFParser.read(RDFParser.java:352)
	at org.apache.jena.riot.RDFParser.parseNotUri(RDFParser.java:342)
	at org.apache.jena.riot.RDFParser.parse(RDFParser.java:291)
	at org.apache.jena.riot.RDFParserBuilder.parse(RDFParserBuilder.java:500)
	at org.apache.jena.riot.RDFDataMgr.parseFromInputStream(RDFDataMgr.java:870)
	at org.apache.jena.riot.RDFDataMgr.read(RDFDataMgr.java:268)
	at org.apache.jena.riot.RDFDataMgr.read(RDFDataMgr.java:254)
	at org.apache.jena.riot.adapters.RDFReaderRIOT.read(RDFReaderRIOT.java:69)
	at org.apache.jena.rdf.model.impl.ModelCom.read(ModelCom.java:305)
	at org.apache.jena.riot.adapters.AdapterFileManager.readModelWorker(AdapterFileManager.java:297)
	at org.apache.jena.util.FileManager.readModel(FileManager.java:342)
	at org.apache.jena.util.FileManager.readModel(FileManager.java:326)
	at org.apache.jena.ontology.OntDocumentManager.read(OntDocumentManager.java:1062)
	at org.apache.jena.ontology.OntDocumentManager$1.readModel(OntDocumentManager.java:1032)
	at org.apache.jena.rdf.model.impl.ModelMakerImpl.getModel(ModelMakerImpl.java:104)
	at org.apache.jena.ontology.OntDocumentManager.fetchLoadedImportModel(OntDocumentManager.java:1029)
	at org.apache.jena.ontology.OntDocumentManager.fetchPossiblyCachedImportModel(OntDocumentManager.java:1001)
	at org.apache.jena.ontology.OntDocumentManager.loadImport(OntDocumentManager.java:974)
	at org.apache.jena.ontology.OntDocumentManager.loadImports(OntDocumentManager.java:768)
	at org.apache.jena.ontology.OntDocumentManager.loadImports(OntDocumentManager.java:706)
	at org.apache.jena.ontology.impl.OntModelImpl.loadImports(OntModelImpl.java:1964)
	at org.apache.jena.ontology.impl.OntModelImpl.read(OntModelImpl.java:2134)
	at repository.Application.loadOntology(Application.java:49)
	at repository.Application.main(Application.java:39)
	at sun.reflect.NativeMethodAccessorImpl.invoke0(Native Method)
	at sun.reflect.NativeMethodAccessorImpl.invoke(NativeMethodAccessorImpl.java:62)
	at sun.reflect.DelegatingMethodAccessorImpl.invoke(DelegatingMethodAccessorImpl.java:43)
	at java.lang.reflect.Method.invoke(Method.java:498)
	at org.springframework.boot.maven.AbstractRunMojo$LaunchRunner.run(AbstractRunMojo.java:496)
	at java.lang.Thread.run(Thread.java:748)
67601 [main] DEBUG org.apache.jena.util.FileManager - readModel(model,http://medicis.univ-rennes1.fr/ontologies/ontospm/IAO_for_OntoSPM.owl)
67601 [main] DEBUG org.apache.jena.util.FileManager - readModel(model,http://medicis.univ-rennes1.fr/ontologies/ontospm/IAO_for_OntoSPM.owl, null)
67601 [main] DEBUG o.a.j.r.system.stream.StreamManager - Not mapped: http://medicis.univ-rennes1.fr/ontologies/ontospm/IAO_for_OntoSPM.owl
67601 [main] DEBUG org.apache.jena.riot.web.HttpOp - [5] GET http://medicis.univ-rennes1.fr/ontologies/ontospm/IAO_for_OntoSPM.owl
67618 [main] INFO  o.a.http.impl.execchain.RetryExec - I/O exception (java.net.SocketException) caught when processing request to {s}->https://medicis.univ-rennes1.fr:443: Broken pipe (Write failed)
67619 [main] INFO  o.a.http.impl.execchain.RetryExec - Retrying request to {s}->https://medicis.univ-rennes1.fr:443
67705 [main] DEBUG o.a.j.r.system.stream.StreamManager - Found: http://medicis.univ-rennes1.fr/ontologies/ontospm/IAO_for_OntoSPM.owl (LocatorHTTP)
67716 [main] DEBUG org.apache.jena.util.FileManager - readModel(model,http://medicis.univ-rennes1.fr/ontologies/radiopharmaceuticals.owl)
67716 [main] DEBUG org.apache.jena.util.FileManager - readModel(model,http://medicis.univ-rennes1.fr/ontologies/radiopharmaceuticals.owl, null)
67716 [main] DEBUG o.a.j.r.system.stream.StreamManager - Not mapped: http://medicis.univ-rennes1.fr/ontologies/radiopharmaceuticals.owl
67716 [main] DEBUG org.apache.jena.riot.web.HttpOp - [6] GET http://medicis.univ-rennes1.fr/ontologies/radiopharmaceuticals.owl
68018 [main] DEBUG o.a.j.r.system.stream.StreamManager - Found: http://medicis.univ-rennes1.fr/ontologies/radiopharmaceuticals.owl (LocatorHTTP)
128683 [main] WARN  org.apache.jena.riot - [line: 8, col: 78] {W136} Relative URIs are not permitted in RDF: specifically <lang>
128683 [main] WARN  org.apache.jena.riot - [line: 8, col: 78] {W102} Unqualified property attributes are not allowed. Property treated as a relative URI.
128683 [main] WARN  org.apache.jena.riot - [line: 8, col: 78] {W136} Relative URIs are not permitted in RDF: specifically <dir>
128683 [main] WARN  org.apache.jena.riot - [line: 8, col: 78] {W102} Unqualified property attributes are not allowed. Property treated as a relative URI.
128684 [main] WARN  org.apache.jena.riot - [line: 14, col: 72] {W136} Relative URIs are not permitted in RDF: specifically <http-equiv>
128684 [main] WARN  org.apache.jena.riot - [line: 14, col: 72] {W102} Unqualified property attributes are not allowed. Property treated as a relative URI.
128684 [main] WARN  org.apache.jena.riot - [line: 14, col: 72] {W136} Relative URIs are not permitted in RDF: specifically <content>
128684 [main] WARN  org.apache.jena.riot - [line: 14, col: 72] {W102} Unqualified property attributes are not allowed. Property treated as a relative URI.
128685 [main] ERROR org.apache.jena.riot - [line: 18, col: 10] {E201} Multiple children of property element
128686 [main] WARN  o.a.j.ontology.OntDocumentManager - An error occurred while attempting to read from http://medicis.univ-rennes1.fr/ontologies/radiopharmaceuticals.owl. Msg was '[line: 18, col: 10] {E201} Multiple children of property element'.
org.apache.jena.riot.RiotException: [line: 18, col: 10] {E201} Multiple children of property element
	at org.apache.jena.riot.system.ErrorHandlerFactory$ErrorHandlerStd.error(ErrorHandlerFactory.java:140)
	at org.apache.jena.riot.lang.ReaderRIOTRDFXML$ErrorHandlerBridge.error(ReaderRIOTRDFXML.java:307)
	at org.apache.jena.rdfxml.xmlinput.impl.ARPSaxErrorHandler.error(ARPSaxErrorHandler.java:37)
	at org.apache.jena.rdfxml.xmlinput.impl.XMLHandler.warning(XMLHandler.java:196)
	at org.apache.jena.rdfxml.xmlinput.impl.XMLHandler.warning(XMLHandler.java:173)
	at org.apache.jena.rdfxml.xmlinput.impl.XMLHandler.warning(XMLHandler.java:168)
	at org.apache.jena.rdfxml.xmlinput.impl.ParserSupport.warning(ParserSupport.java:207)
	at org.apache.jena.rdfxml.xmlinput.states.Frame.warning(Frame.java:55)
	at org.apache.jena.rdfxml.xmlinput.states.WantLiteralValueOrDescription.startElement(WantLiteralValueOrDescription.java:38)
	at org.apache.jena.rdfxml.xmlinput.impl.XMLHandler.startElement(XMLHandler.java:111)
	at org.apache.xerces.parsers.AbstractSAXParser.startElement(Unknown Source)
	at org.apache.xerces.impl.XMLNamespaceBinder.handleStartElement(Unknown Source)
	at org.apache.xerces.impl.XMLNamespaceBinder.startElement(Unknown Source)
	at org.apache.xerces.impl.dtd.XMLDTDValidator.startElement(Unknown Source)
	at org.apache.xerces.impl.XMLDocumentFragmentScannerImpl.scanStartElement(Unknown Source)
	at org.apache.xerces.impl.XMLDocumentFragmentScannerImpl$FragmentContentDispatcher.dispatch(Unknown Source)
	at org.apache.xerces.impl.XMLDocumentFragmentScannerImpl.scanDocument(Unknown Source)
	at org.apache.xerces.parsers.DTDConfiguration.parse(Unknown Source)
	at org.apache.xerces.parsers.DTDConfiguration.parse(Unknown Source)
	at org.apache.xerces.parsers.XMLParser.parse(Unknown Source)
	at org.apache.xerces.parsers.AbstractSAXParser.parse(Unknown Source)
	at org.apache.jena.rdfxml.xmlinput.impl.RDFXMLParser.parse(RDFXMLParser.java:150)
	at org.apache.jena.rdfxml.xmlinput.ARP.load(ARP.java:118)
	at org.apache.jena.riot.lang.ReaderRIOTRDFXML.parse(ReaderRIOTRDFXML.java:188)
	at org.apache.jena.riot.lang.ReaderRIOTRDFXML.read(ReaderRIOTRDFXML.java:86)
	at org.apache.jena.riot.RDFParser.read(RDFParser.java:352)
	at org.apache.jena.riot.RDFParser.parseNotUri(RDFParser.java:342)
	at org.apache.jena.riot.RDFParser.parse(RDFParser.java:291)
	at org.apache.jena.riot.RDFParserBuilder.parse(RDFParserBuilder.java:500)
	at org.apache.jena.riot.RDFDataMgr.parseFromInputStream(RDFDataMgr.java:870)
	at org.apache.jena.riot.RDFDataMgr.read(RDFDataMgr.java:268)
	at org.apache.jena.riot.RDFDataMgr.read(RDFDataMgr.java:254)
	at org.apache.jena.riot.adapters.RDFReaderRIOT.read(RDFReaderRIOT.java:69)
	at org.apache.jena.rdf.model.impl.ModelCom.read(ModelCom.java:305)
	at org.apache.jena.riot.adapters.AdapterFileManager.readModelWorker(AdapterFileManager.java:297)
	at org.apache.jena.util.FileManager.readModel(FileManager.java:342)
	at org.apache.jena.util.FileManager.readModel(FileManager.java:326)
	at org.apache.jena.ontology.OntDocumentManager.read(OntDocumentManager.java:1062)
	at org.apache.jena.ontology.OntDocumentManager$1.readModel(OntDocumentManager.java:1032)
	at org.apache.jena.rdf.model.impl.ModelMakerImpl.getModel(ModelMakerImpl.java:104)
	at org.apache.jena.ontology.OntDocumentManager.fetchLoadedImportModel(OntDocumentManager.java:1029)
	at org.apache.jena.ontology.OntDocumentManager.fetchPossiblyCachedImportModel(OntDocumentManager.java:1001)
	at org.apache.jena.ontology.OntDocumentManager.loadImport(OntDocumentManager.java:974)
	at org.apache.jena.ontology.OntDocumentManager.loadImports(OntDocumentManager.java:768)
	at org.apache.jena.ontology.OntDocumentManager.loadImports(OntDocumentManager.java:706)
	at org.apache.jena.ontology.impl.OntModelImpl.loadImports(OntModelImpl.java:1964)
	at org.apache.jena.ontology.impl.OntModelImpl.read(OntModelImpl.java:2134)
	at repository.Application.loadOntology(Application.java:49)
	at repository.Application.main(Application.java:39)
	at sun.reflect.NativeMethodAccessorImpl.invoke0(Native Method)
	at sun.reflect.NativeMethodAccessorImpl.invoke(NativeMethodAccessorImpl.java:62)
	at sun.reflect.DelegatingMethodAccessorImpl.invoke(DelegatingMethodAccessorImpl.java:43)
	at java.lang.reflect.Method.invoke(Method.java:498)
	at org.springframework.boot.maven.AbstractRunMojo$LaunchRunner.run(AbstractRunMojo.java:496)
	at java.lang.Thread.run(Thread.java:748)
128686 [main] DEBUG org.apache.jena.util.FileManager - readModel(model,http://medicis.univ-rennes1.fr/ontologies/ontospm/UO_for_OntoMEDIRAD.owl)
128687 [main] DEBUG org.apache.jena.util.FileManager - readModel(model,http://medicis.univ-rennes1.fr/ontologies/ontospm/UO_for_OntoMEDIRAD.owl, null)
128687 [main] DEBUG o.a.j.r.system.stream.StreamManager - Not mapped: http://medicis.univ-rennes1.fr/ontologies/ontospm/UO_for_OntoMEDIRAD.owl
128687 [main] DEBUG org.apache.jena.riot.web.HttpOp - [7] GET http://medicis.univ-rennes1.fr/ontologies/ontospm/UO_for_OntoMEDIRAD.owl
128697 [main] INFO  o.a.http.impl.execchain.RetryExec - I/O exception (java.net.SocketException) caught when processing request to {s}->https://medicis.univ-rennes1.fr:443: Broken pipe (Write failed)
128697 [main] INFO  o.a.http.impl.execchain.RetryExec - Retrying request to {s}->https://medicis.univ-rennes1.fr:443
129051 [main] DEBUG o.a.j.r.system.stream.StreamManager - Found: http://medicis.univ-rennes1.fr/ontologies/ontospm/UO_for_OntoMEDIRAD.owl (LocatorHTTP)
189665 [main] WARN  org.apache.jena.riot - [line: 8, col: 78] {W136} Relative URIs are not permitted in RDF: specifically <lang>
189665 [main] WARN  org.apache.jena.riot - [line: 8, col: 78] {W102} Unqualified property attributes are not allowed. Property treated as a relative URI.
189666 [main] WARN  org.apache.jena.riot - [line: 8, col: 78] {W136} Relative URIs are not permitted in RDF: specifically <dir>
189666 [main] WARN  org.apache.jena.riot - [line: 8, col: 78] {W102} Unqualified property attributes are not allowed. Property treated as a relative URI.
189666 [main] WARN  org.apache.jena.riot - [line: 14, col: 72] {W136} Relative URIs are not permitted in RDF: specifically <http-equiv>
189666 [main] WARN  org.apache.jena.riot - [line: 14, col: 72] {W102} Unqualified property attributes are not allowed. Property treated as a relative URI.
189666 [main] WARN  org.apache.jena.riot - [line: 14, col: 72] {W136} Relative URIs are not permitted in RDF: specifically <content>
189666 [main] WARN  org.apache.jena.riot - [line: 14, col: 72] {W102} Unqualified property attributes are not allowed. Property treated as a relative URI.
189666 [main] ERROR org.apache.jena.riot - [line: 18, col: 10] {E201} Multiple children of property element
189668 [main] WARN  o.a.j.ontology.OntDocumentManager - An error occurred while attempting to read from http://medicis.univ-rennes1.fr/ontologies/ontospm/UO_for_OntoMEDIRAD.owl. Msg was '[line: 18, col: 10] {E201} Multiple children of property element'.
org.apache.jena.riot.RiotException: [line: 18, col: 10] {E201} Multiple children of property element
	at org.apache.jena.riot.system.ErrorHandlerFactory$ErrorHandlerStd.error(ErrorHandlerFactory.java:140)
	at org.apache.jena.riot.lang.ReaderRIOTRDFXML$ErrorHandlerBridge.error(ReaderRIOTRDFXML.java:307)
	at org.apache.jena.rdfxml.xmlinput.impl.ARPSaxErrorHandler.error(ARPSaxErrorHandler.java:37)
	at org.apache.jena.rdfxml.xmlinput.impl.XMLHandler.warning(XMLHandler.java:196)
	at org.apache.jena.rdfxml.xmlinput.impl.XMLHandler.warning(XMLHandler.java:173)
	at org.apache.jena.rdfxml.xmlinput.impl.XMLHandler.warning(XMLHandler.java:168)
	at org.apache.jena.rdfxml.xmlinput.impl.ParserSupport.warning(ParserSupport.java:207)
	at org.apache.jena.rdfxml.xmlinput.states.Frame.warning(Frame.java:55)
	at org.apache.jena.rdfxml.xmlinput.states.WantLiteralValueOrDescription.startElement(WantLiteralValueOrDescription.java:38)
	at org.apache.jena.rdfxml.xmlinput.impl.XMLHandler.startElement(XMLHandler.java:111)
	at org.apache.xerces.parsers.AbstractSAXParser.startElement(Unknown Source)
	at org.apache.xerces.impl.XMLNamespaceBinder.handleStartElement(Unknown Source)
	at org.apache.xerces.impl.XMLNamespaceBinder.startElement(Unknown Source)
	at org.apache.xerces.impl.dtd.XMLDTDValidator.startElement(Unknown Source)
	at org.apache.xerces.impl.XMLDocumentFragmentScannerImpl.scanStartElement(Unknown Source)
	at org.apache.xerces.impl.XMLDocumentFragmentScannerImpl$FragmentContentDispatcher.dispatch(Unknown Source)
	at org.apache.xerces.impl.XMLDocumentFragmentScannerImpl.scanDocument(Unknown Source)
	at org.apache.xerces.parsers.DTDConfiguration.parse(Unknown Source)
	at org.apache.xerces.parsers.DTDConfiguration.parse(Unknown Source)
	at org.apache.xerces.parsers.XMLParser.parse(Unknown Source)
	at org.apache.xerces.parsers.AbstractSAXParser.parse(Unknown Source)
	at org.apache.jena.rdfxml.xmlinput.impl.RDFXMLParser.parse(RDFXMLParser.java:150)
	at org.apache.jena.rdfxml.xmlinput.ARP.load(ARP.java:118)
	at org.apache.jena.riot.lang.ReaderRIOTRDFXML.parse(ReaderRIOTRDFXML.java:188)
	at org.apache.jena.riot.lang.ReaderRIOTRDFXML.read(ReaderRIOTRDFXML.java:86)
	at org.apache.jena.riot.RDFParser.read(RDFParser.java:352)
	at org.apache.jena.riot.RDFParser.parseNotUri(RDFParser.java:342)
	at org.apache.jena.riot.RDFParser.parse(RDFParser.java:291)
	at org.apache.jena.riot.RDFParserBuilder.parse(RDFParserBuilder.java:500)
	at org.apache.jena.riot.RDFDataMgr.parseFromInputStream(RDFDataMgr.java:870)
	at org.apache.jena.riot.RDFDataMgr.read(RDFDataMgr.java:268)
	at org.apache.jena.riot.RDFDataMgr.read(RDFDataMgr.java:254)
	at org.apache.jena.riot.adapters.RDFReaderRIOT.read(RDFReaderRIOT.java:69)
	at org.apache.jena.rdf.model.impl.ModelCom.read(ModelCom.java:305)
	at org.apache.jena.riot.adapters.AdapterFileManager.readModelWorker(AdapterFileManager.java:297)
	at org.apache.jena.util.FileManager.readModel(FileManager.java:342)
	at org.apache.jena.util.FileManager.readModel(FileManager.java:326)
	at org.apache.jena.ontology.OntDocumentManager.read(OntDocumentManager.java:1062)
	at org.apache.jena.ontology.OntDocumentManager$1.readModel(OntDocumentManager.java:1032)
	at org.apache.jena.rdf.model.impl.ModelMakerImpl.getModel(ModelMakerImpl.java:104)
	at org.apache.jena.ontology.OntDocumentManager.fetchLoadedImportModel(OntDocumentManager.java:1029)
	at org.apache.jena.ontology.OntDocumentManager.fetchPossiblyCachedImportModel(OntDocumentManager.java:1001)
	at org.apache.jena.ontology.OntDocumentManager.loadImport(OntDocumentManager.java:974)
	at org.apache.jena.ontology.OntDocumentManager.loadImports(OntDocumentManager.java:768)
	at org.apache.jena.ontology.OntDocumentManager.loadImports(OntDocumentManager.java:706)
	at org.apache.jena.ontology.impl.OntModelImpl.loadImports(OntModelImpl.java:1964)
	at org.apache.jena.ontology.impl.OntModelImpl.read(OntModelImpl.java:2134)
	at repository.Application.loadOntology(Application.java:49)
	at repository.Application.main(Application.java:39)
	at sun.reflect.NativeMethodAccessorImpl.invoke0(Native Method)
	at sun.reflect.NativeMethodAccessorImpl.invoke(NativeMethodAccessorImpl.java:62)
	at sun.reflect.DelegatingMethodAccessorImpl.invoke(DelegatingMethodAccessorImpl.java:43)
	at java.lang.reflect.Method.invoke(Method.java:498)
	at org.springframework.boot.maven.AbstractRunMojo$LaunchRunner.run(AbstractRunMojo.java:496)
	at java.lang.Thread.run(Thread.java:748)
189668 [main] DEBUG org.apache.jena.util.FileManager - readModel(model,http://ontofox.hegroup.org/radionuclide_CheBI.owl)
189668 [main] DEBUG org.apache.jena.util.FileManager - readModel(model,http://ontofox.hegroup.org/radionuclide_CheBI.owl, null)
189668 [main] DEBUG o.a.j.r.system.stream.StreamManager - Not mapped: http://ontofox.hegroup.org/radionuclide_CheBI.owl
189668 [main] DEBUG org.apache.jena.riot.web.HttpOp - [8] GET http://ontofox.hegroup.org/radionuclide_CheBI.owl
190048 [main] DEBUG org.apache.jena.riot.web.HttpOp - [8] 404 Not Found
190049 [main] WARN  o.a.j.ontology.OntDocumentManager - An error occurred while attempting to read from http://ontofox.hegroup.org/radionuclide_CheBI.owl. Msg was '404 - Not Found'.
org.apache.jena.atlas.web.HttpException: 404 - Not Found
	at org.apache.jena.riot.web.HttpOp.exec(HttpOp.java:1091)
	at org.apache.jena.riot.web.HttpOp.execHttpGet(HttpOp.java:308)
	at org.apache.jena.riot.web.HttpOp.execHttpGet(HttpOp.java:343)
	at org.apache.jena.riot.system.stream.LocatorHTTP.performOpen(LocatorHTTP.java:42)
	at org.apache.jena.riot.system.stream.LocatorURL.open(LocatorURL.java:44)
	at org.apache.jena.riot.system.stream.StreamManager.openNoMapOrNull(StreamManager.java:168)
	at org.apache.jena.riot.adapters.AdapterFileManager.readModelWorker(AdapterFileManager.java:289)
	at org.apache.jena.util.FileManager.readModel(FileManager.java:342)
	at org.apache.jena.util.FileManager.readModel(FileManager.java:326)
	at org.apache.jena.ontology.OntDocumentManager.read(OntDocumentManager.java:1062)
	at org.apache.jena.ontology.OntDocumentManager$1.readModel(OntDocumentManager.java:1032)
	at org.apache.jena.rdf.model.impl.ModelMakerImpl.getModel(ModelMakerImpl.java:104)
	at org.apache.jena.ontology.OntDocumentManager.fetchLoadedImportModel(OntDocumentManager.java:1029)
	at org.apache.jena.ontology.OntDocumentManager.fetchPossiblyCachedImportModel(OntDocumentManager.java:1001)
	at org.apache.jena.ontology.OntDocumentManager.loadImport(OntDocumentManager.java:974)
	at org.apache.jena.ontology.OntDocumentManager.loadImports(OntDocumentManager.java:768)
	at org.apache.jena.ontology.OntDocumentManager.loadImports(OntDocumentManager.java:706)
	at org.apache.jena.ontology.impl.OntModelImpl.loadImports(OntModelImpl.java:1964)
	at org.apache.jena.ontology.impl.OntModelImpl.read(OntModelImpl.java:2134)
	at repository.Application.loadOntology(Application.java:49)
	at repository.Application.main(Application.java:39)
	at sun.reflect.NativeMethodAccessorImpl.invoke0(Native Method)
	at sun.reflect.NativeMethodAccessorImpl.invoke(NativeMethodAccessorImpl.java:62)
	at sun.reflect.DelegatingMethodAccessorImpl.invoke(DelegatingMethodAccessorImpl.java:43)
	at java.lang.reflect.Method.invoke(Method.java:498)
	at org.springframework.boot.maven.AbstractRunMojo$LaunchRunner.run(AbstractRunMojo.java:496)
	at java.lang.Thread.run(Thread.java:748)
190049 [main] DEBUG org.apache.jena.util.FileManager - readModel(model,http://www.w3.org/2004/02/skos/core)
190049 [main] DEBUG org.apache.jena.util.FileManager - readModel(model,http://www.w3.org/2004/02/skos/core, null)
190049 [main] DEBUG o.a.j.r.system.stream.StreamManager - Not mapped: http://www.w3.org/2004/02/skos/core
190049 [main] DEBUG org.apache.jena.riot.web.HttpOp - [9] GET http://www.w3.org/2004/02/skos/core
190464 [main] DEBUG o.a.j.r.system.stream.StreamManager - Found: http://www.w3.org/2004/02/skos/core (LocatorHTTP)
190570 [main] DEBUG org.apache.jena.util.FileManager - readModel(model,http://ontofox.hegroup.org/UO_for_OntoMEDIRAD.owl)
190570 [main] DEBUG org.apache.jena.util.FileManager - readModel(model,http://ontofox.hegroup.org/UO_for_OntoMEDIRAD.owl, null)
190570 [main] DEBUG o.a.j.r.system.stream.StreamManager - Not mapped: http://ontofox.hegroup.org/UO_for_OntoMEDIRAD.owl
190570 [main] DEBUG org.apache.jena.riot.web.HttpOp - [10] GET http://ontofox.hegroup.org/UO_for_OntoMEDIRAD.owl
190684 [main] DEBUG org.apache.jena.riot.web.HttpOp - [10] 404 Not Found
190684 [main] WARN  o.a.j.ontology.OntDocumentManager - An error occurred while attempting to read from http://ontofox.hegroup.org/UO_for_OntoMEDIRAD.owl. Msg was '404 - Not Found'.
org.apache.jena.atlas.web.HttpException: 404 - Not Found
	at org.apache.jena.riot.web.HttpOp.exec(HttpOp.java:1091)
	at org.apache.jena.riot.web.HttpOp.execHttpGet(HttpOp.java:308)
	at org.apache.jena.riot.web.HttpOp.execHttpGet(HttpOp.java:343)
	at org.apache.jena.riot.system.stream.LocatorHTTP.performOpen(LocatorHTTP.java:42)
	at org.apache.jena.riot.system.stream.LocatorURL.open(LocatorURL.java:44)
	at org.apache.jena.riot.system.stream.StreamManager.openNoMapOrNull(StreamManager.java:168)
	at org.apache.jena.riot.adapters.AdapterFileManager.readModelWorker(AdapterFileManager.java:289)
	at org.apache.jena.util.FileManager.readModel(FileManager.java:342)
	at org.apache.jena.util.FileManager.readModel(FileManager.java:326)
	at org.apache.jena.ontology.OntDocumentManager.read(OntDocumentManager.java:1062)
	at org.apache.jena.ontology.OntDocumentManager$1.readModel(OntDocumentManager.java:1032)
	at org.apache.jena.rdf.model.impl.ModelMakerImpl.getModel(ModelMakerImpl.java:104)
	at org.apache.jena.ontology.OntDocumentManager.fetchLoadedImportModel(OntDocumentManager.java:1029)
	at org.apache.jena.ontology.OntDocumentManager.fetchPossiblyCachedImportModel(OntDocumentManager.java:1001)
	at org.apache.jena.ontology.OntDocumentManager.loadImport(OntDocumentManager.java:974)
	at org.apache.jena.ontology.OntDocumentManager.loadImports(OntDocumentManager.java:768)
	at org.apache.jena.ontology.OntDocumentManager.loadImports(OntDocumentManager.java:706)
	at org.apache.jena.ontology.impl.OntModelImpl.loadImports(OntModelImpl.java:1964)
	at org.apache.jena.ontology.impl.OntModelImpl.read(OntModelImpl.java:2134)
	at repository.Application.loadOntology(Application.java:49)
	at repository.Application.main(Application.java:39)
	at sun.reflect.NativeMethodAccessorImpl.invoke0(Native Method)
	at sun.reflect.NativeMethodAccessorImpl.invoke(NativeMethodAccessorImpl.java:62)
	at sun.reflect.DelegatingMethodAccessorImpl.invoke(DelegatingMethodAccessorImpl.java:43)
	at java.lang.reflect.Method.invoke(Method.java:498)
	at org.springframework.boot.maven.AbstractRunMojo$LaunchRunner.run(AbstractRunMojo.java:496)
	at java.lang.Thread.run(Thread.java:748)
190695 [main] DEBUG repository.Memory - Creation of the StarDog connection (Database : ontoMedirad) at http://localhost:5820
191167 [main] DEBUG o.o.rio.DatatypeHandlerRegistry - Registered service class org.openrdf.rio.datatypes.XMLSchemaDatatypeHandler
191167 [main] DEBUG o.o.rio.DatatypeHandlerRegistry - Registered service class org.openrdf.rio.datatypes.RDFDatatypeHandler
191168 [main] DEBUG o.o.rio.DatatypeHandlerRegistry - Registered service class org.openrdf.rio.datatypes.DBPediaDatatypeHandler
191168 [main] DEBUG o.o.rio.DatatypeHandlerRegistry - Registered service class org.openrdf.rio.datatypes.VirtuosoGeometryDatatypeHandler
191168 [main] DEBUG o.o.rio.DatatypeHandlerRegistry - Registered service class org.openrdf.rio.datatypes.GeoSPARQLDatatypeHandler
191171 [main] DEBUG o.o.rio.LanguageHandlerRegistry - Registered service class org.openrdf.rio.languages.RFC3066LanguageHandler
191179 [main] DEBUG c.c.stardog.metadata.MetaProperties - Process option provider: class com.complexible.stardog.db.DatabaseOptions
191179 [main] DEBUG c.c.stardog.metadata.MetaProperties - Register option: strict.parsing
191179 [main] DEBUG c.c.stardog.metadata.MetaProperties - Register option: literal.comparison.extended
191180 [main] DEBUG c.c.stardog.metadata.MetaProperties - Register option: preserve.bnode.ids
191180 [main] DEBUG c.c.stardog.metadata.MetaProperties - Register option: database.name
191180 [main] DEBUG c.c.stardog.metadata.MetaProperties - Register option: database.creator
191180 [main] DEBUG c.c.stardog.metadata.MetaProperties - Register option: database.ignore.bulk.load.errors
191180 [main] DEBUG c.c.stardog.metadata.MetaProperties - Register option: database.time.creation
191180 [main] DEBUG c.c.stardog.metadata.MetaProperties - Register option: database.time.modification
191180 [main] DEBUG c.c.stardog.metadata.MetaProperties - Register option: transaction.logging
191180 [main] DEBUG c.c.stardog.metadata.MetaProperties - Register option: query.pp.contexts
191180 [main] DEBUG c.c.stardog.metadata.MetaProperties - Register option: transaction.logging.rotation.size
191180 [main] DEBUG c.c.stardog.metadata.MetaProperties - Register option: transaction.logging.rotation.remove
191180 [main] DEBUG c.c.stardog.metadata.MetaProperties - Register option: transaction.logging.ignore.startup.errors
191180 [main] DEBUG c.c.stardog.metadata.MetaProperties - Register option: database.online
191180 [main] DEBUG c.c.stardog.metadata.MetaProperties - Register option: query.all.graphs
191180 [main] DEBUG c.c.stardog.metadata.MetaProperties - Register option: query.plan.reuse
191180 [main] DEBUG c.c.stardog.metadata.MetaProperties - Register option: database.namespaces
191180 [main] DEBUG c.c.stardog.metadata.MetaProperties - Register option: database.connection.timeout
191180 [main] DEBUG c.c.stardog.metadata.MetaProperties - Register option: query.timeout
191180 [main] DEBUG c.c.stardog.metadata.MetaProperties - Register option: database.archetypes
191180 [main] DEBUG c.c.stardog.metadata.MetaProperties - Register option: index.lucene.mmap
191180 [main] DEBUG c.c.stardog.metadata.MetaProperties - Register option: query.describe.strategy
191180 [main] DEBUG c.c.stardog.metadata.MetaProperties - Register option: transaction.isolation
191180 [main] DEBUG c.c.stardog.metadata.MetaProperties - Register option: progress.monitor.enabled
191181 [main] DEBUG c.c.stardog.metadata.MetaProperties - Process option provider: class com.complexible.stardog.SystemStatusOptions
191181 [main] DEBUG c.c.stardog.metadata.MetaProperties - Register option: system.os
191181 [main] DEBUG c.c.stardog.metadata.MetaProperties - Register option: system.arch
191181 [main] DEBUG c.c.stardog.metadata.MetaProperties - Register option: dbms.home
191181 [main] DEBUG c.c.stardog.metadata.MetaProperties - Register option: dbms.version
191181 [main] DEBUG c.c.stardog.metadata.MetaProperties - Register option: logging.access.enabled
191181 [main] DEBUG c.c.stardog.metadata.MetaProperties - Register option: logging.access.type
191181 [main] DEBUG c.c.stardog.metadata.MetaProperties - Register option: logging.access.file
191181 [main] DEBUG c.c.stardog.metadata.MetaProperties - Register option: logging.access.rotation.type
191181 [main] DEBUG c.c.stardog.metadata.MetaProperties - Register option: logging.access.rotation.limit
191181 [main] DEBUG c.c.stardog.metadata.MetaProperties - Register option: logging.audit.enabled
191181 [main] DEBUG c.c.stardog.metadata.MetaProperties - Register option: logging.audit.type
191181 [main] DEBUG c.c.stardog.metadata.MetaProperties - Register option: logging.audit.file
191182 [main] DEBUG c.c.stardog.metadata.MetaProperties - Register option: logging.audit.rotation.type
191182 [main] DEBUG c.c.stardog.metadata.MetaProperties - Register option: logging.audit.rotation.interval
191182 [main] DEBUG c.c.stardog.metadata.MetaProperties - Register option: logging.slow_query.enabled
191182 [main] DEBUG c.c.stardog.metadata.MetaProperties - Register option: logging.slow_query.time
191182 [main] DEBUG c.c.stardog.metadata.MetaProperties - Register option: logging.slow_query.type
191182 [main] DEBUG c.c.stardog.metadata.MetaProperties - Register option: logging.create.failure.fatal
191182 [main] DEBUG c.c.stardog.metadata.MetaProperties - Register option: leading.wildcard.search.enabled
191182 [main] DEBUG c.c.stardog.metadata.MetaProperties - Register option: watchdog.enabled
191182 [main] DEBUG c.c.stardog.metadata.MetaProperties - Register option: watchdog.remote.access
191182 [main] DEBUG c.c.stardog.metadata.MetaProperties - Register option: watchdog.port
191182 [main] DEBUG c.c.stardog.metadata.MetaProperties - Register option: backup.dir
191182 [main] DEBUG c.c.stardog.metadata.MetaProperties - Register option: export.dir
191237 [main] DEBUG repository.Memory - Sucessfully created the StarDog connection (Database : ontoMedirad)
194101 [main] DEBUG o.o.q.r.TupleQueryResultParserRegistry - Registered service class org.openrdf.query.resultio.binary.BinaryQueryResultParserFactory
194102 [main] DEBUG o.o.q.r.TupleQueryResultParserRegistry - Registered service class org.openrdf.query.resultio.sparqljson.SPARQLResultsJSONParserFactory
194103 [main] DEBUG o.o.q.r.TupleQueryResultParserRegistry - Registered service class org.openrdf.query.resultio.sparqlxml.SPARQLResultsXMLParserFactory
194104 [main] DEBUG o.o.q.r.TupleQueryResultParserRegistry - Registered service class org.openrdf.query.resultio.text.csv.SPARQLResultsCSVParserFactory
194105 [main] DEBUG o.o.q.r.TupleQueryResultParserRegistry - Registered service class org.openrdf.query.resultio.text.tsv.SPARQLResultsTSVParserFactory
194153 [main] DEBUG o.o.q.r.TupleQueryResultWriterRegistry - Registered service class org.openrdf.query.resultio.binary.BinaryQueryResultWriterFactory
194154 [main] DEBUG o.o.q.r.TupleQueryResultWriterRegistry - Registered service class org.openrdf.query.resultio.sparqljson.SPARQLResultsJSONWriterFactory
194154 [main] DEBUG o.o.q.r.TupleQueryResultWriterRegistry - Registered service class org.openrdf.query.resultio.sparqlxml.SPARQLResultsXMLWriterFactory
194156 [main] DEBUG o.o.q.r.TupleQueryResultWriterRegistry - Registered service class org.openrdf.query.resultio.text.csv.SPARQLResultsCSVWriterFactory
194156 [main] DEBUG o.o.q.r.TupleQueryResultWriterRegistry - Registered service class org.openrdf.query.resultio.text.tsv.SPARQLResultsTSVWriterFactory
194164 [main] DEBUG repository.Memory - Creation of the StarDog connection (Database : ontoMedirad) at http://localhost:5820
194165 [main] DEBUG repository.Memory - Sucessfully created the StarDog connection (Database : ontoMedirad)
194174 [main] DEBUG repository.Memory - Creation of the StarDog connection (Database : ontoMedirad) at http://localhost:5820
194176 [main] DEBUG repository.Memory - Sucessfully created the StarDog connection (Database : ontoMedirad)
194286 [main] DEBUG repository.Memory - Creation of the StarDog connection (Database : ontoMedirad) at http://localhost:5820
194288 [main] DEBUG repository.Memory - Sucessfully created the StarDog connection (Database : ontoMedirad)
935660 [http-nio-8090-exec-1] INFO  o.a.c.c.C.[Tomcat].[localhost].[/] - Initializing Spring FrameworkServlet 'dispatcherServlet'
935661 [http-nio-8090-exec-1] INFO  o.s.web.servlet.DispatcherServlet - FrameworkServlet 'dispatcherServlet': initialization started
935680 [http-nio-8090-exec-1] INFO  o.s.web.servlet.DispatcherServlet - FrameworkServlet 'dispatcherServlet': initialization completed in 19 ms
935887 [http-nio-8090-exec-1] INFO  repository.ImportController - Dicom Import request received
935887 [http-nio-8090-exec-1] INFO  repository.OntologyPopulator - Retrieving PatientData
935889 [http-nio-8090-exec-1] DEBUG o.a.j.r.rulesys.FBRuleInfGraph - Adding rule [ (?a rdfs:isDefinedBy ?b) -> (?a rdfs:seeAlso ?b) ]
935889 [http-nio-8090-exec-1] DEBUG o.a.j.r.rulesys.FBRuleInfGraph - Adding rule [ (?x rdf:rest ?y) -> (?y rdf:type rdf:List) ]
935889 [http-nio-8090-exec-1] DEBUG o.a.j.r.rulesys.FBRuleInfGraph - Adding rule [ (?x rdfs:label ?y) -> (?y rdf:type rdfs:Literal) ]
935890 [http-nio-8090-exec-1] DEBUG o.a.j.r.rulesys.FBRuleInfGraph - Adding rule [ (?x rdfs:comment ?y) -> (?y rdf:type rdfs:Literal) ]
935890 [http-nio-8090-exec-1] DEBUG o.a.j.r.rulesys.FBRuleInfGraph - Adding rule [ (?x rdfs:range ?y) -> (?y rdf:type rdfs:Class) ]
935890 [http-nio-8090-exec-1] DEBUG o.a.j.r.rulesys.FBRuleInfGraph - Adding rule [ (?x rdfs:domain ?y) -> (?y rdf:type rdfs:Class) ]
935890 [http-nio-8090-exec-1] DEBUG o.a.j.r.rulesys.FBRuleInfGraph - Adding rule [ (?x rdfs:subClassOf ?y) -> (?y rdf:type rdfs:Class) ]
935890 [http-nio-8090-exec-1] DEBUG o.a.j.r.rulesys.FBRuleInfGraph - Adding rule [ (?x rdfs:subPropertyOf ?y) -> (?y rdf:type rdf:Property) ]
935890 [http-nio-8090-exec-1] DEBUG o.a.j.r.rulesys.FBRuleInfGraph - Adding rule [ (?x rdf:rest ?y) -> (?x rdf:type rdf:List) ]
935890 [http-nio-8090-exec-1] DEBUG o.a.j.r.rulesys.FBRuleInfGraph - Adding rule [ (?x rdf:first ?y) -> (?x rdf:type rdf:List) ]
935891 [http-nio-8090-exec-1] DEBUG o.a.j.r.rulesys.FBRuleInfGraph - Adding rule [ (?x rdf:object ?y) -> (?x rdf:type rdf:Statement) ]
935891 [http-nio-8090-exec-1] DEBUG o.a.j.r.rulesys.FBRuleInfGraph - Adding rule [ (?x rdf:predicate ?y) -> (?x rdf:type rdf:Statement) ]
935891 [http-nio-8090-exec-1] DEBUG o.a.j.r.rulesys.FBRuleInfGraph - Adding rule [ (?x rdf:subject ?y) -> (?x rdf:type rdf:Statement) ]
935891 [http-nio-8090-exec-1] DEBUG o.a.j.r.rulesys.FBRuleInfGraph - Adding rule [ (?x rdfs:range ?y) -> (?x rdf:type rdf:Property) ]
935891 [http-nio-8090-exec-1] DEBUG o.a.j.r.rulesys.FBRuleInfGraph - Adding rule [ (?x rdfs:domain ?y) -> (?x rdf:type rdf:Property) ]
935891 [http-nio-8090-exec-1] DEBUG o.a.j.r.rulesys.FBRuleInfGraph - Adding rule [ (?x rdfs:subClassOf ?y) -> (?x rdf:type rdfs:Class) ]
935891 [http-nio-8090-exec-1] DEBUG o.a.j.r.rulesys.FBRuleInfGraph - Adding rule [ (?x rdfs:subPropertyOf ?y) -> (?x rdf:type rdf:Property) ]
935892 [http-nio-8090-exec-1] DEBUG o.a.j.r.rulesys.FBRuleInfGraph - Adding rule [ (?x rdf:type ?y) -> (?y rdf:type rdfs:Class) ]
935892 [http-nio-8090-exec-1] DEBUG repository.OntologyPopulator - Creating Individual named Human_f367ff02-9840-4bc0-8627-88e73ae59dde with classs human
935893 [http-nio-8090-exec-1] DEBUG repository.OntologyPopulator - Creating Individual named Patient_8f10002d-96e1-4b82-ac47-dca692abb55e with classs patient
935893 [http-nio-8090-exec-1] DEBUG repository.OntologyPopulator - Object Property adding with subjet : http://medicis.univ-rennes1.fr/ontologies/ontospm/OntoMEDIRAD.owl#Human_f367ff02-9840-4bc0-8627-88e73ae59dde predicat : http://purl.obolibrary.org/obo/BFO_0000087 object : http://medicis.univ-rennes1.fr/ontologies/ontospm/OntoMEDIRAD.owl#Patient_8f10002d-96e1-4b82-ac47-dca692abb55e
935896 [http-nio-8090-exec-1] DEBUG o.a.j.r.rulesys.FBRuleInfGraph - Adding rule [ (?a rdfs:isDefinedBy ?b) -> (?a rdfs:seeAlso ?b) ]
935910 [http-nio-8090-exec-1] DEBUG repository.OntologyPopulator - Data Property adding with subjet : http://medicis.univ-rennes1.fr/ontologies/ontospm/OntoMEDIRAD.owl#Human_f367ff02-9840-4bc0-8627-88e73ae59dde predicat : http://medicis.univ-rennes1.fr/ontologies/ontospm/OntoMEDIRAD.owl#has_id object : UOC57856
935911 [http-nio-8090-exec-1] DEBUG repository.OntologyPopulator - Data Property adding with subjet : http://medicis.univ-rennes1.fr/ontologies/ontospm/OntoMEDIRAD.owl#Human_f367ff02-9840-4bc0-8627-88e73ae59dde predicat : http://medicis.univ-rennes1.fr/ontologies/ontospm/OntoMEDIRAD.owl#has_birthdate object : 19971128
935911 [http-nio-8090-exec-1] DEBUG repository.OntologyPopulator - Creating Individual (punning)  with classs male
935911 [http-nio-8090-exec-1] DEBUG repository.OntologyPopulator - Object Property adding with subjet : http://medicis.univ-rennes1.fr/ontologies/ontospm/OntoMEDIRAD.owl#Human_f367ff02-9840-4bc0-8627-88e73ae59dde predicat : http://medicis.univ-rennes1.fr/ontologies/ontospm/OntoMEDIRAD.owl#has_sex object : http://medicis.univ-rennes1.fr/ontologies/ontospm/OntoMEDIRAD.owl#male
935911 [http-nio-8090-exec-1] DEBUG repository.OntologyPopulator - Creating Individual named age_of_patient_undergoing_medical_procedure_174e4c4e-cc5a-4e4c-888b-cc1f2eecedf4 with classs age_of_patient_undergoing_medical_procedure
935911 [http-nio-8090-exec-1] DEBUG repository.OntologyPopulator - Data Property adding with subjet : http://medicis.univ-rennes1.fr/ontologies/ontospm/OntoMEDIRAD.owl#age_of_patient_undergoing_medical_procedure_174e4c4e-cc5a-4e4c-888b-cc1f2eecedf4 predicat : http://purl.obolibrary.org/obo/IAO_0000004 object : 010
935912 [http-nio-8090-exec-1] DEBUG repository.OntologyPopulator - Object Property adding with subjet : http://medicis.univ-rennes1.fr/ontologies/ontospm/OntoMEDIRAD.owl#age_of_patient_undergoing_medical_procedure_174e4c4e-cc5a-4e4c-888b-cc1f2eecedf4 predicat : http://medicis.univ-rennes1.fr/ontologies/ontospm/OntoMEDIRAD.owl#is_about object : http://medicis.univ-rennes1.fr/ontologies/ontospm/OntoMEDIRAD.owl#Human_f367ff02-9840-4bc0-8627-88e73ae59dde
935913 [http-nio-8090-exec-1] DEBUG o.a.j.r.rulesys.FBRuleInfGraph - Adding rule [ (?a rdfs:isDefinedBy ?b) -> (?a rdfs:seeAlso ?b) ]
935913 [http-nio-8090-exec-1] DEBUG o.a.j.r.rulesys.FBRuleInfGraph - Adding rule [ (?x rdf:rest ?y) -> (?y rdf:type rdf:List) ]
935913 [http-nio-8090-exec-1] DEBUG o.a.j.r.rulesys.FBRuleInfGraph - Adding rule [ (?x rdfs:label ?y) -> (?y rdf:type rdfs:Literal) ]
935913 [http-nio-8090-exec-1] DEBUG o.a.j.r.rulesys.FBRuleInfGraph - Adding rule [ (?x rdfs:comment ?y) -> (?y rdf:type rdfs:Literal) ]
935913 [http-nio-8090-exec-1] DEBUG o.a.j.r.rulesys.FBRuleInfGraph - Adding rule [ (?x rdfs:range ?y) -> (?y rdf:type rdfs:Class) ]
935913 [http-nio-8090-exec-1] DEBUG o.a.j.r.rulesys.FBRuleInfGraph - Adding rule [ (?x rdfs:domain ?y) -> (?y rdf:type rdfs:Class) ]
935913 [http-nio-8090-exec-1] DEBUG o.a.j.r.rulesys.FBRuleInfGraph - Adding rule [ (?x rdfs:subClassOf ?y) -> (?y rdf:type rdfs:Class) ]
935914 [http-nio-8090-exec-1] DEBUG o.a.j.r.rulesys.FBRuleInfGraph - Adding rule [ (?x rdfs:subPropertyOf ?y) -> (?y rdf:type rdf:Property) ]
935914 [http-nio-8090-exec-1] DEBUG o.a.j.r.rulesys.FBRuleInfGraph - Adding rule [ (?x rdf:rest ?y) -> (?x rdf:type rdf:List) ]
935914 [http-nio-8090-exec-1] DEBUG o.a.j.r.rulesys.FBRuleInfGraph - Adding rule [ (?x rdf:first ?y) -> (?x rdf:type rdf:List) ]
935914 [http-nio-8090-exec-1] DEBUG o.a.j.r.rulesys.FBRuleInfGraph - Adding rule [ (?x rdf:object ?y) -> (?x rdf:type rdf:Statement) ]
935914 [http-nio-8090-exec-1] DEBUG o.a.j.r.rulesys.FBRuleInfGraph - Adding rule [ (?x rdf:predicate ?y) -> (?x rdf:type rdf:Statement) ]
935914 [http-nio-8090-exec-1] DEBUG o.a.j.r.rulesys.FBRuleInfGraph - Adding rule [ (?x rdf:subject ?y) -> (?x rdf:type rdf:Statement) ]
935914 [http-nio-8090-exec-1] DEBUG o.a.j.r.rulesys.FBRuleInfGraph - Adding rule [ (?x rdfs:range ?y) -> (?x rdf:type rdf:Property) ]
935914 [http-nio-8090-exec-1] DEBUG o.a.j.r.rulesys.FBRuleInfGraph - Adding rule [ (?x rdfs:domain ?y) -> (?x rdf:type rdf:Property) ]
935914 [http-nio-8090-exec-1] DEBUG o.a.j.r.rulesys.FBRuleInfGraph - Adding rule [ (?x rdfs:subClassOf ?y) -> (?x rdf:type rdfs:Class) ]
935914 [http-nio-8090-exec-1] DEBUG o.a.j.r.rulesys.FBRuleInfGraph - Adding rule [ (?x rdfs:subPropertyOf ?y) -> (?x rdf:type rdf:Property) ]
935915 [http-nio-8090-exec-1] DEBUG o.a.j.r.rulesys.FBRuleInfGraph - Adding rule [ (?x rdf:type ?y) -> (?y rdf:type rdfs:Class) ]
935915 [http-nio-8090-exec-1] DEBUG repository.OntologyPopulator - Creating Individual named clinical_research_study_subtask2.1.2 with classs clinical_research_study
935915 [http-nio-8090-exec-1] INFO  repository.ImportController - CT referenced
935915 [http-nio-8090-exec-1] DEBUG repository.ImportController - Creation of the StarDog connection (Database : ontoMedirad) at http://localhost:5820
935915 [http-nio-8090-exec-1] DEBUG repository.ImportController - StarDog connection (reasoning : reasoning)
935917 [http-nio-8090-exec-1] DEBUG repository.ImportController - Sucessfully created the StarDog connection (Database : ontoMedirad)
935918 [http-nio-8090-exec-1] INFO  repository.ImportController - Retrieving CT StudyInstanceUID: 1.3.12.2.1107.5.1.4.50256.30000007112806125459300000013 SeriesInstanceUID: 1.3.12.2.1107.5.1.4.50256.30000007112806161356200001248
935920 [http-nio-8090-exec-1] DEBUG repository.OntologyPopulator - Object Property adding with subjet : http://medicis.univ-rennes1.fr/ontologies/ontospm/OntoMEDIRAD.owl#clinical_research_study_subtask2.1.2 predicat : http://medicis.univ-rennes1.fr/ontologies/ontospm/OntoMEDIRAD.owl#has_patient object : http://medicis.univ-rennes1.fr/ontologies/ontospm/OntoMEDIRAD.owl#Human_f367ff02-9840-4bc0-8627-88e73ae59dde
935921 [http-nio-8090-exec-1] DEBUG o.a.j.r.rulesys.FBRuleInfGraph - Adding rule [ (?a rdfs:isDefinedBy ?b) -> (?a rdfs:seeAlso ?b) ]
935922 [http-nio-8090-exec-1] DEBUG repository.OntologyPopulator - Creating Individual named imaging_Study_488cb292-35f2-474a-aca0-c12d042ee2cf with classs imaging_study
935922 [http-nio-8090-exec-1] DEBUG repository.OntologyPopulator - Data Property adding with subjet : http://medicis.univ-rennes1.fr/ontologies/ontospm/OntoMEDIRAD.owl#imaging_Study_488cb292-35f2-474a-aca0-c12d042ee2cf predicat : http://medicis.univ-rennes1.fr/ontologies/ontospm/OntoMEDIRAD.owl#has_description object : Thorax^ThoraxCombi (Child)
935922 [http-nio-8090-exec-1] DEBUG repository.OntologyPopulator - Data Property adding with subjet : http://medicis.univ-rennes1.fr/ontologies/ontospm/OntoMEDIRAD.owl#imaging_Study_488cb292-35f2-474a-aca0-c12d042ee2cf predicat : http://medicis.univ-rennes1.fr/ontologies/ontospm/OntoMEDIRAD.owl#has_beginning_date object : 20071128
935923 [http-nio-8090-exec-1] DEBUG repository.OntologyPopulator - Data Property adding with subjet : http://medicis.univ-rennes1.fr/ontologies/ontospm/OntoMEDIRAD.owl#imaging_Study_488cb292-35f2-474a-aca0-c12d042ee2cf predicat : http://medicis.univ-rennes1.fr/ontologies/ontospm/OntoMEDIRAD.owl#has_beginning_time object : 090805.875000
935923 [http-nio-8090-exec-1] DEBUG repository.OntologyPopulator - Creating Organ (Individual) from organ name : chest
935923 [http-nio-8090-exec-1] DEBUG repository.OntologyPopulator - Creating Individual named chest_UOC57856 with classs FMA_9576
935923 [http-nio-8090-exec-1] DEBUG repository.OntologyPopulator - Object Property adding with subjet : http://medicis.univ-rennes1.fr/ontologies/ontospm/OntoMEDIRAD.owl#imaging_Study_488cb292-35f2-474a-aca0-c12d042ee2cf predicat : http://medicis.univ-rennes1.fr/ontologies/ontospm/OntoMEDIRAD.owl#has_target_region object : http://medicis.univ-rennes1.fr/ontologies/ontospm/OntoMEDIRAD.owl#chest_UOC57856
935924 [http-nio-8090-exec-1] DEBUG repository.OntologyPopulator - Creating Individual named CT_image_dataset_c46e9409-721d-41a8-ac4d-bd5c795a0117 with classs CT_image_dataset
935924 [http-nio-8090-exec-1] DEBUG repository.OntologyPopulator - Data Property adding with subjet : http://medicis.univ-rennes1.fr/ontologies/ontospm/OntoMEDIRAD.owl#CT_image_dataset_c46e9409-721d-41a8-ac4d-bd5c795a0117 predicat : http://medicis.univ-rennes1.fr/ontologies/ontospm/OntoMEDIRAD.owl#has_IRDBB_WADO_handle object : /pacs/studies/1.3.12.2.1107.5.1.4.50256.30000007112806125459300000013/series/1.3.12.2.1107.5.1.4.50256.30000007112806161356200001248
935924 [http-nio-8090-exec-1] DEBUG repository.OntologyPopulator - Object Property adding with subjet : http://medicis.univ-rennes1.fr/ontologies/ontospm/OntoMEDIRAD.owl#clinical_research_study_subtask2.1.2 predicat : http://medicis.univ-rennes1.fr/ontologies/ontospm/OntoMEDIRAD.owl#has_patient object : http://medicis.univ-rennes1.fr/ontologies/ontospm/OntoMEDIRAD.owl#Patient_8f10002d-96e1-4b82-ac47-dca692abb55e
935924 [http-nio-8090-exec-1] DEBUG repository.OntologyPopulator - Creating Individual named CT_acquisition_90d08079-e82a-4899-8358-6db2ea150aab with classs CT_acquisition
935924 [http-nio-8090-exec-1] DEBUG repository.OntologyPopulator - Object Property adding with subjet : http://medicis.univ-rennes1.fr/ontologies/ontospm/OntoMEDIRAD.owl#Patient_8f10002d-96e1-4b82-ac47-dca692abb55e predicat : http://purl.obolibrary.org/obo/BFO_0000054 object : http://medicis.univ-rennes1.fr/ontologies/ontospm/OntoMEDIRAD.owl#CT_acquisition_90d08079-e82a-4899-8358-6db2ea150aab
935925 [http-nio-8090-exec-1] DEBUG repository.OntologyPopulator - Object Property adding with subjet : http://medicis.univ-rennes1.fr/ontologies/ontospm/OntoMEDIRAD.owl#CT_acquisition_90d08079-e82a-4899-8358-6db2ea150aab predicat : http://medicis.univ-rennes1.fr/ontologies/ontospm/OntoMEDIRAD.owl#has_target_region object : http://medicis.univ-rennes1.fr/ontologies/ontospm/OntoMEDIRAD.owl#chest_UOC57856
935925 [http-nio-8090-exec-1] DEBUG repository.OntologyPopulator - Object Property adding with subjet : http://medicis.univ-rennes1.fr/ontologies/ontospm/OntoMEDIRAD.owl#CT_acquisition_90d08079-e82a-4899-8358-6db2ea150aab predicat : http://medicis.univ-rennes1.fr/ontologies/ontospm/OntoMEDIRAD.owl#part_of_occurent object : http://medicis.univ-rennes1.fr/ontologies/ontospm/OntoMEDIRAD.owl#imaging_Study_488cb292-35f2-474a-aca0-c12d042ee2cf
935925 [http-nio-8090-exec-1] DEBUG repository.OntologyPopulator - Object Property adding with subjet : http://medicis.univ-rennes1.fr/ontologies/ontospm/OntoMEDIRAD.owl#CT_image_dataset_c46e9409-721d-41a8-ac4d-bd5c795a0117 predicat : http://medicis.univ-rennes1.fr/ontologies/ontospm/OntoMEDIRAD.owl#is_specified_output_of object : http://medicis.univ-rennes1.fr/ontologies/ontospm/OntoMEDIRAD.owl#CT_acquisition_90d08079-e82a-4899-8358-6db2ea150aab
935925 [http-nio-8090-exec-1] DEBUG repository.OntologyPopulator - Data Property adding with subjet : http://medicis.univ-rennes1.fr/ontologies/ontospm/OntoMEDIRAD.owl#CT_acquisition_90d08079-e82a-4899-8358-6db2ea150aab predicat : http://medicis.univ-rennes1.fr/ontologies/ontospm/OntoMEDIRAD.owl#has_beginning_date object : 20071128
935925 [http-nio-8090-exec-1] DEBUG repository.OntologyPopulator - Data Property adding with subjet : http://medicis.univ-rennes1.fr/ontologies/ontospm/OntoMEDIRAD.owl#CT_acquisition_90d08079-e82a-4899-8358-6db2ea150aab predicat : http://medicis.univ-rennes1.fr/ontologies/ontospm/OntoMEDIRAD.owl#has_beginning_time object : 091216.015000
935925 [http-nio-8090-exec-1] DEBUG repository.OntologyPopulator - Data Property adding with subjet : http://medicis.univ-rennes1.fr/ontologies/ontospm/OntoMEDIRAD.owl#CT_image_dataset_c46e9409-721d-41a8-ac4d-bd5c795a0117 predicat : http://medicis.univ-rennes1.fr/ontologies/ontospm/OntoMEDIRAD.owl#has_DICOM_series_instance_UID object : 1.3.12.2.1107.5.1.4.50256.30000007112806161356200001248
935926 [http-nio-8090-exec-1] DEBUG repository.OntologyPopulator - Creating Individual named CT_scanner_44485038-6c7f-4a50-9e91-16d3ca042fbc with classs CT_scanner
935926 [http-nio-8090-exec-1] DEBUG repository.OntologyPopulator - Creating Individual named image_acquisition_role_147c3c0d-b419-4871-b8a9-d0d9ea673e3b with classs image_acquisition_role
935926 [http-nio-8090-exec-1] DEBUG repository.OntologyPopulator - Object Property adding with subjet : http://medicis.univ-rennes1.fr/ontologies/ontospm/OntoMEDIRAD.owl#image_acquisition_role_147c3c0d-b419-4871-b8a9-d0d9ea673e3b predicat : http://purl.obolibrary.org/obo/BFO_0000052 object : http://medicis.univ-rennes1.fr/ontologies/ontospm/OntoMEDIRAD.owl#CT_scanner_44485038-6c7f-4a50-9e91-16d3ca042fbc
935926 [http-nio-8090-exec-1] DEBUG repository.OntologyPopulator - Object Property adding with subjet : http://medicis.univ-rennes1.fr/ontologies/ontospm/OntoMEDIRAD.owl#image_acquisition_role_147c3c0d-b419-4871-b8a9-d0d9ea673e3b predicat : http://purl.obolibrary.org/obo/BFO_0000054 object : http://medicis.univ-rennes1.fr/ontologies/ontospm/OntoMEDIRAD.owl#CT_acquisition_90d08079-e82a-4899-8358-6db2ea150aab
935926 [http-nio-8090-exec-1] DEBUG repository.OntologyPopulator - Data Property adding with subjet : http://medicis.univ-rennes1.fr/ontologies/ontospm/OntoMEDIRAD.owl#CT_scanner_44485038-6c7f-4a50-9e91-16d3ca042fbc predicat : http://medicis.univ-rennes1.fr/ontologies/ontospm/OntoMEDIRAD.owl#has_manufacturer_name object : SIEMENS
935926 [http-nio-8090-exec-1] DEBUG repository.OntologyPopulator - Data Property adding with subjet : http://medicis.univ-rennes1.fr/ontologies/ontospm/OntoMEDIRAD.owl#CT_scanner_44485038-6c7f-4a50-9e91-16d3ca042fbc predicat : http://medicis.univ-rennes1.fr/ontologies/ontospm/OntoMEDIRAD.owl#has_model_name object : Sensation 16
935927 [http-nio-8090-exec-1] DEBUG repository.OntologyPopulator - Creating Individual named institution_e43ddd05-a8be-4d8e-93ba-a9d6a790eb5b with classs institution
935927 [http-nio-8090-exec-1] DEBUG repository.OntologyPopulator - Data Property adding with subjet : http://medicis.univ-rennes1.fr/ontologies/ontospm/OntoMEDIRAD.owl#institution_e43ddd05-a8be-4d8e-93ba-a9d6a790eb5b predicat : http://medicis.univ-rennes1.fr/ontologies/ontospm/OntoMEDIRAD.owl#has_name object : 
935927 [http-nio-8090-exec-1] DEBUG repository.OntologyPopulator - Creating Individual named role_of_responsible_organization_1f440c7c-b941-43a3-8784-9adf5914a846 with classs role_of_responsible_organization
935927 [http-nio-8090-exec-1] DEBUG repository.OntologyPopulator - Object Property adding with subjet : http://medicis.univ-rennes1.fr/ontologies/ontospm/OntoMEDIRAD.owl#role_of_responsible_organization_1f440c7c-b941-43a3-8784-9adf5914a846 predicat : http://purl.obolibrary.org/obo/BFO_0000052 object : http://medicis.univ-rennes1.fr/ontologies/ontospm/OntoMEDIRAD.owl#institution_e43ddd05-a8be-4d8e-93ba-a9d6a790eb5b
935927 [http-nio-8090-exec-1] DEBUG repository.OntologyPopulator - Object Property adding with subjet : http://medicis.univ-rennes1.fr/ontologies/ontospm/OntoMEDIRAD.owl#role_of_responsible_organization_1f440c7c-b941-43a3-8784-9adf5914a846 predicat : http://purl.obolibrary.org/obo/BFO_0000054 object : http://medicis.univ-rennes1.fr/ontologies/ontospm/OntoMEDIRAD.owl#CT_acquisition_90d08079-e82a-4899-8358-6db2ea150aab
935927 [http-nio-8090-exec-1] DEBUG repository.OntologyPopulator - Creating Individual named Protocol_d5c13740-1481-40aa-9e1c-b330c5a372b7 with classs CT_acquisition_protocol
935928 [http-nio-8090-exec-1] DEBUG repository.OntologyPopulator - Data Property adding with subjet : http://medicis.univ-rennes1.fr/ontologies/ontospm/OntoMEDIRAD.owl#Protocol_d5c13740-1481-40aa-9e1c-b330c5a372b7 predicat : http://medicis.univ-rennes1.fr/ontologies/ontospm/OntoMEDIRAD.owl#has_name object : ThoraxCombi
935928 [http-nio-8090-exec-1] DEBUG repository.OntologyPopulator - Object Property adding with subjet : http://medicis.univ-rennes1.fr/ontologies/ontospm/OntoMEDIRAD.owl#CT_acquisition_90d08079-e82a-4899-8358-6db2ea150aab predicat : http://medicis.univ-rennes1.fr/ontologies/ontospm/OntoMEDIRAD.owl#has_protocol object : http://medicis.univ-rennes1.fr/ontologies/ontospm/OntoMEDIRAD.owl#Protocol_d5c13740-1481-40aa-9e1c-b330c5a372b7
935928 [http-nio-8090-exec-1] DEBUG repository.OntologyPopulator - Creating Individual named KVP_8508fef4-0110-4ea4-b062-fc451f19d71b with classs 
935928 [http-nio-8090-exec-1] DEBUG repository.OntologyPopulator - Data Property adding with subjet : http://medicis.univ-rennes1.fr/ontologies/ontospm/OntoMEDIRAD.owl#KVP_8508fef4-0110-4ea4-b062-fc451f19d71b predicat : http://purl.obolibrary.org/obo/IAO_0000004 object : 120
935928 [http-nio-8090-exec-1] DEBUG repository.OntologyPopulator - Creating Unit (Individual) from unit name : kV
935928 [http-nio-8090-exec-1] DEBUG repository.OntologyPopulator - Creating Individual (punning)  with classs UO_0000248
935928 [http-nio-8090-exec-1] DEBUG repository.OntologyPopulator - Object Property adding with subjet : http://medicis.univ-rennes1.fr/ontologies/ontospm/OntoMEDIRAD.owl#KVP_8508fef4-0110-4ea4-b062-fc451f19d71b predicat : http://purl.obolibrary.org/obo/IAO_0000039 object : http://purl.obolibrary.org/obo/UO_0000248
935929 [http-nio-8090-exec-1] DEBUG repository.OntologyPopulator - Object Property adding with subjet : http://medicis.univ-rennes1.fr/ontologies/ontospm/OntoMEDIRAD.owl#CT_acquisition_90d08079-e82a-4899-8358-6db2ea150aab predicat : http://medicis.univ-rennes1.fr/ontologies/ontospm/OntoMEDIRAD.owl#has_setting object : http://medicis.univ-rennes1.fr/ontologies/ontospm/OntoMEDIRAD.owl#KVP_8508fef4-0110-4ea4-b062-fc451f19d71b
935929 [http-nio-8090-exec-1] DEBUG repository.OntologyPopulator - Object Property adding with subjet : http://medicis.univ-rennes1.fr/ontologies/ontospm/OntoMEDIRAD.owl#KVP_8508fef4-0110-4ea4-b062-fc451f19d71b predicat : http://medicis.univ-rennes1.fr/ontologies/ontospm/OntoMEDIRAD.owl#is_device_setting object : http://medicis.univ-rennes1.fr/ontologies/ontospm/OntoMEDIRAD.owl#CT_scanner_44485038-6c7f-4a50-9e91-16d3ca042fbc
935929 [http-nio-8090-exec-1] DEBUG repository.OntologyPopulator - Creating Individual named Exposure_Time_9a0e815f-27fb-40f2-8e82-6c63547eca2b with classs 
935929 [http-nio-8090-exec-1] DEBUG repository.OntologyPopulator - Data Property adding with subjet : http://medicis.univ-rennes1.fr/ontologies/ontospm/OntoMEDIRAD.owl#Exposure_Time_9a0e815f-27fb-40f2-8e82-6c63547eca2b predicat : http://purl.obolibrary.org/obo/IAO_0000004 object : 500
935929 [http-nio-8090-exec-1] DEBUG repository.OntologyPopulator - Creating Unit (Individual) from unit name : ms
935929 [http-nio-8090-exec-1] DEBUG repository.OntologyPopulator - Creating Individual (punning)  with classs UO_0000028
935930 [http-nio-8090-exec-1] DEBUG repository.OntologyPopulator - Object Property adding with subjet : http://medicis.univ-rennes1.fr/ontologies/ontospm/OntoMEDIRAD.owl#Exposure_Time_9a0e815f-27fb-40f2-8e82-6c63547eca2b predicat : http://purl.obolibrary.org/obo/IAO_0000039 object : http://purl.obolibrary.org/obo/UO_0000028
935930 [http-nio-8090-exec-1] DEBUG repository.OntologyPopulator - Object Property adding with subjet : http://medicis.univ-rennes1.fr/ontologies/ontospm/OntoMEDIRAD.owl#CT_acquisition_90d08079-e82a-4899-8358-6db2ea150aab predicat : http://medicis.univ-rennes1.fr/ontologies/ontospm/OntoMEDIRAD.owl#has_setting object : http://medicis.univ-rennes1.fr/ontologies/ontospm/OntoMEDIRAD.owl#Exposure_Time_9a0e815f-27fb-40f2-8e82-6c63547eca2b
935930 [http-nio-8090-exec-1] DEBUG repository.OntologyPopulator - Object Property adding with subjet : http://medicis.univ-rennes1.fr/ontologies/ontospm/OntoMEDIRAD.owl#Exposure_Time_9a0e815f-27fb-40f2-8e82-6c63547eca2b predicat : http://medicis.univ-rennes1.fr/ontologies/ontospm/OntoMEDIRAD.owl#is_device_setting object : http://medicis.univ-rennes1.fr/ontologies/ontospm/OntoMEDIRAD.owl#CT_scanner_44485038-6c7f-4a50-9e91-16d3ca042fbc
935930 [http-nio-8090-exec-1] DEBUG repository.OntologyPopulator - Creating Individual named X-Ray_Tube_Current_5af232c8-deab-4206-8653-4010b767194f with classs 
935930 [http-nio-8090-exec-1] DEBUG repository.OntologyPopulator - Data Property adding with subjet : http://medicis.univ-rennes1.fr/ontologies/ontospm/OntoMEDIRAD.owl#X-Ray_Tube_Current_5af232c8-deab-4206-8653-4010b767194f predicat : http://purl.obolibrary.org/obo/IAO_0000004 object : 117
935930 [http-nio-8090-exec-1] DEBUG repository.OntologyPopulator - Creating Unit (Individual) from unit name : mA
935930 [http-nio-8090-exec-1] DEBUG repository.OntologyPopulator - Creating Individual (punning)  with classs UO_0000037
935930 [http-nio-8090-exec-1] DEBUG repository.OntologyPopulator - Object Property adding with subjet : http://medicis.univ-rennes1.fr/ontologies/ontospm/OntoMEDIRAD.owl#X-Ray_Tube_Current_5af232c8-deab-4206-8653-4010b767194f predicat : http://purl.obolibrary.org/obo/IAO_0000039 object : http://purl.obolibrary.org/obo/UO_0000037
935930 [http-nio-8090-exec-1] DEBUG repository.OntologyPopulator - Object Property adding with subjet : http://medicis.univ-rennes1.fr/ontologies/ontospm/OntoMEDIRAD.owl#CT_acquisition_90d08079-e82a-4899-8358-6db2ea150aab predicat : http://medicis.univ-rennes1.fr/ontologies/ontospm/OntoMEDIRAD.owl#has_setting object : http://medicis.univ-rennes1.fr/ontologies/ontospm/OntoMEDIRAD.owl#X-Ray_Tube_Current_5af232c8-deab-4206-8653-4010b767194f
935930 [http-nio-8090-exec-1] DEBUG repository.OntologyPopulator - Object Property adding with subjet : http://medicis.univ-rennes1.fr/ontologies/ontospm/OntoMEDIRAD.owl#X-Ray_Tube_Current_5af232c8-deab-4206-8653-4010b767194f predicat : http://medicis.univ-rennes1.fr/ontologies/ontospm/OntoMEDIRAD.owl#is_device_setting object : http://medicis.univ-rennes1.fr/ontologies/ontospm/OntoMEDIRAD.owl#CT_scanner_44485038-6c7f-4a50-9e91-16d3ca042fbc
935930 [http-nio-8090-exec-1] INFO  repository.ImportController - Writing RDF file in RdfBackup/CT_study1.3.12.2.1107.5.1.4.50256.30000007112806125459300000013_series_1.3.12.2.1107.5.1.4.50256.30000007112806161356200001248.rdf
935964 [http-nio-8090-exec-1] INFO  repository.ImportController - Writing RDF file Sucessfull
935964 [http-nio-8090-exec-1] INFO  repository.ImportController - Transfer to stardog...
935964 [http-nio-8090-exec-1] DEBUG c.c.stardog.api.Connection - Begin transaction
935971 [http-nio-8090-exec-1] DEBUG c.c.stardog.api.Connection - Pushing outstanding changes to index: 1 statement sources, 0 additions, 0 removals
936044 [http-nio-8090-exec-1] DEBUG c.c.stardog.api.Connection - Index sync complete
936046 [http-nio-8090-exec-1] INFO  repository.ImportController - Transfer to stardog : Complete
